{"D:\\Work\\pnp-frontend\\source\\src\\AppContext.tsx": {"path":"D:\\Work\\pnp-frontend\\source\\src\\AppContext.tsx","statementMap":{"0":{"start":{"line":1,"column":0},"end":{"line":1,"column":60}},"1":{"start":{"line":2,"column":0},"end":{"line":2,"column":101}},"2":{"start":{"line":3,"column":0},"end":{"line":3,"column":47}},"3":{"start":{"line":4,"column":0},"end":{"line":4,"column":47}},"4":{"start":{"line":6,"column":0},"end":{"line":6,"column":91}},"5":{"start":{"line":8,"column":0},"end":{"line":8,"column":68}},"6":{"start":{"line":9,"column":0},"end":{"line":9,"column":72}},"7":{"start":{"line":12,"column":0},"end":{"line":12,"column":57}},"8":{"start":{"line":13,"column":0},"end":{"line":13,"column":59}},"9":{"start":{"line":14,"column":0},"end":{"line":14,"column":53}},"10":{"start":{"line":43,"column":13},"end":{"line":43,"column":69}},"11":{"start":{"line":45,"column":12},"end":{"line":45,"column":17}},"12":{"start":{"line":46,"column":12},"end":{"line":46,"column":17}},"13":{"start":{"line":47,"column":13},"end":{"line":47,"column":19}},"14":{"start":{"line":48,"column":12},"end":{"line":48,"column":17}},"15":{"start":{"line":51,"column":27},"end":{"line":323,"column":1}},"16":{"start":{"line":52,"column":48},"end":{"line":52,"column":60}},"17":{"start":{"line":53,"column":23},"end":{"line":53,"column":46}},"18":{"start":{"line":54,"column":17},"end":{"line":54,"column":50}},"19":{"start":{"line":56,"column":36},"end":{"line":56,"column":48}},"20":{"start":{"line":58,"column":45},"end":{"line":58,"column":98}},"21":{"start":{"line":60,"column":19},"end":{"line":64,"column":5}},"22":{"start":{"line":61,"column":8},"end":{"line":63,"column":9}},"23":{"start":{"line":62,"column":12},"end":{"line":62,"column":28}},"24":{"start":{"line":66,"column":21},"end":{"line":66,"column":32}},"25":{"start":{"line":68,"column":21},"end":{"line":68,"column":59}},"26":{"start":{"line":69,"column":23},"end":{"line":69,"column":59}},"27":{"start":{"line":71,"column":18},"end":{"line":71,"column":34}},"28":{"start":{"line":73,"column":42},"end":{"line":73,"column":54}},"29":{"start":{"line":74,"column":52},"end":{"line":74,"column":67}},"30":{"start":{"line":75,"column":21},"end":{"line":75,"column":34}},"31":{"start":{"line":77,"column":28},"end":{"line":77,"column":48}},"32":{"start":{"line":79,"column":36},"end":{"line":79,"column":48}},"33":{"start":{"line":81,"column":4},"end":{"line":86,"column":15}},"34":{"start":{"line":82,"column":8},"end":{"line":84,"column":11}},"35":{"start":{"line":83,"column":12},"end":{"line":83,"column":38}},"36":{"start":{"line":85,"column":8},"end":{"line":85,"column":47}},"37":{"start":{"line":88,"column":43},"end":{"line":88,"column":111}},"38":{"start":{"line":90,"column":68},"end":{"line":91,"column":null}},"39":{"start":{"line":94,"column":4},"end":{"line":113,"column":29}},"40":{"start":{"line":95,"column":8},"end":{"line":95,"column":81}},"41":{"start":{"line":95,"column":74},"end":{"line":95,"column":81}},"42":{"start":{"line":97,"column":8},"end":{"line":101,"column":9}},"43":{"start":{"line":98,"column":12},"end":{"line":98,"column":64}},"44":{"start":{"line":99,"column":12},"end":{"line":99,"column":46}},"45":{"start":{"line":100,"column":12},"end":{"line":100,"column":19}},"46":{"start":{"line":103,"column":8},"end":{"line":112,"column":9}},"47":{"start":{"line":104,"column":31},"end":{"line":107,"column":14}},"48":{"start":{"line":108,"column":12},"end":{"line":108,"column":89}},"49":{"start":{"line":109,"column":12},"end":{"line":109,"column":52}},"50":{"start":{"line":111,"column":12},"end":{"line":111,"column":72}},"51":{"start":{"line":115,"column":4},"end":{"line":119,"column":35}},"52":{"start":{"line":116,"column":8},"end":{"line":118,"column":9}},"53":{"start":{"line":117,"column":12},"end":{"line":117,"column":103}},"54":{"start":{"line":121,"column":4},"end":{"line":128,"column":11}},"55":{"start":{"line":122,"column":17},"end":{"line":125,"column":12}},"56":{"start":{"line":126,"column":8},"end":{"line":126,"column":27}},"57":{"start":{"line":127,"column":8},"end":{"line":127,"column":34}},"58":{"start":{"line":130,"column":4},"end":{"line":159,"column":11}},"59":{"start":{"line":131,"column":25},"end":{"line":131,"column":63}},"60":{"start":{"line":133,"column":27},"end":{"line":133,"column":49}},"61":{"start":{"line":134,"column":26},"end":{"line":134,"column":91}},"62":{"start":{"line":136,"column":8},"end":{"line":157,"column":9}},"63":{"start":{"line":137,"column":12},"end":{"line":147,"column":15}},"64":{"start":{"line":149,"column":12},"end":{"line":156,"column":13}},"65":{"start":{"line":153,"column":16},"end":{"line":155,"column":18}},"66":{"start":{"line":161,"column":30},"end":{"line":166,"column":5}},"67":{"start":{"line":162,"column":8},"end":{"line":164,"column":9}},"68":{"start":{"line":163,"column":12},"end":{"line":163,"column":55}},"69":{"start":{"line":165,"column":8},"end":{"line":165,"column":20}},"70":{"start":{"line":168,"column":28},"end":{"line":203,"column":16}},"71":{"start":{"line":169,"column":8},"end":{"line":201,"column":9}},"72":{"start":{"line":171,"column":16},"end":{"line":171,"column":43}},"73":{"start":{"line":175,"column":16},"end":{"line":175,"column":47}},"74":{"start":{"line":179,"column":16},"end":{"line":179,"column":49}},"75":{"start":{"line":181,"column":16},"end":{"line":181,"column":51}},"76":{"start":{"line":183,"column":16},"end":{"line":185,"column":17}},"77":{"start":{"line":184,"column":20},"end":{"line":184,"column":51}},"78":{"start":{"line":186,"column":16},"end":{"line":188,"column":17}},"79":{"start":{"line":187,"column":20},"end":{"line":187,"column":53}},"80":{"start":{"line":189,"column":16},"end":{"line":189,"column":42}},"81":{"start":{"line":191,"column":16},"end":{"line":191,"column":49}},"82":{"start":{"line":193,"column":16},"end":{"line":193,"column":46}},"83":{"start":{"line":195,"column":16},"end":{"line":195,"column":48}},"84":{"start":{"line":198,"column":16},"end":{"line":198,"column":45}},"85":{"start":{"line":200,"column":16},"end":{"line":200,"column":26}},"86":{"start":{"line":205,"column":19},"end":{"line":205,"column":41}},"87":{"start":{"line":206,"column":19},"end":{"line":206,"column":38}},"88":{"start":{"line":208,"column":4},"end":{"line":210,"column":45}},"89":{"start":{"line":209,"column":8},"end":{"line":209,"column":72}},"90":{"start":{"line":212,"column":4},"end":{"line":282,"column":53}},"91":{"start":{"line":213,"column":8},"end":{"line":213,"column":24}},"92":{"start":{"line":215,"column":8},"end":{"line":215,"column":45}},"93":{"start":{"line":216,"column":31},"end":{"line":216,"column":48}},"94":{"start":{"line":218,"column":8},"end":{"line":242,"column":9}},"95":{"start":{"line":240,"column":12},"end":{"line":240,"column":29}},"96":{"start":{"line":241,"column":12},"end":{"line":241,"column":41}},"97":{"start":{"line":245,"column":8},"end":{"line":270,"column":9}},"98":{"start":{"line":268,"column":12},"end":{"line":268,"column":29}},"99":{"start":{"line":269,"column":12},"end":{"line":269,"column":41}},"100":{"start":{"line":273,"column":8},"end":{"line":276,"column":9}},"101":{"start":{"line":274,"column":12},"end":{"line":274,"column":29}},"102":{"start":{"line":275,"column":12},"end":{"line":275,"column":41}},"103":{"start":{"line":278,"column":8},"end":{"line":281,"column":9}},"104":{"start":{"line":279,"column":12},"end":{"line":279,"column":30}},"105":{"start":{"line":280,"column":12},"end":{"line":280,"column":42}},"106":{"start":{"line":284,"column":4},"end":{"line":322,"column":6}},"107":{"start":{"line":51,"column":13},"end":{"line":51,"column":27}},"108":{"start":{"line":325,"column":29},"end":{"line":331,"column":1}},"109":{"start":{"line":326,"column":16},"end":{"line":326,"column":38}},"110":{"start":{"line":327,"column":4},"end":{"line":329,"column":5}},"111":{"start":{"line":328,"column":8},"end":{"line":328,"column":73}},"112":{"start":{"line":330,"column":4},"end":{"line":330,"column":15}},"113":{"start":{"line":325,"column":13},"end":{"line":325,"column":29}}},"fnMap":{"0":{"name":"(anonymous_10)","decl":{"start":{"line":51,"column":27},"end":{"line":51,"column":28}},"loc":{"start":{"line":51,"column":75},"end":{"line":323,"column":1}}},"1":{"name":"(anonymous_11)","decl":{"start":{"line":58,"column":90},"end":{"line":58,"column":93}},"loc":{"start":{"line":58,"column":95},"end":{"line":58,"column":98}}},"2":{"name":"(anonymous_12)","decl":{"start":{"line":60,"column":19},"end":{"line":60,"column":20}},"loc":{"start":{"line":60,"column":54},"end":{"line":64,"column":5}}},"3":{"name":"(anonymous_13)","decl":{"start":{"line":81,"column":14},"end":{"line":81,"column":17}},"loc":{"start":{"line":81,"column":19},"end":{"line":86,"column":5}}},"4":{"name":"(anonymous_14)","decl":{"start":{"line":82,"column":24},"end":{"line":82,"column":27}},"loc":{"start":{"line":82,"column":29},"end":{"line":84,"column":9}}},"5":{"name":"(anonymous_15)","decl":{"start":{"line":94,"column":14},"end":{"line":94,"column":17}},"loc":{"start":{"line":94,"column":19},"end":{"line":113,"column":5}}},"6":{"name":"(anonymous_16)","decl":{"start":{"line":115,"column":14},"end":{"line":115,"column":17}},"loc":{"start":{"line":115,"column":19},"end":{"line":119,"column":5}}},"7":{"name":"(anonymous_17)","decl":{"start":{"line":121,"column":14},"end":{"line":121,"column":17}},"loc":{"start":{"line":121,"column":19},"end":{"line":128,"column":5}}},"8":{"name":"(anonymous_18)","decl":{"start":{"line":130,"column":14},"end":{"line":130,"column":17}},"loc":{"start":{"line":130,"column":19},"end":{"line":159,"column":5}}},"9":{"name":"(anonymous_19)","decl":{"start":{"line":161,"column":30},"end":{"line":161,"column":31}},"loc":{"start":{"line":161,"column":47},"end":{"line":166,"column":5}}},"10":{"name":"(anonymous_20)","decl":{"start":{"line":168,"column":40},"end":{"line":168,"column":43}},"loc":{"start":{"line":168,"column":45},"end":{"line":203,"column":5}}},"11":{"name":"(anonymous_21)","decl":{"start":{"line":208,"column":14},"end":{"line":208,"column":17}},"loc":{"start":{"line":208,"column":19},"end":{"line":210,"column":5}}},"12":{"name":"(anonymous_22)","decl":{"start":{"line":212,"column":14},"end":{"line":212,"column":17}},"loc":{"start":{"line":212,"column":19},"end":{"line":282,"column":5}}},"13":{"name":"(anonymous_23)","decl":{"start":{"line":325,"column":29},"end":{"line":325,"column":48}},"loc":{"start":{"line":325,"column":50},"end":{"line":331,"column":1}}}},"branchMap":{"0":{"loc":{"start":{"line":53,"column":31},"end":{"line":53,"column":45}},"type":"cond-expr","locations":[{"start":{"line":53,"column":37},"end":{"line":53,"column":39}},{"start":{"line":53,"column":31},"end":{"line":53,"column":45}}]},"1":{"loc":{"start":{"line":53,"column":31},"end":{"line":53,"column":39}},"type":"binary-expr","locations":[{"start":{"line":53,"column":31},"end":{"line":53,"column":39}},{"start":{"line":53,"column":31},"end":{"line":53,"column":39}}]},"2":{"loc":{"start":{"line":54,"column":17},"end":{"line":54,"column":50}},"type":"cond-expr","locations":[{"start":{"line":54,"column":30},"end":{"line":54,"column":38}},{"start":{"line":54,"column":41},"end":{"line":54,"column":50}}]},"3":{"loc":{"start":{"line":58,"column":45},"end":{"line":58,"column":98}},"type":"cond-expr","locations":[{"start":{"line":58,"column":85},"end":{"line":58,"column":87}},{"start":{"line":58,"column":90},"end":{"line":58,"column":98}}]},"4":{"loc":{"start":{"line":61,"column":8},"end":{"line":63,"column":9}},"type":"if","locations":[{"start":{"line":61,"column":8},"end":{"line":63,"column":9}},{"start":{},"end":{}}]},"5":{"loc":{"start":{"line":61,"column":12},"end":{"line":61,"column":64}},"type":"binary-expr","locations":[{"start":{"line":61,"column":12},"end":{"line":61,"column":40}},{"start":{"line":61,"column":44},"end":{"line":61,"column":62}}]},"6":{"loc":{"start":{"line":61,"column":44},"end":{"line":61,"column":62}},"type":"cond-expr","locations":[{"start":{"line":61,"column":58},"end":{"line":61,"column":60}},{"start":{"line":61,"column":58},"end":{"line":61,"column":62}}]},"7":{"loc":{"start":{"line":61,"column":44},"end":{"line":61,"column":60}},"type":"binary-expr","locations":[{"start":{"line":61,"column":44},"end":{"line":61,"column":60}},{"start":{"line":61,"column":58},"end":{"line":61,"column":60}}]},"8":{"loc":{"start":{"line":61,"column":44},"end":{"line":61,"column":58}},"type":"cond-expr","locations":[{"start":{"line":61,"column":50},"end":{"line":61,"column":53}},{"start":{"line":61,"column":44},"end":{"line":61,"column":58}}]},"9":{"loc":{"start":{"line":61,"column":44},"end":{"line":61,"column":53}},"type":"binary-expr","locations":[{"start":{"line":61,"column":44},"end":{"line":61,"column":53}},{"start":{"line":61,"column":44},"end":{"line":61,"column":53}}]},"10":{"loc":{"start":{"line":95,"column":8},"end":{"line":95,"column":81}},"type":"if","locations":[{"start":{"line":95,"column":8},"end":{"line":95,"column":81}},{"start":{},"end":{}}]},"11":{"loc":{"start":{"line":95,"column":12},"end":{"line":95,"column":74}},"type":"binary-expr","locations":[{"start":{"line":95,"column":12},"end":{"line":95,"column":53}},{"start":{"line":95,"column":53},"end":{"line":95,"column":74}}]},"12":{"loc":{"start":{"line":95,"column":13},"end":{"line":95,"column":49}},"type":"cond-expr","locations":[{"start":{"line":95,"column":43},"end":{"line":95,"column":45}},{"start":{"line":95,"column":13},"end":{"line":95,"column":49}}]},"13":{"loc":{"start":{"line":95,"column":13},"end":{"line":95,"column":45}},"type":"binary-expr","locations":[{"start":{"line":95,"column":13},"end":{"line":95,"column":45}},{"start":{"line":95,"column":13},"end":{"line":95,"column":45}}]},"14":{"loc":{"start":{"line":95,"column":54},"end":{"line":95,"column":72}},"type":"cond-expr","locations":[{"start":{"line":95,"column":68},"end":{"line":95,"column":70}},{"start":{"line":95,"column":68},"end":{"line":95,"column":72}}]},"15":{"loc":{"start":{"line":95,"column":54},"end":{"line":95,"column":70}},"type":"binary-expr","locations":[{"start":{"line":95,"column":54},"end":{"line":95,"column":70}},{"start":{"line":95,"column":68},"end":{"line":95,"column":70}}]},"16":{"loc":{"start":{"line":95,"column":54},"end":{"line":95,"column":68}},"type":"cond-expr","locations":[{"start":{"line":95,"column":60},"end":{"line":95,"column":63}},{"start":{"line":95,"column":54},"end":{"line":95,"column":68}}]},"17":{"loc":{"start":{"line":95,"column":54},"end":{"line":95,"column":63}},"type":"binary-expr","locations":[{"start":{"line":95,"column":54},"end":{"line":95,"column":63}},{"start":{"line":95,"column":54},"end":{"line":95,"column":63}}]},"18":{"loc":{"start":{"line":97,"column":8},"end":{"line":101,"column":9}},"type":"if","locations":[{"start":{"line":97,"column":8},"end":{"line":101,"column":9}},{"start":{},"end":{}}]},"19":{"loc":{"start":{"line":97,"column":58},"end":{"line":97,"column":76}},"type":"cond-expr","locations":[{"start":{"line":97,"column":72},"end":{"line":97,"column":74}},{"start":{"line":97,"column":72},"end":{"line":97,"column":76}}]},"20":{"loc":{"start":{"line":97,"column":58},"end":{"line":97,"column":74}},"type":"binary-expr","locations":[{"start":{"line":97,"column":58},"end":{"line":97,"column":74}},{"start":{"line":97,"column":72},"end":{"line":97,"column":74}}]},"21":{"loc":{"start":{"line":97,"column":58},"end":{"line":97,"column":72}},"type":"cond-expr","locations":[{"start":{"line":97,"column":64},"end":{"line":97,"column":67}},{"start":{"line":97,"column":58},"end":{"line":97,"column":72}}]},"22":{"loc":{"start":{"line":97,"column":58},"end":{"line":97,"column":67}},"type":"binary-expr","locations":[{"start":{"line":97,"column":58},"end":{"line":97,"column":67}},{"start":{"line":97,"column":58},"end":{"line":97,"column":67}}]},"23":{"loc":{"start":{"line":103,"column":8},"end":{"line":112,"column":9}},"type":"if","locations":[{"start":{"line":103,"column":8},"end":{"line":112,"column":9}},{"start":{"line":110,"column":15},"end":{"line":112,"column":9}}]},"24":{"loc":{"start":{"line":103,"column":12},"end":{"line":103,"column":42}},"type":"cond-expr","locations":[{"start":{"line":103,"column":36},"end":{"line":103,"column":38}},{"start":{"line":103,"column":12},"end":{"line":103,"column":42}}]},"25":{"loc":{"start":{"line":103,"column":12},"end":{"line":103,"column":38}},"type":"binary-expr","locations":[{"start":{"line":103,"column":12},"end":{"line":103,"column":38}},{"start":{"line":103,"column":12},"end":{"line":103,"column":38}}]},"26":{"loc":{"start":{"line":105,"column":28},"end":{"line":105,"column":46}},"type":"cond-expr","locations":[{"start":{"line":105,"column":42},"end":{"line":105,"column":44}},{"start":{"line":105,"column":42},"end":{"line":105,"column":46}}]},"27":{"loc":{"start":{"line":105,"column":28},"end":{"line":105,"column":44}},"type":"binary-expr","locations":[{"start":{"line":105,"column":28},"end":{"line":105,"column":44}},{"start":{"line":105,"column":42},"end":{"line":105,"column":44}}]},"28":{"loc":{"start":{"line":105,"column":28},"end":{"line":105,"column":42}},"type":"cond-expr","locations":[{"start":{"line":105,"column":34},"end":{"line":105,"column":37}},{"start":{"line":105,"column":28},"end":{"line":105,"column":42}}]},"29":{"loc":{"start":{"line":105,"column":28},"end":{"line":105,"column":37}},"type":"binary-expr","locations":[{"start":{"line":105,"column":28},"end":{"line":105,"column":37}},{"start":{"line":105,"column":28},"end":{"line":105,"column":37}}]},"30":{"loc":{"start":{"line":106,"column":22},"end":{"line":106,"column":52}},"type":"cond-expr","locations":[{"start":{"line":106,"column":46},"end":{"line":106,"column":48}},{"start":{"line":106,"column":22},"end":{"line":106,"column":52}}]},"31":{"loc":{"start":{"line":106,"column":22},"end":{"line":106,"column":48}},"type":"binary-expr","locations":[{"start":{"line":106,"column":22},"end":{"line":106,"column":48}},{"start":{"line":106,"column":22},"end":{"line":106,"column":48}}]},"32":{"loc":{"start":{"line":113,"column":8},"end":{"line":113,"column":26}},"type":"cond-expr","locations":[{"start":{"line":113,"column":22},"end":{"line":113,"column":24}},{"start":{"line":113,"column":22},"end":{"line":113,"column":26}}]},"33":{"loc":{"start":{"line":113,"column":8},"end":{"line":113,"column":24}},"type":"binary-expr","locations":[{"start":{"line":113,"column":8},"end":{"line":113,"column":24}},{"start":{"line":113,"column":22},"end":{"line":113,"column":24}}]},"34":{"loc":{"start":{"line":113,"column":8},"end":{"line":113,"column":22}},"type":"cond-expr","locations":[{"start":{"line":113,"column":14},"end":{"line":113,"column":17}},{"start":{"line":113,"column":8},"end":{"line":113,"column":22}}]},"35":{"loc":{"start":{"line":113,"column":8},"end":{"line":113,"column":17}},"type":"binary-expr","locations":[{"start":{"line":113,"column":8},"end":{"line":113,"column":17}},{"start":{"line":113,"column":8},"end":{"line":113,"column":17}}]},"36":{"loc":{"start":{"line":116,"column":8},"end":{"line":118,"column":9}},"type":"if","locations":[{"start":{"line":116,"column":8},"end":{"line":118,"column":9}},{"start":{},"end":{}}]},"37":{"loc":{"start":{"line":116,"column":12},"end":{"line":116,"column":42}},"type":"cond-expr","locations":[{"start":{"line":116,"column":36},"end":{"line":116,"column":38}},{"start":{"line":116,"column":12},"end":{"line":116,"column":42}}]},"38":{"loc":{"start":{"line":116,"column":12},"end":{"line":116,"column":38}},"type":"binary-expr","locations":[{"start":{"line":116,"column":12},"end":{"line":116,"column":38}},{"start":{"line":116,"column":12},"end":{"line":116,"column":38}}]},"39":{"loc":{"start":{"line":136,"column":8},"end":{"line":157,"column":9}},"type":"if","locations":[{"start":{"line":136,"column":8},"end":{"line":157,"column":9}},{"start":{"line":148,"column":15},"end":{"line":157,"column":9}}]},"40":{"loc":{"start":{"line":149,"column":12},"end":{"line":156,"column":13}},"type":"if","locations":[{"start":{"line":149,"column":12},"end":{"line":156,"column":13}},{"start":{},"end":{}}]},"41":{"loc":{"start":{"line":150,"column":16},"end":{"line":151,"column":67}},"type":"binary-expr","locations":[{"start":{"line":150,"column":16},"end":{"line":150,"column":68}},{"start":{"line":151,"column":16},"end":{"line":151,"column":67}}]},"42":{"loc":{"start":{"line":154,"column":24},"end":{"line":154,"column":103}},"type":"cond-expr","locations":[{"start":{"line":154,"column":37},"end":{"line":154,"column":68}},{"start":{"line":154,"column":71},"end":{"line":154,"column":103}}]},"43":{"loc":{"start":{"line":162,"column":8},"end":{"line":164,"column":9}},"type":"if","locations":[{"start":{"line":162,"column":8},"end":{"line":164,"column":9}},{"start":{},"end":{}}]},"44":{"loc":{"start":{"line":169,"column":8},"end":{"line":201,"column":9}},"type":"switch","locations":[{"start":{"line":170,"column":12},"end":{"line":171,"column":43}},{"start":{"line":172,"column":12},"end":{"line":172,"column":51}},{"start":{"line":173,"column":12},"end":{"line":175,"column":47}},{"start":{"line":177,"column":12},"end":{"line":177,"column":41}},{"start":{"line":178,"column":12},"end":{"line":179,"column":49}},{"start":{"line":180,"column":12},"end":{"line":181,"column":51}},{"start":{"line":182,"column":12},"end":{"line":189,"column":42}},{"start":{"line":190,"column":12},"end":{"line":191,"column":49}},{"start":{"line":192,"column":12},"end":{"line":193,"column":46}},{"start":{"line":194,"column":12},"end":{"line":195,"column":48}},{"start":{"line":196,"column":12},"end":{"line":196,"column":29}},{"start":{"line":197,"column":12},"end":{"line":198,"column":45}},{"start":{"line":199,"column":12},"end":{"line":200,"column":26}}]},"45":{"loc":{"start":{"line":183,"column":16},"end":{"line":185,"column":17}},"type":"if","locations":[{"start":{"line":183,"column":16},"end":{"line":185,"column":17}},{"start":{},"end":{}}]},"46":{"loc":{"start":{"line":183,"column":20},"end":{"line":183,"column":48}},"type":"cond-expr","locations":[{"start":{"line":183,"column":42},"end":{"line":183,"column":44}},{"start":{"line":183,"column":42},"end":{"line":183,"column":48}}]},"47":{"loc":{"start":{"line":183,"column":20},"end":{"line":183,"column":44}},"type":"binary-expr","locations":[{"start":{"line":183,"column":20},"end":{"line":183,"column":44}},{"start":{"line":183,"column":42},"end":{"line":183,"column":44}}]},"48":{"loc":{"start":{"line":183,"column":20},"end":{"line":183,"column":42}},"type":"cond-expr","locations":[{"start":{"line":183,"column":34},"end":{"line":183,"column":36}},{"start":{"line":183,"column":34},"end":{"line":183,"column":42}}]},"49":{"loc":{"start":{"line":183,"column":20},"end":{"line":183,"column":36}},"type":"binary-expr","locations":[{"start":{"line":183,"column":20},"end":{"line":183,"column":36}},{"start":{"line":183,"column":34},"end":{"line":183,"column":36}}]},"50":{"loc":{"start":{"line":183,"column":20},"end":{"line":183,"column":34}},"type":"cond-expr","locations":[{"start":{"line":183,"column":26},"end":{"line":183,"column":29}},{"start":{"line":183,"column":20},"end":{"line":183,"column":34}}]},"51":{"loc":{"start":{"line":183,"column":20},"end":{"line":183,"column":29}},"type":"binary-expr","locations":[{"start":{"line":183,"column":20},"end":{"line":183,"column":29}},{"start":{"line":183,"column":20},"end":{"line":183,"column":29}}]},"52":{"loc":{"start":{"line":186,"column":16},"end":{"line":188,"column":17}},"type":"if","locations":[{"start":{"line":186,"column":16},"end":{"line":188,"column":17}},{"start":{},"end":{}}]},"53":{"loc":{"start":{"line":186,"column":20},"end":{"line":186,"column":115}},"type":"binary-expr","locations":[{"start":{"line":186,"column":20},"end":{"line":186,"column":58}},{"start":{"line":186,"column":62},"end":{"line":186,"column":115}}]},"54":{"loc":{"start":{"line":186,"column":20},"end":{"line":186,"column":48}},"type":"cond-expr","locations":[{"start":{"line":186,"column":42},"end":{"line":186,"column":44}},{"start":{"line":186,"column":42},"end":{"line":186,"column":48}}]},"55":{"loc":{"start":{"line":186,"column":20},"end":{"line":186,"column":44}},"type":"binary-expr","locations":[{"start":{"line":186,"column":20},"end":{"line":186,"column":44}},{"start":{"line":186,"column":42},"end":{"line":186,"column":44}}]},"56":{"loc":{"start":{"line":186,"column":20},"end":{"line":186,"column":42}},"type":"cond-expr","locations":[{"start":{"line":186,"column":34},"end":{"line":186,"column":36}},{"start":{"line":186,"column":34},"end":{"line":186,"column":42}}]},"57":{"loc":{"start":{"line":186,"column":20},"end":{"line":186,"column":36}},"type":"binary-expr","locations":[{"start":{"line":186,"column":20},"end":{"line":186,"column":36}},{"start":{"line":186,"column":34},"end":{"line":186,"column":36}}]},"58":{"loc":{"start":{"line":186,"column":20},"end":{"line":186,"column":34}},"type":"cond-expr","locations":[{"start":{"line":186,"column":26},"end":{"line":186,"column":29}},{"start":{"line":186,"column":20},"end":{"line":186,"column":34}}]},"59":{"loc":{"start":{"line":186,"column":20},"end":{"line":186,"column":29}},"type":"binary-expr","locations":[{"start":{"line":186,"column":20},"end":{"line":186,"column":29}},{"start":{"line":186,"column":20},"end":{"line":186,"column":29}}]},"60":{"loc":{"start":{"line":186,"column":62},"end":{"line":186,"column":90}},"type":"cond-expr","locations":[{"start":{"line":186,"column":84},"end":{"line":186,"column":86}},{"start":{"line":186,"column":84},"end":{"line":186,"column":90}}]},"61":{"loc":{"start":{"line":186,"column":62},"end":{"line":186,"column":86}},"type":"binary-expr","locations":[{"start":{"line":186,"column":62},"end":{"line":186,"column":86}},{"start":{"line":186,"column":84},"end":{"line":186,"column":86}}]},"62":{"loc":{"start":{"line":186,"column":62},"end":{"line":186,"column":84}},"type":"cond-expr","locations":[{"start":{"line":186,"column":76},"end":{"line":186,"column":78}},{"start":{"line":186,"column":76},"end":{"line":186,"column":84}}]},"63":{"loc":{"start":{"line":186,"column":62},"end":{"line":186,"column":78}},"type":"binary-expr","locations":[{"start":{"line":186,"column":62},"end":{"line":186,"column":78}},{"start":{"line":186,"column":76},"end":{"line":186,"column":78}}]},"64":{"loc":{"start":{"line":186,"column":62},"end":{"line":186,"column":76}},"type":"cond-expr","locations":[{"start":{"line":186,"column":68},"end":{"line":186,"column":71}},{"start":{"line":186,"column":62},"end":{"line":186,"column":76}}]},"65":{"loc":{"start":{"line":186,"column":62},"end":{"line":186,"column":71}},"type":"binary-expr","locations":[{"start":{"line":186,"column":62},"end":{"line":186,"column":71}},{"start":{"line":186,"column":62},"end":{"line":186,"column":71}}]},"66":{"loc":{"start":{"line":205,"column":19},"end":{"line":205,"column":41}},"type":"cond-expr","locations":[{"start":{"line":205,"column":33},"end":{"line":205,"column":35}},{"start":{"line":205,"column":33},"end":{"line":205,"column":41}}]},"67":{"loc":{"start":{"line":205,"column":19},"end":{"line":205,"column":35}},"type":"binary-expr","locations":[{"start":{"line":205,"column":19},"end":{"line":205,"column":35}},{"start":{"line":205,"column":33},"end":{"line":205,"column":35}}]},"68":{"loc":{"start":{"line":205,"column":19},"end":{"line":205,"column":33}},"type":"cond-expr","locations":[{"start":{"line":205,"column":25},"end":{"line":205,"column":28}},{"start":{"line":205,"column":19},"end":{"line":205,"column":33}}]},"69":{"loc":{"start":{"line":205,"column":19},"end":{"line":205,"column":28}},"type":"binary-expr","locations":[{"start":{"line":205,"column":19},"end":{"line":205,"column":28}},{"start":{"line":205,"column":19},"end":{"line":205,"column":28}}]},"70":{"loc":{"start":{"line":206,"column":19},"end":{"line":206,"column":38}},"type":"cond-expr","locations":[{"start":{"line":206,"column":32},"end":{"line":206,"column":34}},{"start":{"line":206,"column":32},"end":{"line":206,"column":38}}]},"71":{"loc":{"start":{"line":206,"column":19},"end":{"line":206,"column":34}},"type":"binary-expr","locations":[{"start":{"line":206,"column":19},"end":{"line":206,"column":34}},{"start":{"line":206,"column":32},"end":{"line":206,"column":34}}]},"72":{"loc":{"start":{"line":206,"column":19},"end":{"line":206,"column":32}},"type":"cond-expr","locations":[{"start":{"line":206,"column":25},"end":{"line":206,"column":27}},{"start":{"line":206,"column":19},"end":{"line":206,"column":32}}]},"73":{"loc":{"start":{"line":206,"column":19},"end":{"line":206,"column":27}},"type":"binary-expr","locations":[{"start":{"line":206,"column":19},"end":{"line":206,"column":27}},{"start":{"line":206,"column":19},"end":{"line":206,"column":27}}]},"74":{"loc":{"start":{"line":209,"column":37},"end":{"line":209,"column":63}},"type":"cond-expr","locations":[{"start":{"line":209,"column":49},"end":{"line":209,"column":51}},{"start":{"line":209,"column":49},"end":{"line":209,"column":63}}]},"75":{"loc":{"start":{"line":209,"column":37},"end":{"line":209,"column":51}},"type":"binary-expr","locations":[{"start":{"line":209,"column":37},"end":{"line":209,"column":51}},{"start":{"line":209,"column":49},"end":{"line":209,"column":51}}]},"76":{"loc":{"start":{"line":209,"column":37},"end":{"line":209,"column":49}},"type":"cond-expr","locations":[{"start":{"line":209,"column":43},"end":{"line":209,"column":45}},{"start":{"line":209,"column":37},"end":{"line":209,"column":49}}]},"77":{"loc":{"start":{"line":209,"column":37},"end":{"line":209,"column":45}},"type":"binary-expr","locations":[{"start":{"line":209,"column":37},"end":{"line":209,"column":45}},{"start":{"line":209,"column":37},"end":{"line":209,"column":45}}]},"78":{"loc":{"start":{"line":210,"column":10},"end":{"line":210,"column":36}},"type":"cond-expr","locations":[{"start":{"line":210,"column":22},"end":{"line":210,"column":24}},{"start":{"line":210,"column":22},"end":{"line":210,"column":36}}]},"79":{"loc":{"start":{"line":210,"column":10},"end":{"line":210,"column":24}},"type":"binary-expr","locations":[{"start":{"line":210,"column":10},"end":{"line":210,"column":24}},{"start":{"line":210,"column":22},"end":{"line":210,"column":24}}]},"80":{"loc":{"start":{"line":210,"column":10},"end":{"line":210,"column":22}},"type":"cond-expr","locations":[{"start":{"line":210,"column":16},"end":{"line":210,"column":18}},{"start":{"line":210,"column":10},"end":{"line":210,"column":22}}]},"81":{"loc":{"start":{"line":210,"column":10},"end":{"line":210,"column":18}},"type":"binary-expr","locations":[{"start":{"line":210,"column":10},"end":{"line":210,"column":18}},{"start":{"line":210,"column":10},"end":{"line":210,"column":18}}]},"82":{"loc":{"start":{"line":216,"column":31},"end":{"line":216,"column":48}},"type":"cond-expr","locations":[{"start":{"line":216,"column":37},"end":{"line":216,"column":39}},{"start":{"line":216,"column":31},"end":{"line":216,"column":48}}]},"83":{"loc":{"start":{"line":216,"column":31},"end":{"line":216,"column":39}},"type":"binary-expr","locations":[{"start":{"line":216,"column":31},"end":{"line":216,"column":39}},{"start":{"line":216,"column":31},"end":{"line":216,"column":39}}]},"84":{"loc":{"start":{"line":218,"column":8},"end":{"line":242,"column":9}},"type":"if","locations":[{"start":{"line":218,"column":8},"end":{"line":242,"column":9}},{"start":{},"end":{}}]},"85":{"loc":{"start":{"line":219,"column":12},"end":{"line":238,"column":38}},"type":"binary-expr","locations":[{"start":{"line":219,"column":12},"end":{"line":219,"column":26}},{"start":{"line":220,"column":12},"end":{"line":238,"column":38}}]},"86":{"loc":{"start":{"line":245,"column":8},"end":{"line":270,"column":9}},"type":"if","locations":[{"start":{"line":245,"column":8},"end":{"line":270,"column":9}},{"start":{},"end":{}}]},"87":{"loc":{"start":{"line":246,"column":12},"end":{"line":266,"column":38}},"type":"binary-expr","locations":[{"start":{"line":246,"column":12},"end":{"line":246,"column":26}},{"start":{"line":247,"column":12},"end":{"line":266,"column":38}}]},"88":{"loc":{"start":{"line":273,"column":8},"end":{"line":276,"column":9}},"type":"if","locations":[{"start":{"line":273,"column":8},"end":{"line":276,"column":9}},{"start":{},"end":{}}]},"89":{"loc":{"start":{"line":273,"column":12},"end":{"line":273,"column":67}},"type":"binary-expr","locations":[{"start":{"line":273,"column":12},"end":{"line":273,"column":26}},{"start":{"line":273,"column":30},"end":{"line":273,"column":67}}]},"90":{"loc":{"start":{"line":278,"column":8},"end":{"line":281,"column":9}},"type":"if","locations":[{"start":{"line":278,"column":8},"end":{"line":281,"column":9}},{"start":{},"end":{}}]},"91":{"loc":{"start":{"line":278,"column":12},"end":{"line":278,"column":51}},"type":"binary-expr","locations":[{"start":{"line":278,"column":12},"end":{"line":278,"column":26}},{"start":{"line":278,"column":30},"end":{"line":278,"column":49}}]},"92":{"loc":{"start":{"line":278,"column":30},"end":{"line":278,"column":49}},"type":"cond-expr","locations":[{"start":{"line":278,"column":36},"end":{"line":278,"column":38}},{"start":{"line":278,"column":30},"end":{"line":278,"column":49}}]},"93":{"loc":{"start":{"line":278,"column":30},"end":{"line":278,"column":38}},"type":"binary-expr","locations":[{"start":{"line":278,"column":30},"end":{"line":278,"column":38}},{"start":{"line":278,"column":30},"end":{"line":278,"column":38}}]},"94":{"loc":{"start":{"line":282,"column":8},"end":{"line":282,"column":32}},"type":"cond-expr","locations":[{"start":{"line":282,"column":22},"end":{"line":282,"column":24}},{"start":{"line":282,"column":22},"end":{"line":282,"column":32}}]},"95":{"loc":{"start":{"line":282,"column":8},"end":{"line":282,"column":24}},"type":"binary-expr","locations":[{"start":{"line":282,"column":8},"end":{"line":282,"column":24}},{"start":{"line":282,"column":22},"end":{"line":282,"column":24}}]},"96":{"loc":{"start":{"line":282,"column":8},"end":{"line":282,"column":22}},"type":"cond-expr","locations":[{"start":{"line":282,"column":14},"end":{"line":282,"column":17}},{"start":{"line":282,"column":8},"end":{"line":282,"column":22}}]},"97":{"loc":{"start":{"line":282,"column":8},"end":{"line":282,"column":17}},"type":"binary-expr","locations":[{"start":{"line":282,"column":8},"end":{"line":282,"column":17}},{"start":{"line":282,"column":8},"end":{"line":282,"column":17}}]},"98":{"loc":{"start":{"line":286,"column":13},"end":{"line":291,"column":null}},"type":"binary-expr","locations":[{"start":{"line":286,"column":13},"end":{"line":286,"column":50}},{"start":{"line":287,"column":16},"end":{"line":290,"column":null}}]},"99":{"loc":{"start":{"line":327,"column":4},"end":{"line":329,"column":5}},"type":"if","locations":[{"start":{"line":327,"column":4},"end":{"line":329,"column":5}},{"start":{},"end":{}}]}},"s":{"0":0,"1":0,"2":0,"3":0,"4":0,"5":0,"6":0,"7":0,"8":0,"9":0,"10":0,"11":0,"12":0,"13":0,"14":0,"15":0,"16":0,"17":0,"18":0,"19":0,"20":0,"21":0,"22":0,"23":0,"24":0,"25":0,"26":0,"27":0,"28":0,"29":0,"30":0,"31":0,"32":0,"33":0,"34":0,"35":0,"36":0,"37":0,"38":0,"39":0,"40":0,"41":0,"42":0,"43":0,"44":0,"45":0,"46":0,"47":0,"48":0,"49":0,"50":0,"51":0,"52":0,"53":0,"54":0,"55":0,"56":0,"57":0,"58":0,"59":0,"60":0,"61":0,"62":0,"63":0,"64":0,"65":0,"66":0,"67":0,"68":0,"69":0,"70":0,"71":0,"72":0,"73":0,"74":0,"75":0,"76":0,"77":0,"78":0,"79":0,"80":0,"81":0,"82":0,"83":0,"84":0,"85":0,"86":0,"87":0,"88":0,"89":0,"90":0,"91":0,"92":0,"93":0,"94":0,"95":0,"96":0,"97":0,"98":0,"99":0,"100":0,"101":0,"102":0,"103":0,"104":0,"105":0,"106":0,"107":0,"108":0,"109":0,"110":0,"111":0,"112":0,"113":0},"f":{"0":0,"1":0,"2":0,"3":0,"4":0,"5":0,"6":0,"7":0,"8":0,"9":0,"10":0,"11":0,"12":0,"13":0},"b":{"0":[0,0],"1":[0,0],"2":[0,0],"3":[0,0],"4":[0,0],"5":[0,0],"6":[0,0],"7":[0,0],"8":[0,0],"9":[0,0],"10":[0,0],"11":[0,0],"12":[0,0],"13":[0,0],"14":[0,0],"15":[0,0],"16":[0,0],"17":[0,0],"18":[0,0],"19":[0,0],"20":[0,0],"21":[0,0],"22":[0,0],"23":[0,0],"24":[0,0],"25":[0,0],"26":[0,0],"27":[0,0],"28":[0,0],"29":[0,0],"30":[0,0],"31":[0,0],"32":[0,0],"33":[0,0],"34":[0,0],"35":[0,0],"36":[0,0],"37":[0,0],"38":[0,0],"39":[0,0],"40":[0,0],"41":[0,0],"42":[0,0],"43":[0,0],"44":[0,0,0,0,0,0,0,0,0,0,0,0,0],"45":[0,0],"46":[0,0],"47":[0,0],"48":[0,0],"49":[0,0],"50":[0,0],"51":[0,0],"52":[0,0],"53":[0,0],"54":[0,0],"55":[0,0],"56":[0,0],"57":[0,0],"58":[0,0],"59":[0,0],"60":[0,0],"61":[0,0],"62":[0,0],"63":[0,0],"64":[0,0],"65":[0,0],"66":[0,0],"67":[0,0],"68":[0,0],"69":[0,0],"70":[0,0],"71":[0,0],"72":[0,0],"73":[0,0],"74":[0,0],"75":[0,0],"76":[0,0],"77":[0,0],"78":[0,0],"79":[0,0],"80":[0,0],"81":[0,0],"82":[0,0],"83":[0,0],"84":[0,0],"85":[0,0],"86":[0,0],"87":[0,0],"88":[0,0],"89":[0,0],"90":[0,0],"91":[0,0],"92":[0,0],"93":[0,0],"94":[0,0],"95":[0,0],"96":[0,0],"97":[0,0],"98":[0,0],"99":[0,0]}}
,"D:\\Work\\pnp-frontend\\source\\src\\main.tsx": {"path":"D:\\Work\\pnp-frontend\\source\\src\\main.tsx","statementMap":{"0":{"start":{"line":1,"column":0},"end":{"line":1,"column":35}},"1":{"start":{"line":2,"column":0},"end":{"line":2,"column":46}},"2":{"start":{"line":3,"column":0},"end":{"line":3,"column":28}},"3":{"start":{"line":4,"column":0},"end":{"line":4,"column":73}},"4":{"start":{"line":5,"column":0},"end":{"line":5,"column":43}},"5":{"start":{"line":6,"column":0},"end":{"line":6,"column":49}},"6":{"start":{"line":7,"column":0},"end":{"line":7,"column":43}},"7":{"start":{"line":8,"column":0},"end":{"line":8,"column":33}},"8":{"start":{"line":10,"column":20},"end":{"line":10,"column":51}},"9":{"start":{"line":12,"column":0},"end":{"line":14,"column":1}},"10":{"start":{"line":13,"column":4},"end":{"line":13,"column":55}},"11":{"start":{"line":16,"column":13},"end":{"line":16,"column":36}},"12":{"start":{"line":17,"column":20},"end":{"line":17,"column":37}},"13":{"start":{"line":19,"column":0},"end":{"line":29,"column":2}}},"fnMap":{},"branchMap":{"0":{"loc":{"start":{"line":12,"column":0},"end":{"line":14,"column":1}},"type":"if","locations":[{"start":{"line":12,"column":0},"end":{"line":14,"column":1}},{"start":{},"end":{}}]}},"s":{"0":0,"1":0,"2":0,"3":0,"4":0,"5":0,"6":0,"7":0,"8":0,"9":0,"10":0,"11":0,"12":0,"13":0},"f":{},"b":{"0":[0,0]}}
,"D:\\Work\\pnp-frontend\\source\\src\\app\\App.tsx": {"path":"D:\\Work\\pnp-frontend\\source\\src\\app\\App.tsx","statementMap":{"0":{"start":{"line":1,"column":0},"end":{"line":1,"column":39}},"1":{"start":{"line":2,"column":0},"end":{"line":2,"column":40}},"2":{"start":{"line":4,"column":0},"end":{"line":4,"column":44}},"3":{"start":{"line":5,"column":0},"end":{"line":5,"column":45}},"4":{"start":{"line":6,"column":0},"end":{"line":6,"column":40}},"5":{"start":{"line":7,"column":0},"end":{"line":7,"column":48}},"6":{"start":{"line":8,"column":0},"end":{"line":8,"column":47}},"7":{"start":{"line":9,"column":0},"end":{"line":9,"column":56}},"8":{"start":{"line":11,"column":19},"end":{"line":11,"column":47}},"9":{"start":{"line":13,"column":12},"end":{"line":63,"column":1}},"10":{"start":{"line":14,"column":19},"end":{"line":14,"column":34}},"11":{"start":{"line":16,"column":43},"end":{"line":16,"column":55}},"12":{"start":{"line":17,"column":21},"end":{"line":17,"column":59}},"13":{"start":{"line":18,"column":17},"end":{"line":18,"column":76}},"14":{"start":{"line":20,"column":4},"end":{"line":43,"column":29}},"15":{"start":{"line":21,"column":8},"end":{"line":42,"column":9}},"16":{"start":{"line":23,"column":12},"end":{"line":23,"column":66}},"17":{"start":{"line":26,"column":23},"end":{"line":26,"column":93}},"18":{"start":{"line":28,"column":12},"end":{"line":28,"column":68}},"19":{"start":{"line":28,"column":30},"end":{"line":28,"column":67}},"20":{"start":{"line":30,"column":12},"end":{"line":30,"column":55}},"21":{"start":{"line":30,"column":30},"end":{"line":30,"column":54}},"22":{"start":{"line":32,"column":12},"end":{"line":39,"column":14}},"23":{"start":{"line":33,"column":16},"end":{"line":38,"column":34}},"24":{"start":{"line":34,"column":41},"end":{"line":34,"column":59}},"25":{"start":{"line":35,"column":20},"end":{"line":35,"column":55}},"26":{"start":{"line":37,"column":20},"end":{"line":37,"column":56}},"27":{"start":{"line":41,"column":12},"end":{"line":41,"column":36}},"28":{"start":{"line":41,"column":25},"end":{"line":41,"column":35}},"29":{"start":{"line":45,"column":4},"end":{"line":62,"column":6}},"30":{"start":{"line":65,"column":0},"end":{"line":65,"column":19}}},"fnMap":{"0":{"name":"(anonymous_1)","decl":{"start":{"line":13,"column":12},"end":{"line":13,"column":15}},"loc":{"start":{"line":13,"column":17},"end":{"line":63,"column":1}}},"1":{"name":"(anonymous_2)","decl":{"start":{"line":20,"column":14},"end":{"line":20,"column":17}},"loc":{"start":{"line":20,"column":19},"end":{"line":43,"column":5}}},"2":{"name":"(anonymous_3)","decl":{"start":{"line":28,"column":24},"end":{"line":28,"column":27}},"loc":{"start":{"line":28,"column":30},"end":{"line":28,"column":67}}},"3":{"name":"(anonymous_4)","decl":{"start":{"line":30,"column":25},"end":{"line":30,"column":26}},"loc":{"start":{"line":30,"column":30},"end":{"line":30,"column":54}}},"4":{"name":"(anonymous_5)","decl":{"start":{"line":32,"column":27},"end":{"line":32,"column":32}},"loc":{"start":{"line":32,"column":37},"end":{"line":39,"column":13}}},"5":{"name":"(anonymous_6)","decl":{"start":{"line":41,"column":19},"end":{"line":41,"column":22}},"loc":{"start":{"line":41,"column":25},"end":{"line":41,"column":35}}}},"branchMap":{"0":{"loc":{"start":{"line":18,"column":17},"end":{"line":18,"column":76}},"type":"cond-expr","locations":[{"start":{"line":18,"column":56},"end":{"line":18,"column":64}},{"start":{"line":18,"column":67},"end":{"line":18,"column":76}}]},"1":{"loc":{"start":{"line":21,"column":8},"end":{"line":42,"column":9}},"type":"if","locations":[{"start":{"line":21,"column":8},"end":{"line":42,"column":9}},{"start":{},"end":{}}]},"2":{"loc":{"start":{"line":21,"column":12},"end":{"line":21,"column":30}},"type":"cond-expr","locations":[{"start":{"line":21,"column":26},"end":{"line":21,"column":28}},{"start":{"line":21,"column":26},"end":{"line":21,"column":30}}]},"3":{"loc":{"start":{"line":21,"column":12},"end":{"line":21,"column":28}},"type":"binary-expr","locations":[{"start":{"line":21,"column":12},"end":{"line":21,"column":28}},{"start":{"line":21,"column":26},"end":{"line":21,"column":28}}]},"4":{"loc":{"start":{"line":21,"column":12},"end":{"line":21,"column":26}},"type":"cond-expr","locations":[{"start":{"line":21,"column":18},"end":{"line":21,"column":21}},{"start":{"line":21,"column":12},"end":{"line":21,"column":26}}]},"5":{"loc":{"start":{"line":21,"column":12},"end":{"line":21,"column":21}},"type":"binary-expr","locations":[{"start":{"line":21,"column":12},"end":{"line":21,"column":21}},{"start":{"line":21,"column":12},"end":{"line":21,"column":21}}]},"6":{"loc":{"start":{"line":23,"column":48},"end":{"line":23,"column":62}},"type":"cond-expr","locations":[{"start":{"line":23,"column":54},"end":{"line":23,"column":57}},{"start":{"line":23,"column":48},"end":{"line":23,"column":62}}]},"7":{"loc":{"start":{"line":23,"column":48},"end":{"line":23,"column":57}},"type":"binary-expr","locations":[{"start":{"line":23,"column":48},"end":{"line":23,"column":57}},{"start":{"line":23,"column":48},"end":{"line":23,"column":57}}]},"8":{"loc":{"start":{"line":26,"column":65},"end":{"line":26,"column":83}},"type":"cond-expr","locations":[{"start":{"line":26,"column":79},"end":{"line":26,"column":81}},{"start":{"line":26,"column":79},"end":{"line":26,"column":83}}]},"9":{"loc":{"start":{"line":26,"column":65},"end":{"line":26,"column":81}},"type":"binary-expr","locations":[{"start":{"line":26,"column":65},"end":{"line":26,"column":81}},{"start":{"line":26,"column":79},"end":{"line":26,"column":81}}]},"10":{"loc":{"start":{"line":26,"column":65},"end":{"line":26,"column":79}},"type":"cond-expr","locations":[{"start":{"line":26,"column":71},"end":{"line":26,"column":74}},{"start":{"line":26,"column":65},"end":{"line":26,"column":79}}]},"11":{"loc":{"start":{"line":26,"column":65},"end":{"line":26,"column":74}},"type":"binary-expr","locations":[{"start":{"line":26,"column":65},"end":{"line":26,"column":74}},{"start":{"line":26,"column":65},"end":{"line":26,"column":74}}]},"12":{"loc":{"start":{"line":43,"column":8},"end":{"line":43,"column":26}},"type":"cond-expr","locations":[{"start":{"line":43,"column":22},"end":{"line":43,"column":24}},{"start":{"line":43,"column":22},"end":{"line":43,"column":26}}]},"13":{"loc":{"start":{"line":43,"column":8},"end":{"line":43,"column":24}},"type":"binary-expr","locations":[{"start":{"line":43,"column":8},"end":{"line":43,"column":24}},{"start":{"line":43,"column":22},"end":{"line":43,"column":24}}]},"14":{"loc":{"start":{"line":43,"column":8},"end":{"line":43,"column":22}},"type":"cond-expr","locations":[{"start":{"line":43,"column":14},"end":{"line":43,"column":17}},{"start":{"line":43,"column":8},"end":{"line":43,"column":22}}]},"15":{"loc":{"start":{"line":43,"column":8},"end":{"line":43,"column":17}},"type":"binary-expr","locations":[{"start":{"line":43,"column":8},"end":{"line":43,"column":17}},{"start":{"line":43,"column":8},"end":{"line":43,"column":17}}]},"16":{"loc":{"start":{"line":47,"column":13},"end":{"line":58,"column":null}},"type":"cond-expr","locations":[{"start":{"line":48,"column":16},"end":{"line":53,"column":null}},{"start":{"line":56,"column":16},"end":{"line":57,"column":null}}]}},"s":{"0":0,"1":0,"2":0,"3":0,"4":0,"5":0,"6":0,"7":0,"8":0,"9":0,"10":0,"11":0,"12":0,"13":0,"14":0,"15":0,"16":0,"17":0,"18":0,"19":0,"20":0,"21":0,"22":0,"23":0,"24":0,"25":0,"26":0,"27":0,"28":0,"29":0,"30":0},"f":{"0":0,"1":0,"2":0,"3":0,"4":0,"5":0},"b":{"0":[0,0],"1":[0,0],"2":[0,0],"3":[0,0],"4":[0,0],"5":[0,0],"6":[0,0],"7":[0,0],"8":[0,0],"9":[0,0],"10":[0,0],"11":[0,0],"12":[0,0],"13":[0,0],"14":[0,0],"15":[0,0],"16":[0,0]}}
,"D:\\Work\\pnp-frontend\\source\\src\\app\\providers\\router\\index.ts": {"path":"D:\\Work\\pnp-frontend\\source\\src\\app\\providers\\router\\index.ts","statementMap":{"0":{"start":{"line":1,"column":0},"end":{"line":1,"column":7}},"1":{"start":{"line":3,"column":9},"end":{"line":1,"column":39}}},"fnMap":{},"branchMap":{},"s":{"0":0,"1":0},"f":{},"b":{}}
,"D:\\Work\\pnp-frontend\\source\\src\\app\\providers\\router\\config\\routeConfig.tsx": {"path":"D:\\Work\\pnp-frontend\\source\\src\\app\\providers\\router\\config\\routeConfig.tsx","statementMap":{"0":{"start":{"line":1,"column":0},"end":{"line":1,"column":62}},"1":{"start":{"line":2,"column":0},"end":{"line":2,"column":54}},"2":{"start":{"line":3,"column":0},"end":{"line":3,"column":54}},"3":{"start":{"line":4,"column":0},"end":{"line":4,"column":50}},"4":{"start":{"line":5,"column":0},"end":{"line":5,"column":46}},"5":{"start":{"line":6,"column":0},"end":{"line":6,"column":48}},"6":{"start":{"line":7,"column":0},"end":{"line":7,"column":70}},"7":{"start":{"line":8,"column":0},"end":{"line":8,"column":70}},"8":{"start":{"line":9,"column":0},"end":{"line":9,"column":56}},"9":{"start":{"line":10,"column":0},"end":{"line":10,"column":40}},"10":{"start":{"line":11,"column":0},"end":{"line":11,"column":42}},"11":{"start":{"line":12,"column":0},"end":{"line":12,"column":50}},"12":{"start":{"line":14,"column":0},"end":{"line":14,"column":50}},"13":{"start":{"line":16,"column":36},"end":{"line":30,"column":2}},"14":{"start":{"line":32,"column":13},"end":{"line":53,"column":2}}},"fnMap":{},"branchMap":{},"s":{"0":0,"1":0,"2":0,"3":0,"4":0,"5":0,"6":0,"7":0,"8":0,"9":0,"10":0,"11":0,"12":0,"13":0,"14":0},"f":{},"b":{}}
,"D:\\Work\\pnp-frontend\\source\\src\\app\\providers\\router\\ui\\AppRouter.tsx": {"path":"D:\\Work\\pnp-frontend\\source\\src\\app\\providers\\router\\ui\\AppRouter.tsx","statementMap":{"0":{"start":{"line":1,"column":0},"end":{"line":1,"column":45}},"1":{"start":{"line":2,"column":0},"end":{"line":2,"column":29}},"2":{"start":{"line":3,"column":0},"end":{"line":3,"column":47}},"3":{"start":{"line":5,"column":18},"end":{"line":8,"column":1}},"4":{"start":{"line":6,"column":20},"end":{"line":6,"column":37}},"5":{"start":{"line":7,"column":4},"end":{"line":7,"column":19}},"6":{"start":{"line":10,"column":0},"end":{"line":10,"column":31}}},"fnMap":{"0":{"name":"(anonymous_0)","decl":{"start":{"line":5,"column":18},"end":{"line":5,"column":21}},"loc":{"start":{"line":5,"column":23},"end":{"line":8,"column":1}}}},"branchMap":{},"s":{"0":0,"1":0,"2":0,"3":0,"4":0,"5":0,"6":0},"f":{"0":0},"b":{}}
,"D:\\Work\\pnp-frontend\\source\\src\\hooks\\useGetCardNumberFormData.ts": {"path":"D:\\Work\\pnp-frontend\\source\\src\\hooks\\useGetCardNumberFormData.ts","statementMap":{"0":{"start":{"line":1,"column":0},"end":{"line":1,"column":93}},"1":{"start":{"line":2,"column":0},"end":{"line":2,"column":54}},"2":{"start":{"line":4,"column":0},"end":{"line":4,"column":42}},"3":{"start":{"line":5,"column":0},"end":{"line":5,"column":47}},"4":{"start":{"line":6,"column":0},"end":{"line":6,"column":24}},"5":{"start":{"line":21,"column":40},"end":{"line":111,"column":1}},"6":{"start":{"line":22,"column":19},"end":{"line":22,"column":24}},"7":{"start":{"line":23,"column":18},"end":{"line":23,"column":34}},"8":{"start":{"line":24,"column":68},"end":{"line":24,"column":87}},"9":{"start":{"line":26,"column":27},"end":{"line":37,"column":6}},"10":{"start":{"line":44,"column":8},"end":{"line":47,"column":6}},"11":{"start":{"line":49,"column":40},"end":{"line":56,"column":5}},"12":{"start":{"line":50,"column":8},"end":{"line":50,"column":34}},"13":{"start":{"line":51,"column":20},"end":{"line":51,"column":53}},"14":{"start":{"line":53,"column":8},"end":{"line":53,"column":56}},"15":{"start":{"line":55,"column":8},"end":{"line":55,"column":42}},"16":{"start":{"line":58,"column":33},"end":{"line":62,"column":5}},"17":{"start":{"line":59,"column":8},"end":{"line":59,"column":27}},"18":{"start":{"line":60,"column":20},"end":{"line":60,"column":53}},"19":{"start":{"line":61,"column":8},"end":{"line":61,"column":34}},"20":{"start":{"line":64,"column":36},"end":{"line":77,"column":5}},"21":{"start":{"line":65,"column":8},"end":{"line":65,"column":34}},"22":{"start":{"line":66,"column":20},"end":{"line":66,"column":53}},"23":{"start":{"line":68,"column":8},"end":{"line":74,"column":9}},"24":{"start":{"line":69,"column":24},"end":{"line":69,"column":49}},"25":{"start":{"line":70,"column":12},"end":{"line":72,"column":13}},"26":{"start":{"line":71,"column":16},"end":{"line":71,"column":27}},"27":{"start":{"line":73,"column":12},"end":{"line":73,"column":77}},"28":{"start":{"line":76,"column":8},"end":{"line":76,"column":41}},"29":{"start":{"line":79,"column":32},"end":{"line":83,"column":5}},"30":{"start":{"line":80,"column":8},"end":{"line":82,"column":9}},"31":{"start":{"line":81,"column":12},"end":{"line":81,"column":31}},"32":{"start":{"line":85,"column":35},"end":{"line":98,"column":5}},"33":{"start":{"line":86,"column":8},"end":{"line":86,"column":34}},"34":{"start":{"line":87,"column":20},"end":{"line":87,"column":68}},"35":{"start":{"line":89,"column":8},"end":{"line":89,"column":63}},"36":{"start":{"line":91,"column":22},"end":{"line":91,"column":38}},"37":{"start":{"line":93,"column":8},"end":{"line":95,"column":9}},"38":{"start":{"line":94,"column":12},"end":{"line":94,"column":48}},"39":{"start":{"line":97,"column":8},"end":{"line":97,"column":44}},"40":{"start":{"line":100,"column":4},"end":{"line":110,"column":6}},"41":{"start":{"line":21,"column":13},"end":{"line":21,"column":40}}},"fnMap":{"0":{"name":"(anonymous_0)","decl":{"start":{"line":21,"column":40},"end":{"line":21,"column":41}},"loc":{"start":{"line":21,"column":81},"end":{"line":111,"column":1}}},"1":{"name":"(anonymous_1)","decl":{"start":{"line":49,"column":40},"end":{"line":49,"column":41}},"loc":{"start":{"line":49,"column":51},"end":{"line":56,"column":5}}},"2":{"name":"(anonymous_2)","decl":{"start":{"line":58,"column":33},"end":{"line":58,"column":34}},"loc":{"start":{"line":58,"column":44},"end":{"line":62,"column":5}}},"3":{"name":"(anonymous_3)","decl":{"start":{"line":64,"column":36},"end":{"line":64,"column":37}},"loc":{"start":{"line":64,"column":47},"end":{"line":77,"column":5}}},"4":{"name":"(anonymous_4)","decl":{"start":{"line":79,"column":32},"end":{"line":79,"column":33}},"loc":{"start":{"line":79,"column":43},"end":{"line":83,"column":5}}},"5":{"name":"(anonymous_5)","decl":{"start":{"line":85,"column":35},"end":{"line":85,"column":36}},"loc":{"start":{"line":85,"column":46},"end":{"line":98,"column":5}}}},"branchMap":{"0":{"loc":{"start":{"line":53,"column":16},"end":{"line":53,"column":55}},"type":"binary-expr","locations":[{"start":{"line":53,"column":16},"end":{"line":53,"column":49}},{"start":{"line":53,"column":53},"end":{"line":53,"column":55}}]},"1":{"loc":{"start":{"line":53,"column":16},"end":{"line":53,"column":49}},"type":"cond-expr","locations":[{"start":{"line":53,"column":38},"end":{"line":53,"column":40}},{"start":{"line":53,"column":38},"end":{"line":53,"column":49}}]},"2":{"loc":{"start":{"line":53,"column":16},"end":{"line":53,"column":40}},"type":"binary-expr","locations":[{"start":{"line":53,"column":16},"end":{"line":53,"column":40}},{"start":{"line":53,"column":38},"end":{"line":53,"column":40}}]},"3":{"loc":{"start":{"line":68,"column":8},"end":{"line":74,"column":9}},"type":"if","locations":[{"start":{"line":68,"column":8},"end":{"line":74,"column":9}},{"start":{},"end":{}}]},"4":{"loc":{"start":{"line":70,"column":12},"end":{"line":72,"column":13}},"type":"if","locations":[{"start":{"line":70,"column":12},"end":{"line":72,"column":13}},{"start":{},"end":{}}]},"5":{"loc":{"start":{"line":80,"column":8},"end":{"line":82,"column":9}},"type":"if","locations":[{"start":{"line":80,"column":8},"end":{"line":82,"column":9}},{"start":{},"end":{}}]},"6":{"loc":{"start":{"line":80,"column":12},"end":{"line":80,"column":66}},"type":"binary-expr","locations":[{"start":{"line":80,"column":12},"end":{"line":80,"column":33}},{"start":{"line":80,"column":37},"end":{"line":80,"column":66}}]},"7":{"loc":{"start":{"line":93,"column":8},"end":{"line":95,"column":9}},"type":"if","locations":[{"start":{"line":93,"column":8},"end":{"line":95,"column":9}},{"start":{},"end":{}}]},"8":{"loc":{"start":{"line":97,"column":22},"end":{"line":97,"column":42}},"type":"cond-expr","locations":[{"start":{"line":97,"column":27},"end":{"line":97,"column":29}},{"start":{"line":97,"column":22},"end":{"line":97,"column":42}}]},"9":{"loc":{"start":{"line":97,"column":22},"end":{"line":97,"column":29}},"type":"binary-expr","locations":[{"start":{"line":97,"column":22},"end":{"line":97,"column":29}},{"start":{"line":97,"column":22},"end":{"line":97,"column":29}}]}},"s":{"0":0,"1":0,"2":0,"3":0,"4":0,"5":0,"6":0,"7":0,"8":0,"9":0,"10":0,"11":0,"12":0,"13":0,"14":0,"15":0,"16":0,"17":0,"18":0,"19":0,"20":0,"21":0,"22":0,"23":0,"24":0,"25":0,"26":0,"27":0,"28":0,"29":0,"30":0,"31":0,"32":0,"33":0,"34":0,"35":0,"36":0,"37":0,"38":0,"39":0,"40":0,"41":0},"f":{"0":0,"1":0,"2":0,"3":0,"4":0,"5":0},"b":{"0":[0,0],"1":[0,0],"2":[0,0],"3":[0,0],"4":[0,0],"5":[0,0],"6":[0,0],"7":[0,0],"8":[0,0],"9":[0,0]}}
,"D:\\Work\\pnp-frontend\\source\\src\\hooks\\usePaymentPage.tsx": {"path":"D:\\Work\\pnp-frontend\\source\\src\\hooks\\usePaymentPage.tsx","statementMap":{"0":{"start":{"line":7,"column":0},"end":{"line":7,"column":24}},"1":{"start":{"line":1,"column":0},"end":{"line":1,"column":34}},"2":{"start":{"line":2,"column":0},"end":{"line":2,"column":49}},"3":{"start":{"line":3,"column":0},"end":{"line":3,"column":60}},"4":{"start":{"line":4,"column":0},"end":{"line":4,"column":59}},"5":{"start":{"line":5,"column":0},"end":{"line":5,"column":53}},"6":{"start":{"line":8,"column":32},"end":{"line":8,"column":47}},"7":{"start":{"line":10,"column":23},"end":{"line":10,"column":35}},"8":{"start":{"line":11,"column":21},"end":{"line":11,"column":34}},"9":{"start":{"line":12,"column":16},"end":{"line":12,"column":29}},"10":{"start":{"line":14,"column":4},"end":{"line":32,"column":17}},"11":{"start":{"line":15,"column":28},"end":{"line":15,"column":45}},"12":{"start":{"line":16,"column":31},"end":{"line":16,"column":59}},"13":{"start":{"line":18,"column":8},"end":{"line":31,"column":9}},"14":{"start":{"line":19,"column":12},"end":{"line":30,"column":13}},"15":{"start":{"line":23,"column":16},"end":{"line":29,"column":17}},"16":{"start":{"line":24,"column":20},"end":{"line":26,"column":23}},"17":{"start":{"line":27,"column":23},"end":{"line":29,"column":17}},"18":{"start":{"line":28,"column":20},"end":{"line":28,"column":49}}},"fnMap":{"0":{"name":"usePaymentPage","decl":{"start":{"line":7,"column":24},"end":{"line":7,"column":38}},"loc":{"start":{"line":7,"column":63},"end":{"line":33,"column":1}}},"1":{"name":"(anonymous_1)","decl":{"start":{"line":14,"column":14},"end":{"line":14,"column":17}},"loc":{"start":{"line":14,"column":19},"end":{"line":32,"column":5}}}},"branchMap":{"0":{"loc":{"start":{"line":7,"column":41},"end":{"line":7,"column":61}},"type":"default-arg","locations":[{"start":{"line":7,"column":56},"end":{"line":7,"column":61}}]},"1":{"loc":{"start":{"line":18,"column":8},"end":{"line":31,"column":9}},"type":"if","locations":[{"start":{"line":18,"column":8},"end":{"line":31,"column":9}},{"start":{},"end":{}}]},"2":{"loc":{"start":{"line":19,"column":12},"end":{"line":30,"column":13}},"type":"if","locations":[{"start":{"line":19,"column":12},"end":{"line":30,"column":13}},{"start":{},"end":{}}]},"3":{"loc":{"start":{"line":20,"column":16},"end":{"line":21,"column":95}},"type":"binary-expr","locations":[{"start":{"line":20,"column":16},"end":{"line":20,"column":41}},{"start":{"line":21,"column":16},"end":{"line":21,"column":95}}]},"4":{"loc":{"start":{"line":23,"column":16},"end":{"line":29,"column":17}},"type":"if","locations":[{"start":{"line":23,"column":16},"end":{"line":29,"column":17}},{"start":{"line":27,"column":23},"end":{"line":29,"column":17}}]},"5":{"loc":{"start":{"line":23,"column":20},"end":{"line":23,"column":99}},"type":"binary-expr","locations":[{"start":{"line":23,"column":20},"end":{"line":23,"column":60}},{"start":{"line":23,"column":64},"end":{"line":23,"column":99}}]},"6":{"loc":{"start":{"line":24,"column":24},"end":{"line":24,"column":101}},"type":"cond-expr","locations":[{"start":{"line":24,"column":68},"end":{"line":24,"column":79}},{"start":{"line":24,"column":82},"end":{"line":24,"column":101}}]},"7":{"loc":{"start":{"line":24,"column":24},"end":{"line":24,"column":65}},"type":"binary-expr","locations":[{"start":{"line":24,"column":24},"end":{"line":24,"column":36}},{"start":{"line":24,"column":40},"end":{"line":24,"column":65}}]},"8":{"loc":{"start":{"line":27,"column":23},"end":{"line":29,"column":17}},"type":"if","locations":[{"start":{"line":27,"column":23},"end":{"line":29,"column":17}},{"start":{},"end":{}}]},"9":{"loc":{"start":{"line":27,"column":27},"end":{"line":27,"column":112}},"type":"binary-expr","locations":[{"start":{"line":27,"column":27},"end":{"line":27,"column":62}},{"start":{"line":27,"column":66},"end":{"line":27,"column":91}},{"start":{"line":27,"column":95},"end":{"line":27,"column":112}}]}},"s":{"0":0,"1":0,"2":0,"3":0,"4":0,"5":0,"6":0,"7":0,"8":0,"9":0,"10":0,"11":0,"12":0,"13":0,"14":0,"15":0,"16":0,"17":0,"18":0},"f":{"0":0,"1":0},"b":{"0":[0],"1":[0,0],"2":[0,0],"3":[0,0],"4":[0,0],"5":[0,0],"6":[0,0],"7":[0,0],"8":[0,0],"9":[0,0,0]}}
,"D:\\Work\\pnp-frontend\\source\\src\\pages\\GeneralErrorPage.tsx": {"path":"D:\\Work\\pnp-frontend\\source\\src\\pages\\GeneralErrorPage.tsx","statementMap":{"0":{"start":{"line":1,"column":0},"end":{"line":1,"column":39}},"1":{"start":{"line":2,"column":0},"end":{"line":2,"column":43}},"2":{"start":{"line":3,"column":0},"end":{"line":3,"column":60}},"3":{"start":{"line":4,"column":0},"end":{"line":4,"column":64}},"4":{"start":{"line":5,"column":0},"end":{"line":5,"column":39}},"5":{"start":{"line":6,"column":0},"end":{"line":6,"column":47}},"6":{"start":{"line":7,"column":0},"end":{"line":7,"column":45}},"7":{"start":{"line":8,"column":0},"end":{"line":8,"column":56}},"8":{"start":{"line":11,"column":32},"end":{"line":71,"column":1}},"9":{"start":{"line":12,"column":19},"end":{"line":12,"column":34}},"10":{"start":{"line":13,"column":19},"end":{"line":13,"column":52}},"11":{"start":{"line":13,"column":39},"end":{"line":13,"column":51}},"12":{"start":{"line":15,"column":18},"end":{"line":15,"column":34}},"13":{"start":{"line":16,"column":23},"end":{"line":16,"column":46}},"14":{"start":{"line":17,"column":17},"end":{"line":17,"column":50}},"15":{"start":{"line":19,"column":20},"end":{"line":19,"column":77}},"16":{"start":{"line":20,"column":22},"end":{"line":20,"column":80}},"17":{"start":{"line":22,"column":15},"end":{"line":22,"column":49}},"18":{"start":{"line":24,"column":27},"end":{"line":27,"column":5}},"19":{"start":{"line":25,"column":8},"end":{"line":25,"column":92}},"20":{"start":{"line":26,"column":8},"end":{"line":26,"column":75}},"21":{"start":{"line":29,"column":4},"end":{"line":29,"column":67}},"22":{"start":{"line":31,"column":4},"end":{"line":70,"column":6}},"23":{"start":{"line":54,"column":53},"end":{"line":54,"column":119}},"24":{"start":{"line":11,"column":13},"end":{"line":11,"column":32}},"25":{"start":{"line":73,"column":0},"end":{"line":73,"column":32}}},"fnMap":{"0":{"name":"(anonymous_1)","decl":{"start":{"line":11,"column":32},"end":{"line":11,"column":33}},"loc":{"start":{"line":11,"column":55},"end":{"line":71,"column":1}}},"1":{"name":"(anonymous_2)","decl":{"start":{"line":13,"column":30},"end":{"line":13,"column":35}},"loc":{"start":{"line":13,"column":39},"end":{"line":13,"column":51}}},"2":{"name":"(anonymous_3)","decl":{"start":{"line":24,"column":27},"end":{"line":24,"column":30}},"loc":{"start":{"line":24,"column":32},"end":{"line":27,"column":5}}},"3":{"name":"(anonymous_4)","decl":{"start":{"line":54,"column":47},"end":{"line":54,"column":50}},"loc":{"start":{"line":54,"column":53},"end":{"line":54,"column":119}}}},"branchMap":{"0":{"loc":{"start":{"line":11,"column":35},"end":{"line":11,"column":49}},"type":"default-arg","locations":[{"start":{"line":11,"column":44},"end":{"line":11,"column":49}}]},"1":{"loc":{"start":{"line":16,"column":31},"end":{"line":16,"column":45}},"type":"cond-expr","locations":[{"start":{"line":16,"column":37},"end":{"line":16,"column":39}},{"start":{"line":16,"column":31},"end":{"line":16,"column":45}}]},"2":{"loc":{"start":{"line":16,"column":31},"end":{"line":16,"column":39}},"type":"binary-expr","locations":[{"start":{"line":16,"column":31},"end":{"line":16,"column":39}},{"start":{"line":16,"column":31},"end":{"line":16,"column":39}}]},"3":{"loc":{"start":{"line":17,"column":17},"end":{"line":17,"column":50}},"type":"cond-expr","locations":[{"start":{"line":17,"column":30},"end":{"line":17,"column":38}},{"start":{"line":17,"column":41},"end":{"line":17,"column":50}}]},"4":{"loc":{"start":{"line":19,"column":20},"end":{"line":19,"column":77}},"type":"cond-expr","locations":[{"start":{"line":19,"column":71},"end":{"line":19,"column":75}},{"start":{"line":19,"column":75},"end":{"line":19,"column":77}}]},"5":{"loc":{"start":{"line":19,"column":20},"end":{"line":19,"column":75}},"type":"binary-expr","locations":[{"start":{"line":19,"column":20},"end":{"line":19,"column":75}},{"start":{"line":19,"column":71},"end":{"line":19,"column":75}}]},"6":{"loc":{"start":{"line":19,"column":20},"end":{"line":19,"column":71}},"type":"cond-expr","locations":[{"start":{"line":19,"column":51},"end":{"line":19,"column":53}},{"start":{"line":19,"column":51},"end":{"line":19,"column":71}}]},"7":{"loc":{"start":{"line":19,"column":20},"end":{"line":19,"column":53}},"type":"binary-expr","locations":[{"start":{"line":19,"column":20},"end":{"line":19,"column":53}},{"start":{"line":19,"column":51},"end":{"line":19,"column":53}}]},"8":{"loc":{"start":{"line":19,"column":20},"end":{"line":19,"column":51}},"type":"cond-expr","locations":[{"start":{"line":19,"column":42},"end":{"line":19,"column":44}},{"start":{"line":19,"column":42},"end":{"line":19,"column":51}}]},"9":{"loc":{"start":{"line":19,"column":20},"end":{"line":19,"column":44}},"type":"binary-expr","locations":[{"start":{"line":19,"column":20},"end":{"line":19,"column":44}},{"start":{"line":19,"column":42},"end":{"line":19,"column":44}}]},"10":{"loc":{"start":{"line":19,"column":20},"end":{"line":19,"column":42}},"type":"cond-expr","locations":[{"start":{"line":19,"column":34},"end":{"line":19,"column":36}},{"start":{"line":19,"column":34},"end":{"line":19,"column":42}}]},"11":{"loc":{"start":{"line":19,"column":20},"end":{"line":19,"column":36}},"type":"binary-expr","locations":[{"start":{"line":19,"column":20},"end":{"line":19,"column":36}},{"start":{"line":19,"column":34},"end":{"line":19,"column":36}}]},"12":{"loc":{"start":{"line":19,"column":20},"end":{"line":19,"column":34}},"type":"cond-expr","locations":[{"start":{"line":19,"column":26},"end":{"line":19,"column":29}},{"start":{"line":19,"column":20},"end":{"line":19,"column":34}}]},"13":{"loc":{"start":{"line":19,"column":20},"end":{"line":19,"column":29}},"type":"binary-expr","locations":[{"start":{"line":19,"column":20},"end":{"line":19,"column":29}},{"start":{"line":19,"column":20},"end":{"line":19,"column":29}}]},"14":{"loc":{"start":{"line":20,"column":22},"end":{"line":20,"column":80}},"type":"cond-expr","locations":[{"start":{"line":20,"column":74},"end":{"line":20,"column":78}},{"start":{"line":20,"column":78},"end":{"line":20,"column":80}}]},"15":{"loc":{"start":{"line":20,"column":22},"end":{"line":20,"column":78}},"type":"binary-expr","locations":[{"start":{"line":20,"column":22},"end":{"line":20,"column":78}},{"start":{"line":20,"column":74},"end":{"line":20,"column":78}}]},"16":{"loc":{"start":{"line":20,"column":22},"end":{"line":20,"column":74}},"type":"cond-expr","locations":[{"start":{"line":20,"column":53},"end":{"line":20,"column":55}},{"start":{"line":20,"column":53},"end":{"line":20,"column":74}}]},"17":{"loc":{"start":{"line":20,"column":22},"end":{"line":20,"column":55}},"type":"binary-expr","locations":[{"start":{"line":20,"column":22},"end":{"line":20,"column":55}},{"start":{"line":20,"column":53},"end":{"line":20,"column":55}}]},"18":{"loc":{"start":{"line":20,"column":22},"end":{"line":20,"column":53}},"type":"cond-expr","locations":[{"start":{"line":20,"column":44},"end":{"line":20,"column":46}},{"start":{"line":20,"column":44},"end":{"line":20,"column":53}}]},"19":{"loc":{"start":{"line":20,"column":22},"end":{"line":20,"column":46}},"type":"binary-expr","locations":[{"start":{"line":20,"column":22},"end":{"line":20,"column":46}},{"start":{"line":20,"column":44},"end":{"line":20,"column":46}}]},"20":{"loc":{"start":{"line":20,"column":22},"end":{"line":20,"column":44}},"type":"cond-expr","locations":[{"start":{"line":20,"column":36},"end":{"line":20,"column":38}},{"start":{"line":20,"column":36},"end":{"line":20,"column":44}}]},"21":{"loc":{"start":{"line":20,"column":22},"end":{"line":20,"column":38}},"type":"binary-expr","locations":[{"start":{"line":20,"column":22},"end":{"line":20,"column":38}},{"start":{"line":20,"column":36},"end":{"line":20,"column":38}}]},"22":{"loc":{"start":{"line":20,"column":22},"end":{"line":20,"column":36}},"type":"cond-expr","locations":[{"start":{"line":20,"column":28},"end":{"line":20,"column":31}},{"start":{"line":20,"column":22},"end":{"line":20,"column":36}}]},"23":{"loc":{"start":{"line":20,"column":22},"end":{"line":20,"column":31}},"type":"binary-expr","locations":[{"start":{"line":20,"column":22},"end":{"line":20,"column":31}},{"start":{"line":20,"column":22},"end":{"line":20,"column":31}}]},"24":{"loc":{"start":{"line":26,"column":32},"end":{"line":26,"column":73}},"type":"cond-expr","locations":[{"start":{"line":26,"column":54},"end":{"line":26,"column":63}},{"start":{"line":26,"column":66},"end":{"line":26,"column":73}}]},"25":{"loc":{"start":{"line":26,"column":32},"end":{"line":26,"column":51}},"type":"binary-expr","locations":[{"start":{"line":26,"column":32},"end":{"line":26,"column":38}},{"start":{"line":26,"column":42},"end":{"line":26,"column":51}}]},"26":{"loc":{"start":{"line":29,"column":20},"end":{"line":29,"column":65}},"type":"cond-expr","locations":[{"start":{"line":29,"column":29},"end":{"line":29,"column":42}},{"start":{"line":29,"column":45},"end":{"line":29,"column":65}}]},"27":{"loc":{"start":{"line":37,"column":27},"end":{"line":37,"column":65}},"type":"cond-expr","locations":[{"start":{"line":37,"column":36},"end":{"line":37,"column":55}},{"start":{"line":37,"column":58},"end":{"line":37,"column":65}}]},"28":{"loc":{"start":{"line":40,"column":26},"end":{"line":40,"column":89}},"type":"cond-expr","locations":[{"start":{"line":40,"column":35},"end":{"line":40,"column":67}},{"start":{"line":40,"column":70},"end":{"line":40,"column":89}}]},"29":{"loc":{"start":{"line":45,"column":17},"end":{"line":57,"column":null}},"type":"binary-expr","locations":[{"start":{"line":45,"column":18},"end":{"line":45,"column":25}},{"start":{"line":45,"column":30},"end":{"line":45,"column":39}},{"start":{"line":45,"column":43},"end":{"line":45,"column":49}},{"start":{"line":46,"column":20},"end":{"line":56,"column":null}}]},"30":{"loc":{"start":{"line":54,"column":77},"end":{"line":54,"column":118}},"type":"cond-expr","locations":[{"start":{"line":54,"column":99},"end":{"line":54,"column":108}},{"start":{"line":54,"column":111},"end":{"line":54,"column":118}}]},"31":{"loc":{"start":{"line":54,"column":77},"end":{"line":54,"column":96}},"type":"binary-expr","locations":[{"start":{"line":54,"column":77},"end":{"line":54,"column":83}},{"start":{"line":54,"column":87},"end":{"line":54,"column":96}}]},"32":{"loc":{"start":{"line":64,"column":26},"end":{"line":64,"column":67}},"type":"cond-expr","locations":[{"start":{"line":64,"column":48},"end":{"line":64,"column":57}},{"start":{"line":64,"column":60},"end":{"line":64,"column":67}}]},"33":{"loc":{"start":{"line":64,"column":26},"end":{"line":64,"column":45}},"type":"binary-expr","locations":[{"start":{"line":64,"column":26},"end":{"line":64,"column":32}},{"start":{"line":64,"column":36},"end":{"line":64,"column":45}}]},"34":{"loc":{"start":{"line":65,"column":29},"end":{"line":65,"column":88}},"type":"cond-expr","locations":[{"start":{"line":65,"column":51},"end":{"line":65,"column":69}},{"start":{"line":65,"column":72},"end":{"line":65,"column":88}}]},"35":{"loc":{"start":{"line":65,"column":29},"end":{"line":65,"column":48}},"type":"binary-expr","locations":[{"start":{"line":65,"column":29},"end":{"line":65,"column":35}},{"start":{"line":65,"column":39},"end":{"line":65,"column":48}}]}},"s":{"0":0,"1":0,"2":0,"3":0,"4":0,"5":0,"6":0,"7":0,"8":0,"9":0,"10":0,"11":0,"12":0,"13":0,"14":0,"15":0,"16":0,"17":0,"18":0,"19":0,"20":0,"21":0,"22":0,"23":0,"24":0,"25":0},"f":{"0":0,"1":0,"2":0,"3":0},"b":{"0":[0],"1":[0,0],"2":[0,0],"3":[0,0],"4":[0,0],"5":[0,0],"6":[0,0],"7":[0,0],"8":[0,0],"9":[0,0],"10":[0,0],"11":[0,0],"12":[0,0],"13":[0,0],"14":[0,0],"15":[0,0],"16":[0,0],"17":[0,0],"18":[0,0],"19":[0,0],"20":[0,0],"21":[0,0],"22":[0,0],"23":[0,0],"24":[0,0],"25":[0,0],"26":[0,0],"27":[0,0],"28":[0,0],"29":[0,0,0,0],"30":[0,0],"31":[0,0],"32":[0,0],"33":[0,0],"34":[0,0],"35":[0,0]}}
,"D:\\Work\\pnp-frontend\\source\\src\\pages\\MainPage.tsx": {"path":"D:\\Work\\pnp-frontend\\source\\src\\pages\\MainPage.tsx","statementMap":{"0":{"start":{"line":1,"column":0},"end":{"line":1,"column":42}},"1":{"start":{"line":2,"column":0},"end":{"line":2,"column":43}},"2":{"start":{"line":4,"column":0},"end":{"line":4,"column":56}},"3":{"start":{"line":5,"column":0},"end":{"line":5,"column":69}},"4":{"start":{"line":7,"column":0},"end":{"line":7,"column":49}},"5":{"start":{"line":8,"column":0},"end":{"line":8,"column":42}},"6":{"start":{"line":9,"column":0},"end":{"line":9,"column":53}},"7":{"start":{"line":10,"column":0},"end":{"line":10,"column":26}},"8":{"start":{"line":11,"column":0},"end":{"line":11,"column":40}},"9":{"start":{"line":12,"column":0},"end":{"line":12,"column":59}},"10":{"start":{"line":14,"column":0},"end":{"line":14,"column":47}},"11":{"start":{"line":16,"column":17},"end":{"line":92,"column":1}},"12":{"start":{"line":17,"column":38},"end":{"line":17,"column":53}},"13":{"start":{"line":18,"column":19},"end":{"line":18,"column":52}},"14":{"start":{"line":18,"column":39},"end":{"line":18,"column":51}},"15":{"start":{"line":19,"column":23},"end":{"line":19,"column":46}},"16":{"start":{"line":20,"column":15},"end":{"line":20,"column":85}},"17":{"start":{"line":21,"column":18},"end":{"line":21,"column":96}},"18":{"start":{"line":23,"column":17},"end":{"line":23,"column":50}},"19":{"start":{"line":24,"column":23},"end":{"line":24,"column":51}},"20":{"start":{"line":26,"column":4},"end":{"line":26,"column":70}},"21":{"start":{"line":28,"column":27},"end":{"line":41,"column":5}},"22":{"start":{"line":29,"column":21},"end":{"line":39,"column":14}},"23":{"start":{"line":38,"column":16},"end":{"line":38,"column":31}},"24":{"start":{"line":40,"column":8},"end":{"line":40,"column":26}},"25":{"start":{"line":43,"column":4},"end":{"line":43,"column":43}},"26":{"start":{"line":47,"column":4},"end":{"line":91,"column":6}},"27":{"start":{"line":94,"column":0},"end":{"line":94,"column":24}}},"fnMap":{"0":{"name":"(anonymous_1)","decl":{"start":{"line":16,"column":17},"end":{"line":16,"column":20}},"loc":{"start":{"line":16,"column":22},"end":{"line":92,"column":1}}},"1":{"name":"(anonymous_2)","decl":{"start":{"line":18,"column":30},"end":{"line":18,"column":35}},"loc":{"start":{"line":18,"column":39},"end":{"line":18,"column":51}}},"2":{"name":"(anonymous_3)","decl":{"start":{"line":28,"column":27},"end":{"line":28,"column":32}},"loc":{"start":{"line":28,"column":38},"end":{"line":41,"column":5}}},"3":{"name":"(anonymous_4)","decl":{"start":{"line":37,"column":19},"end":{"line":37,"column":20}},"loc":{"start":{"line":37,"column":23},"end":{"line":39,"column":13}}}},"branchMap":{"0":{"loc":{"start":{"line":19,"column":31},"end":{"line":19,"column":45}},"type":"cond-expr","locations":[{"start":{"line":19,"column":37},"end":{"line":19,"column":39}},{"start":{"line":19,"column":31},"end":{"line":19,"column":45}}]},"1":{"loc":{"start":{"line":19,"column":31},"end":{"line":19,"column":39}},"type":"binary-expr","locations":[{"start":{"line":19,"column":31},"end":{"line":19,"column":39}},{"start":{"line":19,"column":31},"end":{"line":19,"column":39}}]},"2":{"loc":{"start":{"line":20,"column":21},"end":{"line":20,"column":83}},"type":"cond-expr","locations":[{"start":{"line":20,"column":34},"end":{"line":20,"column":62}},{"start":{"line":20,"column":65},"end":{"line":20,"column":83}}]},"3":{"loc":{"start":{"line":21,"column":33},"end":{"line":21,"column":95}},"type":"cond-expr","locations":[{"start":{"line":21,"column":46},"end":{"line":21,"column":74}},{"start":{"line":21,"column":77},"end":{"line":21,"column":95}}]},"4":{"loc":{"start":{"line":23,"column":17},"end":{"line":23,"column":50}},"type":"cond-expr","locations":[{"start":{"line":23,"column":30},"end":{"line":23,"column":38}},{"start":{"line":23,"column":41},"end":{"line":23,"column":50}}]},"5":{"loc":{"start":{"line":26,"column":48},"end":{"line":26,"column":66}},"type":"cond-expr","locations":[{"start":{"line":26,"column":62},"end":{"line":26,"column":64}},{"start":{"line":26,"column":62},"end":{"line":26,"column":66}}]},"6":{"loc":{"start":{"line":26,"column":48},"end":{"line":26,"column":64}},"type":"binary-expr","locations":[{"start":{"line":26,"column":48},"end":{"line":26,"column":64}},{"start":{"line":26,"column":62},"end":{"line":26,"column":64}}]},"7":{"loc":{"start":{"line":26,"column":48},"end":{"line":26,"column":62}},"type":"cond-expr","locations":[{"start":{"line":26,"column":54},"end":{"line":26,"column":57}},{"start":{"line":26,"column":48},"end":{"line":26,"column":62}}]},"8":{"loc":{"start":{"line":26,"column":48},"end":{"line":26,"column":57}},"type":"binary-expr","locations":[{"start":{"line":26,"column":48},"end":{"line":26,"column":57}},{"start":{"line":26,"column":48},"end":{"line":26,"column":57}}]},"9":{"loc":{"start":{"line":31,"column":42},"end":{"line":31,"column":60}},"type":"cond-expr","locations":[{"start":{"line":31,"column":56},"end":{"line":31,"column":58}},{"start":{"line":31,"column":56},"end":{"line":31,"column":60}}]},"10":{"loc":{"start":{"line":31,"column":42},"end":{"line":31,"column":58}},"type":"binary-expr","locations":[{"start":{"line":31,"column":42},"end":{"line":31,"column":58}},{"start":{"line":31,"column":56},"end":{"line":31,"column":58}}]},"11":{"loc":{"start":{"line":31,"column":42},"end":{"line":31,"column":56}},"type":"cond-expr","locations":[{"start":{"line":31,"column":48},"end":{"line":31,"column":51}},{"start":{"line":31,"column":42},"end":{"line":31,"column":56}}]},"12":{"loc":{"start":{"line":31,"column":42},"end":{"line":31,"column":51}},"type":"binary-expr","locations":[{"start":{"line":31,"column":42},"end":{"line":31,"column":51}},{"start":{"line":31,"column":42},"end":{"line":31,"column":51}}]},"13":{"loc":{"start":{"line":51,"column":13},"end":{"line":86,"column":null}},"type":"cond-expr","locations":[{"start":{"line":52,"column":16},"end":{"line":55,"column":null}},{"start":{"line":58,"column":16},"end":{"line":85,"column":null}}]},"14":{"loc":{"start":{"line":51,"column":14},"end":{"line":51,"column":36}},"type":"cond-expr","locations":[{"start":{"line":51,"column":28},"end":{"line":51,"column":30}},{"start":{"line":51,"column":28},"end":{"line":51,"column":36}}]},"15":{"loc":{"start":{"line":51,"column":14},"end":{"line":51,"column":30}},"type":"binary-expr","locations":[{"start":{"line":51,"column":14},"end":{"line":51,"column":30}},{"start":{"line":51,"column":28},"end":{"line":51,"column":30}}]},"16":{"loc":{"start":{"line":51,"column":14},"end":{"line":51,"column":28}},"type":"cond-expr","locations":[{"start":{"line":51,"column":20},"end":{"line":51,"column":23}},{"start":{"line":51,"column":14},"end":{"line":51,"column":28}}]},"17":{"loc":{"start":{"line":51,"column":14},"end":{"line":51,"column":23}},"type":"binary-expr","locations":[{"start":{"line":51,"column":14},"end":{"line":51,"column":23}},{"start":{"line":51,"column":14},"end":{"line":51,"column":23}}]},"18":{"loc":{"start":{"line":60,"column":25},"end":{"line":81,"column":null}},"type":"cond-expr","locations":[{"start":{"line":61,"column":28},"end":{"line":69,"column":null}},{"start":{"line":72,"column":28},"end":{"line":80,"column":null}}]}},"s":{"0":0,"1":0,"2":0,"3":0,"4":0,"5":0,"6":0,"7":0,"8":0,"9":0,"10":0,"11":0,"12":0,"13":0,"14":0,"15":0,"16":0,"17":0,"18":0,"19":0,"20":0,"21":0,"22":0,"23":0,"24":0,"25":0,"26":0,"27":0},"f":{"0":0,"1":0,"2":0,"3":0},"b":{"0":[0,0],"1":[0,0],"2":[0,0],"3":[0,0],"4":[0,0],"5":[0,0],"6":[0,0],"7":[0,0],"8":[0,0],"9":[0,0],"10":[0,0],"11":[0,0],"12":[0,0],"13":[0,0],"14":[0,0],"15":[0,0],"16":[0,0],"17":[0,0],"18":[0,0]}}
[...]
,"D:\\Work\\pnp-frontend\\source\\src\\widgets\\PayeeInfo\\index.ts": {"path":"D:\\Work\\pnp-frontend\\source\\src\\widgets\\PayeeInfo\\index.ts","statementMap":{"0":{"start":{"line":1,"column":0},"end":{"line":1,"column":9}},"1":{"start":{"line":1,"column":9},"end":{"line":1,"column":43}}},"fnMap":{"0":{"name":"(anonymous_0)","decl":{"start":{"line":1,"column":9},"end":{"line":1,"column":18}},"loc":{"start":{"line":1,"column":9},"end":{"line":1,"column":43}}}},"branchMap":{},"s":{"0":0,"1":0},"f":{"0":0},"b":{}}
,"D:\\Work\\pnp-frontend\\source\\src\\widgets\\PayeeInfo\\ui\\PayeeInfo.tsx": {"path":"D:\\Work\\pnp-frontend\\source\\src\\widgets\\PayeeInfo\\ui\\PayeeInfo.tsx","statementMap":{"0":{"start":{"line":1,"column":0},"end":{"line":1,"column":61}},"1":{"start":{"line":9,"column":25},"end":{"line":52,"column":1}},"2":{"start":{"line":10,"column":49},"end":{"line":10,"column":54}},"3":{"start":{"line":37,"column":4},"end":{"line":51,"column":6}},"4":{"start":{"line":9,"column":13},"end":{"line":9,"column":25}}},"fnMap":{"0":{"name":"(anonymous_1)","decl":{"start":{"line":9,"column":25},"end":{"line":9,"column":26}},"loc":{"start":{"line":9,"column":51},"end":{"line":52,"column":1}}}},"branchMap":{"0":{"loc":{"start":{"line":10,"column":23},"end":{"line":10,"column":44}},"type":"default-arg","locations":[{"start":{"line":10,"column":39},"end":{"line":10,"column":44}}]}},"s":{"0":0,"1":0,"2":0,"3":0,"4":0},"f":{"0":0},"b":{"0":[0]}}
,"D:\\Work\\pnp-frontend\\source\\src\\widgets\\SubmitModal\\index.ts": {"path":"D:\\Work\\pnp-frontend\\source\\src\\widgets\\SubmitModal\\index.ts","statementMap":{"0":{"start":{"line":1,"column":0},"end":{"line":1,"column":9}},"1":{"start":{"line":1,"column":9},"end":{"line":1,"column":47}}},"fnMap":{"0":{"name":"(anonymous_0)","decl":{"start":{"line":1,"column":9},"end":{"line":1,"column":20}},"loc":{"start":{"line":1,"column":9},"end":{"line":1,"column":47}}}},"branchMap":{},"s":{"0":0,"1":0},"f":{"0":0},"b":{}}
,"D:\\Work\\pnp-frontend\\source\\src\\widgets\\SubmitModal\\ui\\SubmitModal.tsx": {"path":"D:\\Work\\pnp-frontend\\source\\src\\widgets\\SubmitModal\\ui\\SubmitModal.tsx","statementMap":{"0":{"start":{"line":2,"column":0},"end":{"line":2,"column":45}},"1":{"start":{"line":3,"column":0},"end":{"line":3,"column":53}},"2":{"start":{"line":4,"column":0},"end":{"line":4,"column":51}},"3":{"start":{"line":5,"column":0},"end":{"line":5,"column":58}},"4":{"start":{"line":6,"column":0},"end":{"line":6,"column":84}},"5":{"start":{"line":7,"column":0},"end":{"line":7,"column":47}},"6":{"start":{"line":25,"column":27},"end":{"line":73,"column":1}},"7":{"start":{"line":26,"column":47},"end":{"line":26,"column":52}},"8":{"start":{"line":27,"column":30},"end":{"line":27,"column":45}},"9":{"start":{"line":29,"column":4},"end":{"line":72,"column":6}},"10":{"start":{"line":35,"column":20},"end":{"line":35,"column":40}},"11":{"start":{"line":25,"column":13},"end":{"line":25,"column":27}}},"fnMap":{"0":{"name":"(anonymous_1)","decl":{"start":{"line":25,"column":27},"end":{"line":25,"column":28}},"loc":{"start":{"line":25,"column":55},"end":{"line":73,"column":1}}},"1":{"name":"(anonymous_2)","decl":{"start":{"line":32,"column":63},"end":{"line":32,"column":66}},"loc":{"start":{"line":32,"column":68},"end":{"line":32,"column":71}}},"2":{"name":"(anonymous_3)","decl":{"start":{"line":34,"column":25},"end":{"line":34,"column":26}},"loc":{"start":{"line":34,"column":29},"end":{"line":36,"column":17}}}},"branchMap":{"0":{"loc":{"start":{"line":32,"column":21},"end":{"line":32,"column":71}},"type":"cond-expr","locations":[{"start":{"line":32,"column":42},"end":{"line":32,"column":60}},{"start":{"line":32,"column":63},"end":{"line":32,"column":71}}]},"1":{"loc":{"start":{"line":48,"column":29},"end":{"line":56,"column":null}},"type":"binary-expr","locations":[{"start":{"line":48,"column":29},"end":{"line":48,"column":49}},{"start":{"line":49,"column":32},"end":{"line":55,"column":null}}]},"2":{"loc":{"start":{"line":48,"column":29},"end":{"line":48,"column":49}},"type":"cond-expr","locations":[{"start":{"line":48,"column":33},"end":{"line":48,"column":35}},{"start":{"line":48,"column":29},"end":{"line":48,"column":49}}]},"3":{"loc":{"start":{"line":48,"column":29},"end":{"line":48,"column":35}},"type":"binary-expr","locations":[{"start":{"line":48,"column":29},"end":{"line":48,"column":35}},{"start":{"line":48,"column":29},"end":{"line":48,"column":35}}]},"4":{"loc":{"start":{"line":51,"column":45},"end":{"line":51,"column":81}},"type":"cond-expr","locations":[{"start":{"line":51,"column":61},"end":{"line":51,"column":69}},{"start":{"line":51,"column":72},"end":{"line":51,"column":81}}]},"5":{"loc":{"start":{"line":54,"column":47},"end":{"line":54,"column":98}},"type":"cond-expr","locations":[{"start":{"line":54,"column":63},"end":{"line":54,"column":82}},{"start":{"line":54,"column":85},"end":{"line":54,"column":98}}]},"6":{"loc":{"start":{"line":58,"column":29},"end":{"line":65,"column":null}},"type":"binary-expr","locations":[{"start":{"line":58,"column":29},"end":{"line":58,"column":51}},{"start":{"line":59,"column":32},"end":{"line":64,"column":null}}]},"7":{"loc":{"start":{"line":58,"column":29},"end":{"line":58,"column":51}},"type":"cond-expr","locations":[{"start":{"line":58,"column":33},"end":{"line":58,"column":35}},{"start":{"line":58,"column":29},"end":{"line":58,"column":51}}]},"8":{"loc":{"start":{"line":58,"column":29},"end":{"line":58,"column":35}},"type":"binary-expr","locations":[{"start":{"line":58,"column":29},"end":{"line":58,"column":35}},{"start":{"line":58,"column":29},"end":{"line":58,"column":35}}]}},"s":{"0":0,"1":0,"2":0,"3":0,"4":0,"5":0,"6":0,"7":0,"8":0,"9":0,"10":0,"11":0},"f":{"0":0,"1":0,"2":0},"b":{"0":[0,0],"1":[0,0],"2":[0,0],"3":[0,0],"4":[0,0],"5":[0,0],"6":[0,0],"7":[0,0],"8":[0,0]}}
,"D:\\Work\\pnp-frontend\\source\\src\\widgets\\ThreeDsForm\\index.ts": {"path":"D:\\Work\\pnp-frontend\\source\\src\\widgets\\ThreeDsForm\\index.ts","statementMap":{"0":{"start":{"line":1,"column":0},"end":{"line":1,"column":9}},"1":{"start":{"line":1,"column":9},"end":{"line":1,"column":47}}},"fnMap":{"0":{"name":"(anonymous_0)","decl":{"start":{"line":1,"column":9},"end":{"line":1,"column":20}},"loc":{"start":{"line":1,"column":9},"end":{"line":1,"column":47}}}},"branchMap":{},"s":{"0":0,"1":0},"f":{"0":0},"b":{}}
,"D:\\Work\\pnp-frontend\\source\\src\\widgets\\ThreeDsForm\\model\\services\\submitForm.tsx": {"path":"D:\\Work\\pnp-frontend\\source\\src\\widgets\\ThreeDsForm\\model\\services\\submitForm.tsx","statementMap":{"0":{"start":{"line":1,"column":0},"end":{"line":1,"column":50}},"1":{"start":{"line":4,"column":26},"end":{"line":47,"column":1}},"2":{"start":{"line":13,"column":16},"end":{"line":13,"column":66}},"3":{"start":{"line":15,"column":4},"end":{"line":46,"column":5}},"4":{"start":{"line":16,"column":25},"end":{"line":25,"column":10}},"5":{"start":{"line":27,"column":8},"end":{"line":32,"column":9}},"6":{"start":{"line":28,"column":12},"end":{"line":30,"column":13}},"7":{"start":{"line":29,"column":16},"end":{"line":29,"column":112}},"8":{"start":{"line":31,"column":12},"end":{"line":31,"column":77}},"9":{"start":{"line":34,"column":57},"end":{"line":34,"column":78}},"10":{"start":{"line":36,"column":8},"end":{"line":42,"column":9}},"11":{"start":{"line":37,"column":12},"end":{"line":37,"column":28}},"12":{"start":{"line":38,"column":12},"end":{"line":38,"column":24}},"13":{"start":{"line":40,"column":12},"end":{"line":40,"column":108}},"14":{"start":{"line":41,"column":12},"end":{"line":41,"column":29}},"15":{"start":{"line":44,"column":8},"end":{"line":44,"column":44}},"16":{"start":{"line":45,"column":8},"end":{"line":45,"column":25}},"17":{"start":{"line":4,"column":13},"end":{"line":4,"column":26}}},"fnMap":{"0":{"name":"(anonymous_0)","decl":{"start":{"line":4,"column":26},"end":{"line":4,"column":31}},"loc":{"start":{"line":12,"column":56},"end":{"line":47,"column":1}}}},"branchMap":{"0":{"loc":{"start":{"line":27,"column":8},"end":{"line":32,"column":9}},"type":"if","locations":[{"start":{"line":27,"column":8},"end":{"line":32,"column":9}},{"start":{},"end":{}}]},"1":{"loc":{"start":{"line":28,"column":12},"end":{"line":30,"column":13}},"type":"if","locations":[{"start":{"line":28,"column":12},"end":{"line":30,"column":13}},{"start":{},"end":{}}]},"2":{"loc":{"start":{"line":29,"column":29},"end":{"line":29,"column":108}},"type":"cond-expr","locations":[{"start":{"line":29,"column":42},"end":{"line":29,"column":73}},{"start":{"line":29,"column":76},"end":{"line":29,"column":108}}]},"3":{"loc":{"start":{"line":36,"column":8},"end":{"line":42,"column":9}},"type":"if","locations":[{"start":{"line":36,"column":8},"end":{"line":42,"column":9}},{"start":{"line":39,"column":15},"end":{"line":42,"column":9}}]},"4":{"loc":{"start":{"line":36,"column":12},"end":{"line":36,"column":25}},"type":"cond-expr","locations":[{"start":{"line":36,"column":16},"end":{"line":36,"column":18}},{"start":{"line":36,"column":12},"end":{"line":36,"column":25}}]},"5":{"loc":{"start":{"line":36,"column":12},"end":{"line":36,"column":18}},"type":"binary-expr","locations":[{"start":{"line":36,"column":12},"end":{"line":36,"column":18}},{"start":{"line":36,"column":12},"end":{"line":36,"column":18}}]},"6":{"loc":{"start":{"line":40,"column":25},"end":{"line":40,"column":104}},"type":"cond-expr","locations":[{"start":{"line":40,"column":38},"end":{"line":40,"column":69}},{"start":{"line":40,"column":72},"end":{"line":40,"column":104}}]}},"s":{"0":0,"1":0,"2":0,"3":0,"4":0,"5":0,"6":0,"7":0,"8":0,"9":0,"10":0,"11":0,"12":0,"13":0,"14":0,"15":0,"16":0,"17":0},"f":{"0":0},"b":{"0":[0,0],"1":[0,0],"2":[0,0],"3":[0,0],"4":[0,0],"5":[0,0],"6":[0,0]}}
,"D:\\Work\\pnp-frontend\\source\\src\\widgets\\ThreeDsForm\\model\\slice\\ThreeDSFormSlice.tsx": {"path":"D:\\Work\\pnp-frontend\\source\\src\\widgets\\ThreeDsForm\\model\\slice\\ThreeDSFormSlice.tsx","statementMap":{"0":{"start":{"line":1,"column":0},"end":{"line":1,"column":56}},"1":{"start":{"line":3,"column":0},"end":{"line":3,"column":33}},"2":{"start":{"line":4,"column":0},"end":{"line":4,"column":52}},"3":{"start":{"line":7,"column":13},"end":{"line":33,"column":4}},"4":{"start":{"line":7,"column":68},"end":{"line":33,"column":2}},"5":{"start":{"line":9,"column":28},"end":{"line":9,"column":54}},"6":{"start":{"line":11,"column":26},"end":{"line":11,"column":57}},"7":{"start":{"line":13,"column":23},"end":{"line":13,"column":51}},"8":{"start":{"line":14,"column":27},"end":{"line":14,"column":50}},"9":{"start":{"line":15,"column":21},"end":{"line":15,"column":54}},"10":{"start":{"line":17,"column":8},"end":{"line":17,"column":34}},"11":{"start":{"line":19,"column":20},"end":{"line":27,"column":10}},"12":{"start":{"line":29,"column":8},"end":{"line":29,"column":35}},"13":{"start":{"line":31,"column":8},"end":{"line":31,"column":19}}},"fnMap":{"0":{"name":"(anonymous_0)","decl":{"start":{"line":7,"column":60},"end":{"line":7,"column":63}},"loc":{"start":{"line":7,"column":68},"end":{"line":33,"column":2}}},"1":{"name":"(anonymous_1)","decl":{"start":{"line":9,"column":19},"end":{"line":9,"column":24}},"loc":{"start":{"line":9,"column":28},"end":{"line":9,"column":54}}},"2":{"name":"(anonymous_2)","decl":{"start":{"line":10,"column":16},"end":{"line":10,"column":21}},"loc":{"start":{"line":10,"column":68},"end":{"line":32,"column":5}}}},"branchMap":{"0":{"loc":{"start":{"line":14,"column":35},"end":{"line":14,"column":49}},"type":"cond-expr","locations":[{"start":{"line":14,"column":41},"end":{"line":14,"column":43}},{"start":{"line":14,"column":35},"end":{"line":14,"column":49}}]},"1":{"loc":{"start":{"line":14,"column":35},"end":{"line":14,"column":43}},"type":"binary-expr","locations":[{"start":{"line":14,"column":35},"end":{"line":14,"column":43}},{"start":{"line":14,"column":35},"end":{"line":14,"column":43}}]},"2":{"loc":{"start":{"line":15,"column":21},"end":{"line":15,"column":54}},"type":"cond-expr","locations":[{"start":{"line":15,"column":34},"end":{"line":15,"column":42}},{"start":{"line":15,"column":45},"end":{"line":15,"column":54}}]},"3":{"loc":{"start":{"line":24,"column":18},"end":{"line":24,"column":42}},"type":"cond-expr","locations":[{"start":{"line":24,"column":36},"end":{"line":24,"column":40}},{"start":{"line":24,"column":40},"end":{"line":24,"column":42}}]},"4":{"loc":{"start":{"line":24,"column":18},"end":{"line":24,"column":40}},"type":"binary-expr","locations":[{"start":{"line":24,"column":18},"end":{"line":24,"column":40}},{"start":{"line":24,"column":36},"end":{"line":24,"column":40}}]},"5":{"loc":{"start":{"line":24,"column":18},"end":{"line":24,"column":36}},"type":"cond-expr","locations":[{"start":{"line":24,"column":32},"end":{"line":24,"column":34}},{"start":{"line":24,"column":32},"end":{"line":24,"column":36}}]},"6":{"loc":{"start":{"line":24,"column":18},"end":{"line":24,"column":34}},"type":"binary-expr","locations":[{"start":{"line":24,"column":18},"end":{"line":24,"column":34}},{"start":{"line":24,"column":32},"end":{"line":24,"column":34}}]},"7":{"loc":{"start":{"line":24,"column":18},"end":{"line":24,"column":32}},"type":"cond-expr","locations":[{"start":{"line":24,"column":24},"end":{"line":24,"column":27}},{"start":{"line":24,"column":18},"end":{"line":24,"column":32}}]},"8":{"loc":{"start":{"line":24,"column":18},"end":{"line":24,"column":27}},"type":"binary-expr","locations":[{"start":{"line":24,"column":18},"end":{"line":24,"column":27}},{"start":{"line":24,"column":18},"end":{"line":24,"column":27}}]}},"s":{"0":0,"1":0,"2":0,"3":0,"4":0,"5":0,"6":0,"7":0,"8":0,"9":0,"10":0,"11":0,"12":0,"13":0},"f":{"0":0,"1":0,"2":0},"b":{"0":[0,0],"1":[0,0],"2":[0,0],"3":[0,0],"4":[0,0],"5":[0,0],"6":[0,0],"7":[0,0],"8":[0,0]}}
,"D:\\Work\\pnp-frontend\\source\\src\\widgets\\ThreeDsForm\\ui\\ThreeDsForm.tsx": {"path":"D:\\Work\\pnp-frontend\\source\\src\\widgets\\ThreeDsForm\\ui\\ThreeDsForm.tsx","statementMap":{"0":{"start":{"line":1,"column":0},"end":{"line":1,"column":48}},"1":{"start":{"line":2,"column":0},"end":{"line":2,"column":54}},"2":{"start":{"line":3,"column":0},"end":{"line":3,"column":54}},"3":{"start":{"line":4,"column":0},"end":{"line":4,"column":47}},"4":{"start":{"line":5,"column":0},"end":{"line":5,"column":24}},"5":{"start":{"line":6,"column":0},"end":{"line":6,"column":47}},"6":{"start":{"line":7,"column":0},"end":{"line":7,"column":39}},"7":{"start":{"line":8,"column":0},"end":{"line":8,"column":50}},"8":{"start":{"line":9,"column":0},"end":{"line":9,"column":38}},"9":{"start":{"line":10,"column":0},"end":{"line":10,"column":70}},"10":{"start":{"line":12,"column":0},"end":{"line":12,"column":47}},"11":{"start":{"line":13,"column":0},"end":{"line":13,"column":45}},"12":{"start":{"line":14,"column":0},"end":{"line":14,"column":34}},"13":{"start":{"line":16,"column":27},"end":{"line":110,"column":1}},"14":{"start":{"line":17,"column":34},"end":{"line":17,"column":49}},"15":{"start":{"line":18,"column":18},"end":{"line":18,"column":47}},"16":{"start":{"line":19,"column":39},"end":{"line":19,"column":60}},"17":{"start":{"line":20,"column":21},"end":{"line":20,"column":34}},"18":{"start":{"line":22,"column":30},"end":{"line":30,"column":6}},"19":{"start":{"line":27,"column":29},"end":{"line":27,"column":57}},"20":{"start":{"line":32,"column":24},"end":{"line":37,"column":6}},"21":{"start":{"line":39,"column":21},"end":{"line":45,"column":5}},"22":{"start":{"line":40,"column":8},"end":{"line":44,"column":9}},"23":{"start":{"line":41,"column":12},"end":{"line":41,"column":99}},"24":{"start":{"line":43,"column":12},"end":{"line":43,"column":48}},"25":{"start":{"line":46,"column":4},"end":{"line":48,"column":39}},"26":{"start":{"line":47,"column":8},"end":{"line":47,"column":62}},"27":{"start":{"line":50,"column":4},"end":{"line":109,"column":6}},"28":{"start":{"line":73,"column":32},"end":{"line":90,"column":null}},"29":{"start":{"line":78,"column":40},"end":{"line":84,"column":41}},"30":{"start":{"line":79,"column":44},"end":{"line":82,"column":47}},"31":{"start":{"line":83,"column":44},"end":{"line":83,"column":51}},"32":{"start":{"line":85,"column":40},"end":{"line":88,"column":42}},"33":{"start":{"line":16,"column":13},"end":{"line":16,"column":27}}},"fnMap":{"0":{"name":"(anonymous_1)","decl":{"start":{"line":16,"column":27},"end":{"line":16,"column":30}},"loc":{"start":{"line":16,"column":32},"end":{"line":110,"column":1}}},"1":{"name":"(anonymous_2)","decl":{"start":{"line":27,"column":20},"end":{"line":27,"column":25}},"loc":{"start":{"line":27,"column":29},"end":{"line":27,"column":57}}},"2":{"name":"(anonymous_3)","decl":{"start":{"line":39,"column":21},"end":{"line":39,"column":22}},"loc":{"start":{"line":39,"column":49},"end":{"line":45,"column":5}}},"3":{"name":"(anonymous_4)","decl":{"start":{"line":46,"column":14},"end":{"line":46,"column":17}},"loc":{"start":{"line":46,"column":19},"end":{"line":48,"column":5}}},"4":{"name":"(anonymous_5)","decl":{"start":{"line":72,"column":36},"end":{"line":72,"column":37}},"loc":{"start":{"line":73,"column":32},"end":{"line":90,"column":null}}},"5":{"name":"(anonymous_6)","decl":{"start":{"line":77,"column":46},"end":{"line":77,"column":47}},"loc":{"start":{"line":77,"column":50},"end":{"line":89,"column":37}}}},"branchMap":{"0":{"loc":{"start":{"line":78,"column":40},"end":{"line":84,"column":41}},"type":"if","locations":[{"start":{"line":78,"column":40},"end":{"line":84,"column":41}},{"start":{},"end":{}}]},"1":{"loc":{"start":{"line":78,"column":44},"end":{"line":78,"column":109}},"type":"binary-expr","locations":[{"start":{"line":78,"column":44},"end":{"line":78,"column":69}},{"start":{"line":78,"column":73},"end":{"line":78,"column":109}}]},"2":{"loc":{"start":{"line":94,"column":25},"end":{"line":95,"column":null}},"type":"binary-expr","locations":[{"start":{"line":94,"column":25},"end":{"line":94,"column":65}},{"start":{"line":95,"column":28},"end":{"line":95,"column":109}}]},"3":{"loc":{"start":{"line":104,"column":29},"end":{"line":104,"column":74}},"type":"binary-expr","locations":[{"start":{"line":104,"column":29},"end":{"line":104,"column":59}},{"start":{"line":104,"column":63},"end":{"line":104,"column":74}}]}},"s":{"0":0,"1":0,"2":0,"3":0,"4":0,"5":0,"6":0,"7":0,"8":0,"9":0,"10":0,"11":0,"12":0,"13":0,"14":0,"15":0,"16":0,"17":0,"18":0,"19":0,"20":0,"21":0,"22":0,"23":0,"24":0,"25":0,"26":0,"27":0,"28":0,"29":0,"30":0,"31":0,"32":0,"33":0},"f":{"0":0,"1":0,"2":0,"3":0,"4":0,"5":0},"b":{"0":[0,0],"1":[0,0],"2":[0,0],"3":[0,0]}}
}
