TN:
SF:src\AppContext.tsx
FN:51,(anonymous_10)
FN:58,(anonymous_11)
FN:60,(anonymous_12)
FN:81,(anonymous_13)
FN:82,(anonymous_14)
FN:94,(anonymous_15)
FN:115,(anonymous_16)
FN:121,(anonymous_17)
FN:130,(anonymous_18)
FN:161,(anonymous_19)
FN:168,(anonymous_20)
FN:208,(anonymous_21)
FN:212,(anonymous_22)
FN:325,(anonymous_23)
FNF:14
FNH:0
FNDA:0,(anonymous_10)
FNDA:0,(anonymous_11)
FNDA:0,(anonymous_12)
FNDA:0,(anonymous_13)
FNDA:0,(anonymous_14)
FNDA:0,(anonymous_15)
FNDA:0,(anonymous_16)
FNDA:0,(anonymous_17)
FNDA:0,(anonymous_18)
FNDA:0,(anonymous_19)
FNDA:0,(anonymous_20)
FNDA:0,(anonymous_21)
FNDA:0,(anonymous_22)
FNDA:0,(anonymous_23)
DA:1,0
DA:2,0
DA:3,0
DA:4,0
DA:6,0
DA:8,0
DA:9,0
DA:12,0
DA:13,0
DA:14,0
DA:43,0
DA:45,0
DA:46,0
DA:47,0
DA:48,0
DA:51,0
DA:52,0
DA:53,0
DA:54,0
DA:56,0
DA:58,0
DA:60,0
DA:61,0
DA:62,0
DA:66,0
DA:68,0
DA:69,0
DA:71,0
DA:73,0
DA:74,0
DA:75,0
DA:77,0
DA:79,0
DA:81,0
DA:82,0
DA:83,0
DA:85,0
DA:88,0
DA:90,0
DA:94,0
DA:95,0
DA:97,0
DA:98,0
DA:99,0
DA:100,0
DA:103,0
DA:104,0
DA:108,0
DA:109,0
DA:111,0
DA:115,0
DA:116,0
DA:117,0
DA:121,0
DA:122,0
DA:126,0
DA:127,0
DA:130,0
DA:131,0
DA:133,0
DA:134,0
DA:136,0
DA:137,0
DA:149,0
DA:153,0
DA:161,0
DA:162,0
DA:163,0
DA:165,0
DA:168,0
DA:169,0
DA:171,0
DA:175,0
DA:179,0
DA:181,0
DA:183,0
DA:184,0
DA:186,0
DA:187,0
DA:189,0
DA:191,0
DA:193,0
DA:195,0
DA:198,0
DA:200,0
DA:205,0
DA:206,0
DA:208,0
DA:209,0
DA:212,0
DA:213,0
DA:215,0
DA:216,0
DA:218,0
DA:240,0
DA:241,0
DA:245,0
DA:268,0
DA:269,0
DA:273,0
DA:274,0
DA:275,0
DA:278,0
DA:279,0
DA:280,0
DA:284,0
DA:325,0
DA:326,0
DA:327,0
DA:328,0
DA:330,0
LF:111
LH:0
BRDA:53,0,0,0
BRDA:53,0,1,0
BRDA:53,1,0,0
BRDA:53,1,1,0
BRDA:54,2,0,0
BRDA:54,2,1,0
BRDA:58,3,0,0
BRDA:58,3,1,0
BRDA:61,4,0,0
BRDA:61,4,1,0
BRDA:61,5,0,0
BRDA:61,5,1,0
BRDA:61,6,0,0
BRDA:61,6,1,0
BRDA:61,7,0,0
BRDA:61,7,1,0
BRDA:61,8,0,0
BRDA:61,8,1,0
BRDA:61,9,0,0
BRDA:61,9,1,0
BRDA:95,10,0,0
BRDA:95,10,1,0
BRDA:95,11,0,0
BRDA:95,11,1,0
BRDA:95,12,0,0
BRDA:95,12,1,0
BRDA:95,13,0,0
BRDA:95,13,1,0
BRDA:95,14,0,0
BRDA:95,14,1,0
BRDA:95,15,0,0
BRDA:95,15,1,0
BRDA:95,16,0,0
BRDA:95,16,1,0
BRDA:95,17,0,0
BRDA:95,17,1,0
BRDA:97,18,0,0
BRDA:97,18,1,0
BRDA:97,19,0,0
BRDA:97,19,1,0
BRDA:97,20,0,0
BRDA:97,20,1,0
BRDA:97,21,0,0
BRDA:97,21,1,0
BRDA:97,22,0,0
BRDA:97,22,1,0
BRDA:103,23,0,0
BRDA:103,23,1,0
BRDA:103,24,0,0
BRDA:103,24,1,0
BRDA:103,25,0,0
BRDA:103,25,1,0
BRDA:105,26,0,0
BRDA:105,26,1,0
BRDA:105,27,0,0
BRDA:105,27,1,0
BRDA:105,28,0,0
BRDA:105,28,1,0
BRDA:105,29,0,0
BRDA:105,29,1,0
BRDA:106,30,0,0
BRDA:106,30,1,0
BRDA:106,31,0,0
BRDA:106,31,1,0
BRDA:113,32,0,0
BRDA:113,32,1,0
BRDA:113,33,0,0
BRDA:113,33,1,0
BRDA:113,34,0,0
BRDA:113,34,1,0
BRDA:113,35,0,0
BRDA:113,35,1,0
BRDA:116,36,0,0
BRDA:116,36,1,0
BRDA:116,37,0,0
BRDA:116,37,1,0
BRDA:116,38,0,0
BRDA:116,38,1,0
BRDA:136,39,0,0
BRDA:136,39,1,0
BRDA:149,40,0,0
BRDA:149,40,1,0
BRDA:150,41,0,0
BRDA:150,41,1,0
BRDA:154,42,0,0
BRDA:154,42,1,0
BRDA:162,43,0,0
BRDA:162,43,1,0
BRDA:169,44,0,0
BRDA:169,44,1,0
BRDA:169,44,2,0
BRDA:169,44,3,0
BRDA:169,44,4,0
BRDA:169,44,5,0
BRDA:169,44,6,0
BRDA:169,44,7,0
BRDA:169,44,8,0
BRDA:169,44,9,0
BRDA:169,44,10,0
BRDA:169,44,11,0
BRDA:169,44,12,0
BRDA:183,45,0,0
BRDA:183,45,1,0
BRDA:183,46,0,0
BRDA:183,46,1,0
BRDA:183,47,0,0
BRDA:183,47,1,0
BRDA:183,48,0,0
BRDA:183,48,1,0
BRDA:183,49,0,0
BRDA:183,49,1,0
BRDA:183,50,0,0
BRDA:183,50,1,0
BRDA:183,51,0,0
BRDA:183,51,1,0
BRDA:186,52,0,0
BRDA:186,52,1,0
BRDA:186,53,0,0
BRDA:186,53,1,0
BRDA:186,54,0,0
BRDA:186,54,1,0
BRDA:186,55,0,0
BRDA:186,55,1,0
BRDA:186,56,0,0
BRDA:186,56,1,0
BRDA:186,57,0,0
BRDA:186,57,1,0
BRDA:186,58,0,0
BRDA:186,58,1,0
BRDA:186,59,0,0
BRDA:186,59,1,0
BRDA:186,60,0,0
BRDA:186,60,1,0
BRDA:186,61,0,0
BRDA:186,61,1,0
BRDA:186,62,0,0
BRDA:186,62,1,0
BRDA:186,63,0,0
BRDA:186,63,1,0
BRDA:186,64,0,0
BRDA:186,64,1,0
BRDA:186,65,0,0
BRDA:186,65,1,0
BRDA:205,66,0,0
BRDA:205,66,1,0
BRDA:205,67,0,0
BRDA:205,67,1,0
BRDA:205,68,0,0
BRDA:205,68,1,0
BRDA:205,69,0,0
BRDA:205,69,1,0
BRDA:206,70,0,0
BRDA:206,70,1,0
BRDA:206,71,0,0
BRDA:206,71,1,0
BRDA:206,72,0,0
BRDA:206,72,1,0
BRDA:206,73,0,0
BRDA:206,73,1,0
BRDA:209,74,0,0
BRDA:209,74,1,0
BRDA:209,75,0,0
BRDA:209,75,1,0
BRDA:209,76,0,0
BRDA:209,76,1,0
BRDA:209,77,0,0
BRDA:209,77,1,0
BRDA:210,78,0,0
BRDA:210,78,1,0
BRDA:210,79,0,0
BRDA:210,79,1,0
BRDA:210,80,0,0
BRDA:210,80,1,0
BRDA:210,81,0,0
BRDA:210,81,1,0
BRDA:216,82,0,0
BRDA:216,82,1,0
BRDA:216,83,0,0
BRDA:216,83,1,0
BRDA:218,84,0,0
BRDA:218,84,1,0
BRDA:219,85,0,0
BRDA:219,85,1,0
BRDA:245,86,0,0
BRDA:245,86,1,0
BRDA:246,87,0,0
BRDA:246,87,1,0
BRDA:273,88,0,0
BRDA:273,88,1,0
BRDA:273,89,0,0
BRDA:273,89,1,0
BRDA:278,90,0,0
BRDA:278,90,1,0
BRDA:278,91,0,0
BRDA:278,91,1,0
BRDA:278,92,0,0
BRDA:278,92,1,0
BRDA:278,93,0,0
BRDA:278,93,1,0
BRDA:282,94,0,0
BRDA:282,94,1,0
BRDA:282,95,0,0
BRDA:282,95,1,0
BRDA:282,96,0,0
BRDA:282,96,1,0
BRDA:282,97,0,0
BRDA:282,97,1,0
BRDA:286,98,0,0
BRDA:286,98,1,0
BRDA:327,99,0,0
BRDA:327,99,1,0
BRF:211
BRH:0
end_of_record
TN:
SF:src\main.tsx
FNF:0
FNH:0
DA:1,0
DA:2,0
DA:3,0
DA:4,0
DA:5,0
DA:6,0
DA:7,0
DA:8,0
DA:10,0
DA:12,0
DA:13,0
DA:16,0
DA:17,0
DA:19,0
LF:14
LH:0
BRDA:12,0,0,0
BRDA:12,0,1,0
BRF:2
BRH:0
end_of_record
TN:
SF:src\app\App.tsx
FN:13,(anonymous_1)
FN:20,(anonymous_2)
FN:28,(anonymous_3)
FN:30,(anonymous_4)
FN:32,(anonymous_5)
FN:41,(anonymous_6)
FNF:6
FNH:0
FNDA:0,(anonymous_1)
FNDA:0,(anonymous_2)
FNDA:0,(anonymous_3)
FNDA:0,(anonymous_4)
FNDA:0,(anonymous_5)
FNDA:0,(anonymous_6)
DA:1,0
DA:2,0
DA:4,0
DA:5,0
DA:6,0
DA:7,0
DA:8,0
DA:9,0
DA:11,0
DA:13,0
DA:14,0
DA:16,0
DA:17,0
DA:18,0
DA:20,0
DA:21,0
DA:23,0
DA:26,0
DA:28,0
DA:30,0
DA:32,0
DA:33,0
DA:34,0
DA:35,0
DA:37,0
DA:41,0
DA:45,0
DA:65,0
LF:28
LH:0
BRDA:18,0,0,0
BRDA:18,0,1,0
BRDA:21,1,0,0
BRDA:21,1,1,0
BRDA:21,2,0,0
BRDA:21,2,1,0
BRDA:21,3,0,0
BRDA:21,3,1,0
BRDA:21,4,0,0
BRDA:21,4,1,0
BRDA:21,5,0,0
BRDA:21,5,1,0
BRDA:23,6,0,0
BRDA:23,6,1,0
BRDA:23,7,0,0
BRDA:23,7,1,0
BRDA:26,8,0,0
BRDA:26,8,1,0
BRDA:26,9,0,0
BRDA:26,9,1,0
BRDA:26,10,0,0
BRDA:26,10,1,0
BRDA:26,11,0,0
BRDA:26,11,1,0
BRDA:43,12,0,0
BRDA:43,12,1,0
BRDA:43,13,0,0
BRDA:43,13,1,0
BRDA:43,14,0,0
BRDA:43,14,1,0
BRDA:43,15,0,0
BRDA:43,15,1,0
BRDA:47,16,0,0
BRDA:47,16,1,0
BRF:34
BRH:0
end_of_record
TN:
SF:src\app\providers\router\index.ts
FNF:0
FNH:0
DA:1,0
DA:3,0
LF:2
LH:0
BRF:0
BRH:0
end_of_record
TN:
SF:src\app\providers\router\config\routeConfig.tsx
FNF:0
FNH:0
DA:1,0
DA:2,0
DA:3,0
DA:4,0
DA:5,0
DA:6,0
DA:7,0
DA:8,0
DA:9,0
DA:10,0
DA:11,0
DA:12,0
DA:14,0
DA:16,0
DA:32,0
LF:15
LH:0
BRF:0
BRH:0
end_of_record
TN:
SF:src\app\providers\router\ui\AppRouter.tsx
FN:5,(anonymous_0)
FNF:1
FNH:0
FNDA:0,(anonymous_0)
DA:1,0
DA:2,0
DA:3,0
DA:5,0
DA:6,0
DA:7,0
DA:10,0
LF:7
LH:0
BRF:0
BRH:0
end_of_record
TN:
SF:src\hooks\useGetCardNumberFormData.ts
FN:21,(anonymous_0)
FN:49,(anonymous_1)
FN:58,(anonymous_2)
FN:64,(anonymous_3)
FN:79,(anonymous_4)
FN:85,(anonymous_5)
FNF:6
FNH:0
FNDA:0,(anonymous_0)
FNDA:0,(anonymous_1)
FNDA:0,(anonymous_2)
FNDA:0,(anonymous_3)
FNDA:0,(anonymous_4)
FNDA:0,(anonymous_5)
DA:1,0
DA:2,0
DA:4,0
DA:5,0
DA:6,0
DA:21,0
DA:22,0
DA:23,0
DA:24,0
DA:26,0
DA:44,0
DA:49,0
DA:50,0
DA:51,0
DA:53,0
DA:55,0
DA:58,0
DA:59,0
DA:60,0
DA:61,0
DA:64,0
DA:65,0
DA:66,0
DA:68,0
DA:69,0
DA:70,0
DA:71,0
DA:73,0
DA:76,0
DA:79,0
DA:80,0
DA:81,0
DA:85,0
DA:86,0
DA:87,0
DA:89,0
DA:91,0
DA:93,0
DA:94,0
DA:97,0
DA:100,0
LF:41
LH:0
BRDA:53,0,0,0
BRDA:53,0,1,0
BRDA:53,1,0,0
BRDA:53,1,1,0
BRDA:53,2,0,0
BRDA:53,2,1,0
BRDA:68,3,0,0
BRDA:68,3,1,0
BRDA:70,4,0,0
BRDA:70,4,1,0
BRDA:80,5,0,0
BRDA:80,5,1,0
BRDA:80,6,0,0
BRDA:80,6,1,0
BRDA:93,7,0,0
BRDA:93,7,1,0
BRDA:97,8,0,0
BRDA:97,8,1,0
BRDA:97,9,0,0
BRDA:97,9,1,0
BRF:20
BRH:0
end_of_record
TN:
SF:src\hooks\usePaymentPage.tsx
FN:7,usePaymentPage
FN:14,(anonymous_1)
FNF:2
FNH:0
FNDA:0,usePaymentPage
FNDA:0,(anonymous_1)
DA:1,0
DA:2,0
DA:3,0
DA:4,0
DA:5,0
DA:7,0
DA:8,0
DA:10,0
DA:11,0
DA:12,0
DA:14,0
DA:15,0
DA:16,0
DA:18,0
DA:19,0
DA:23,0
DA:24,0
DA:27,0
DA:28,0
LF:19
LH:0
BRDA:7,0,0,0
BRDA:18,1,0,0
BRDA:18,1,1,0
BRDA:19,2,0,0
BRDA:19,2,1,0
BRDA:20,3,0,0
BRDA:20,3,1,0
BRDA:23,4,0,0
BRDA:23,4,1,0
BRDA:23,5,0,0
BRDA:23,5,1,0
BRDA:24,6,0,0
BRDA:24,6,1,0
BRDA:24,7,0,0
BRDA:24,7,1,0
BRDA:27,8,0,0
BRDA:27,8,1,0
BRDA:27,9,0,0
BRDA:27,9,1,0
BRDA:27,9,2,0
BRF:20
BRH:0
end_of_record
TN:
SF:src\pages\GeneralErrorPage.tsx
FN:11,(anonymous_1)
FN:13,(anonymous_2)
FN:24,(anonymous_3)
FN:54,(anonymous_4)
FNF:4
FNH:0
FNDA:0,(anonymous_1)
FNDA:0,(anonymous_2)
FNDA:0,(anonymous_3)
FNDA:0,(anonymous_4)
DA:1,0
DA:2,0
DA:3,0
DA:4,0
DA:5,0
DA:6,0
DA:7,0
DA:8,0
DA:11,0
DA:12,0
DA:13,0
DA:15,0
DA:16,0
DA:17,0
DA:19,0
DA:20,0
DA:22,0
DA:24,0
DA:25,0
DA:26,0
DA:29,0
DA:31,0
DA:54,0
DA:73,0
LF:24
LH:0
BRDA:11,0,0,0
BRDA:16,1,0,0
BRDA:16,1,1,0
BRDA:16,2,0,0
BRDA:16,2,1,0
BRDA:17,3,0,0
BRDA:17,3,1,0
BRDA:19,4,0,0
BRDA:19,4,1,0
BRDA:19,5,0,0
BRDA:19,5,1,0
BRDA:19,6,0,0
BRDA:19,6,1,0
BRDA:19,7,0,0
BRDA:19,7,1,0
BRDA:19,8,0,0
BRDA:19,8,1,0
BRDA:19,9,0,0
BRDA:19,9,1,0
BRDA:19,10,0,0
BRDA:19,10,1,0
BRDA:19,11,0,0
BRDA:19,11,1,0
BRDA:19,12,0,0
BRDA:19,12,1,0
BRDA:19,13,0,0
BRDA:19,13,1,0
BRDA:20,14,0,0
BRDA:20,14,1,0
BRDA:20,15,0,0
BRDA:20,15,1,0
BRDA:20,16,0,0
BRDA:20,16,1,0
BRDA:20,17,0,0
BRDA:20,17,1,0
BRDA:20,18,0,0
BRDA:20,18,1,0
BRDA:20,19,0,0
BRDA:20,19,1,0
BRDA:20,20,0,0
BRDA:20,20,1,0
BRDA:20,21,0,0
BRDA:20,21,1,0
BRDA:20,22,0,0
BRDA:20,22,1,0
BRDA:20,23,0,0
BRDA:20,23,1,0
BRDA:26,24,0,0
BRDA:26,24,1,0
BRDA:26,25,0,0
BRDA:26,25,1,0
BRDA:29,26,0,0
BRDA:29,26,1,0
BRDA:37,27,0,0
BRDA:37,27,1,0
BRDA:40,28,0,0
BRDA:40,28,1,0
BRDA:45,29,0,0
BRDA:45,29,1,0
BRDA:45,29,2,0
BRDA:45,29,3,0
BRDA:54,30,0,0
BRDA:54,30,1,0
BRDA:54,31,0,0
BRDA:54,31,1,0
BRDA:64,32,0,0
BRDA:64,32,1,0
BRDA:64,33,0,0
BRDA:64,33,1,0
BRDA:65,34,0,0
BRDA:65,34,1,0
BRDA:65,35,0,0
BRDA:65,35,1,0
BRF:73
BRH:0
end_of_record
TN:
SF:src\pages\MainPage.tsx
FN:16,(anonymous_1)
FN:18,(anonymous_2)
FN:28,(anonymous_3)
FN:37,(anonymous_4)
FNF:4
FNH:0
FNDA:0,(anonymous_1)
FNDA:0,(anonymous_2)
FNDA:0,(anonymous_3)
FNDA:0,(anonymous_4)
DA:1,0
DA:2,0
DA:4,0
DA:5,0
DA:7,0
DA:8,0
DA:9,0
DA:10,0
DA:11,0
DA:12,0
DA:14,0
DA:16,0
DA:17,0
DA:18,0
DA:19,0
DA:20,0
DA:21,0
DA:23,0
DA:24,0
DA:26,0
DA:28,0
DA:29,0
DA:38,0
DA:40,0
DA:43,0
DA:47,0
DA:94,0
LF:27
LH:0
BRDA:19,0,0,0
BRDA:19,0,1,0
BRDA:19,1,0,0
BRDA:19,1,1,0
BRDA:20,2,0,0
BRDA:20,2,1,0
BRDA:21,3,0,0
BRDA:21,3,1,0
BRDA:23,4,0,0
BRDA:23,4,1,0
BRDA:26,5,0,0
BRDA:26,5,1,0
BRDA:26,6,0,0
BRDA:26,6,1,0
BRDA:26,7,0,0
BRDA:26,7,1,0
BRDA:26,8,0,0
BRDA:26,8,1,0
BRDA:31,9,0,0
BRDA:31,9,1,0
BRDA:31,10,0,0
BRDA:31,10,1,0
BRDA:31,11,0,0
BRDA:31,11,1,0
BRDA:31,12,0,0
BRDA:31,12,1,0
BRDA:51,13,0,0
BRDA:51,13,1,0
BRDA:51,14,0,0
BRDA:51,14,1,0
BRDA:51,15,0,0
BRDA:51,15,1,0
BRDA:51,16,0,0
BRDA:51,16,1,0
BRDA:51,17,0,0
BRDA:51,17,1,0
BRDA:60,18,0,0
BRDA:60,18,1,0
BRF:38
BRH:0
end_of_record
TN:
SF:src\pages\PayErrorPage.tsx
FN:11,(anonymous_1)
FN:15,(anonymous_2)
FN:24,(anonymous_3)
FN:54,(anonymous_4)
FNF:4
FNH:0
FNDA:0,(anonymous_1)
FNDA:0,(anonymous_2)
FNDA:0,(anonymous_3)
FNDA:0,(anonymous_4)
DA:1,0
DA:2,0
DA:4,0
DA:5,0
DA:6,0
DA:7,0
DA:8,0
DA:9,0
DA:11,0
DA:12,0
DA:14,0
DA:15,0
DA:17,0
DA:18,0
DA:20,0
DA:22,0
DA:24,0
DA:25,0
DA:26,0
DA:30,0
DA:32,0
DA:54,0
DA:73,0
LF:23
LH:0
BRDA:11,0,0,0
BRDA:17,1,0,0
BRDA:17,1,1,0
BRDA:17,2,0,0
BRDA:17,2,1,0
BRDA:18,3,0,0
BRDA:18,3,1,0
BRDA:20,4,0,0
BRDA:20,4,1,0
BRDA:20,5,0,0
BRDA:20,5,1,0
BRDA:20,6,0,0
BRDA:20,6,1,0
BRDA:20,7,0,0
BRDA:20,7,1,0
BRDA:20,8,0,0
BRDA:20,8,1,0
BRDA:20,9,0,0
BRDA:20,9,1,0
BRDA:20,10,0,0
BRDA:20,10,1,0
BRDA:20,11,0,0
BRDA:20,11,1,0
BRDA:20,12,0,0
BRDA:20,12,1,0
BRDA:20,13,0,0
BRDA:20,13,1,0
BRDA:22,14,0,0
BRDA:22,14,1,0
BRDA:26,15,0,0
BRDA:26,15,1,0
BRDA:38,16,0,0
BRDA:38,16,1,0
BRDA:41,17,0,0
BRDA:41,17,1,0
BRDA:45,18,0,0
BRDA:45,18,1,0
BRF:37
BRH:0
end_of_record
TN:
SF:src\pages\PayeeDataPage.tsx
FN:11,(anonymous_1)
FN:13,(anonymous_2)
FN:24,(anonymous_3)
FN:28,(anonymous_4)
FN:57,(anonymous_5)
FNF:5
FNH:0
FNDA:0,(anonymous_1)
FNDA:0,(anonymous_2)
FNDA:0,(anonymous_3)
FNDA:0,(anonymous_4)
FNDA:0,(anonymous_5)
DA:1,0
DA:2,0
DA:4,0
DA:5,0
DA:7,0
DA:8,0
DA:9,0
DA:11,0
DA:12,0
DA:13,0
DA:15,0
DA:18,0
DA:19,0
DA:20,0
DA:22,0
DA:24,0
DA:25,0
DA:28,0
DA:29,0
DA:32,0
DA:35,0
DA:74,0
LF:22
LH:0
BRDA:19,0,0,0
BRDA:19,0,1,0
BRDA:19,1,0,0
BRDA:19,1,1,0
BRDA:20,2,0,0
BRDA:20,2,1,0
BRDA:30,3,0,0
BRDA:30,3,1,0
BRDA:30,4,0,0
BRDA:30,4,1,0
BRDA:30,5,0,0
BRDA:30,5,1,0
BRDA:30,6,0,0
BRDA:30,6,1,0
BRDA:30,7,0,0
BRDA:30,7,1,0
BRDA:30,8,0,0
BRDA:30,8,1,0
BRDA:30,9,0,0
BRDA:30,9,1,0
BRDA:30,10,0,0
BRDA:30,10,1,0
BRDA:32,11,0,0
BRDA:32,11,1,0
BRDA:32,12,0,0
BRDA:32,12,1,0
BRDA:32,13,0,0
BRDA:32,13,1,0
BRDA:32,14,0,0
BRDA:32,14,1,0
BRDA:32,15,0,0
BRDA:32,15,1,0
BRDA:32,16,0,0
BRDA:32,16,1,0
BRDA:32,17,0,0
BRDA:32,17,1,0
BRDA:32,18,0,0
BRDA:32,18,1,0
BRDA:32,19,0,0
BRDA:32,19,1,0
BRDA:32,20,0,0
BRDA:32,20,1,0
BRDA:42,21,0,0
BRDA:42,21,1,0
BRDA:42,22,0,0
BRDA:42,22,1,0
BRDA:42,23,0,0
BRDA:42,23,1,0
BRDA:42,24,0,0
BRDA:42,24,1,0
BRDA:43,25,0,0
BRDA:43,25,1,0
BRDA:43,26,0,0
BRDA:43,26,1,0
BRDA:43,27,0,0
BRDA:43,27,1,0
BRDA:43,28,0,0
BRDA:43,28,1,0
BRDA:43,29,0,0
BRDA:43,29,1,0
BRDA:43,30,0,0
BRDA:43,30,1,0
BRDA:57,31,0,0
BRDA:57,31,1,0
BRDA:57,32,0,0
BRDA:57,32,1,0
BRDA:57,33,0,0
BRDA:57,33,1,0
BRDA:57,34,0,0
BRDA:57,34,1,0
BRDA:57,35,0,0
BRDA:57,35,1,0
BRDA:57,36,0,0
BRDA:57,36,1,0
BRDA:57,37,0,0
BRDA:57,37,1,0
BRDA:57,38,0,0
BRDA:57,38,1,0
BRDA:57,39,0,0
BRDA:57,39,1,0
BRDA:58,40,0,0
BRDA:58,40,1,0
BRDA:58,41,0,0
BRDA:58,41,1,0
BRDA:58,42,0,0
BRDA:58,42,1,0
BRDA:58,43,0,0
BRDA:58,43,1,0
BRDA:58,44,0,0
BRDA:58,44,1,0
BRDA:58,45,0,0
BRDA:58,45,1,0
BRDA:58,46,0,0
BRDA:58,46,1,0
BRDA:58,47,0,0
BRDA:58,47,1,0
BRDA:58,48,0,0
BRDA:58,48,1,0
BRDA:59,49,0,0
BRDA:59,49,1,0
BRDA:59,50,0,0
BRDA:59,50,1,0
BRDA:59,51,0,0
BRDA:59,51,1,0
BRDA:59,52,0,0
BRDA:59,52,1,0
BRDA:59,53,0,0
BRDA:59,53,1,0
BRDA:59,54,0,0
BRDA:59,54,1,0
BRDA:59,55,0,0
BRDA:59,55,1,0
BRDA:59,56,0,0
BRDA:59,56,1,0
BRDA:60,57,0,0
BRDA:60,57,1,0
BRDA:60,58,0,0
BRDA:60,58,1,0
BRDA:60,59,0,0
BRDA:60,59,1,0
BRDA:60,60,0,0
BRDA:60,60,1,0
BRDA:60,61,0,0
BRDA:60,61,1,0
BRDA:60,62,0,0
BRDA:60,62,1,0
BRDA:60,63,0,0
BRDA:60,63,1,0
BRDA:60,64,0,0
BRDA:60,64,1,0
BRDA:60,65,0,0
BRDA:60,65,1,0
BRDA:63,66,0,0
BRDA:63,66,1,0
BRDA:63,67,0,0
BRDA:63,67,1,0
BRDA:63,67,2,0
BRDA:63,68,0,0
BRDA:63,68,1,0
BRDA:63,69,0,0
BRDA:63,69,1,0
BRDA:63,70,0,0
BRDA:63,70,1,0
BRDA:63,71,0,0
BRDA:63,71,1,0
BRDA:63,72,0,0
BRDA:63,72,1,0
BRDA:63,73,0,0
BRDA:63,73,1,0
BRDA:63,74,0,0
BRDA:63,74,1,0
BRDA:63,75,0,0
BRDA:63,75,1,0
BRDA:63,76,0,0
BRDA:63,76,1,0
BRDA:63,77,0,0
BRDA:63,77,1,0
BRDA:64,78,0,0
BRDA:64,78,1,0
BRDA:64,79,0,0
BRDA:64,79,1,0
BRDA:64,80,0,0
BRDA:64,80,1,0
BRDA:64,81,0,0
BRDA:64,81,1,0
BRDA:65,82,0,0
BRDA:65,82,1,0
BRDA:65,83,0,0
BRDA:65,83,1,0
BRDA:65,84,0,0
BRDA:65,84,1,0
BRDA:65,85,0,0
BRDA:65,85,1,0
BRDA:65,86,0,0
BRDA:65,86,1,0
BRDA:65,87,0,0
BRDA:65,87,1,0
BRDA:65,88,0,0
BRDA:65,88,1,0
BRDA:65,89,0,0
BRDA:65,89,1,0
BRF:181
BRH:0
end_of_record
TN:
SF:src\pages\PayeeSearchPage.tsx
FN:11,(anonymous_1)
FN:13,(anonymous_2)
FN:28,(anonymous_3)
FN:29,(anonymous_4)
FNF:4
FNH:0
FNDA:0,(anonymous_1)
FNDA:0,(anonymous_2)
FNDA:0,(anonymous_3)
FNDA:0,(anonymous_4)
DA:1,0
DA:2,0
DA:4,0
DA:5,0
DA:6,0
DA:8,0
DA:9,0
DA:11,0
DA:12,0
DA:13,0
DA:15,0
DA:17,0
DA:18,0
DA:21,0
DA:23,0
DA:25,0
DA:26,0
DA:28,0
DA:29,0
DA:30,0
DA:31,0
DA:32,0
DA:33,0
DA:35,0
DA:36,0
DA:42,0
DA:60,0
LF:27
LH:0
BRDA:17,0,0,0
BRDA:17,0,1,0
BRDA:17,1,0,0
BRDA:17,1,1,0
BRDA:18,2,0,0
BRDA:18,2,1,0
BRDA:31,3,0,0
BRDA:31,3,1,0
BRDA:35,4,0,0
BRDA:35,4,1,0
BRDA:48,5,0,0
BRDA:48,5,1,0
BRDA:48,6,0,0
BRDA:48,6,1,0
BRDA:48,7,0,0
BRDA:48,7,1,0
BRDA:48,8,0,0
BRDA:48,8,1,0
BRDA:49,9,0,0
BRDA:49,9,1,0
BRDA:49,10,0,0
BRDA:49,10,1,0
BRDA:49,11,0,0
BRDA:49,11,1,0
BRDA:49,12,0,0
BRDA:49,12,1,0
BRDA:49,13,0,0
BRDA:49,13,1,0
BRDA:49,14,0,0
BRDA:49,14,1,0
BRDA:50,15,0,0
BRDA:50,15,1,0
BRDA:50,16,0,0
BRDA:50,16,1,0
BRDA:50,17,0,0
BRDA:50,17,1,0
BRDA:50,18,0,0
BRDA:50,18,1,0
BRF:38
BRH:0
end_of_record
TN:
SF:src\pages\PaymentConfirmationPage.tsx
FN:14,(anonymous_1)
FN:32,(anonymous_2)
FN:40,(anonymous_3)
FN:68,(anonymous_4)
FNF:4
FNH:0
FNDA:0,(anonymous_1)
FNDA:0,(anonymous_2)
FNDA:0,(anonymous_3)
FNDA:0,(anonymous_4)
DA:1,0
DA:2,0
DA:3,0
DA:4,0
DA:5,0
DA:7,0
DA:8,0
DA:9,0
DA:11,0
DA:12,0
DA:14,0
DA:15,0
DA:32,0
DA:33,0
DA:36,0
DA:38,0
DA:40,0
DA:41,0
DA:44,0
DA:46,0
DA:69,0
DA:90,0
LF:22
LH:0
BRF:0
BRH:0
end_of_record
TN:
SF:src\pages\PaymentWaitConfirmation.tsx
FN:7,(anonymous_1)
FNF:1
FNH:0
FNDA:0,(anonymous_1)
DA:1,0
DA:2,0
DA:4,0
DA:5,0
DA:7,0
DA:8,0
DA:31,0
LF:7
LH:0
BRF:0
BRH:0
end_of_record
TN:
SF:src\pages\SuccessPage.tsx
FN:9,(anonymous_1)
FN:12,(anonymous_2)
FN:24,(anonymous_3)
FN:59,(anonymous_4)
FNF:4
FNH:0
FNDA:0,(anonymous_1)
FNDA:0,(anonymous_2)
FNDA:0,(anonymous_3)
FNDA:0,(anonymous_4)
DA:1,0
DA:2,0
DA:3,0
DA:4,0
DA:5,0
DA:6,0
DA:7,0
DA:9,0
DA:10,0
DA:11,0
DA:12,0
DA:15,0
DA:17,0
DA:18,0
DA:20,0
DA:22,0
DA:24,0
DA:25,0
DA:26,0
DA:29,0
DA:59,0
DA:69,0
LF:22
LH:0
BRDA:17,0,0,0
BRDA:17,0,1,0
BRDA:17,1,0,0
BRDA:17,1,1,0
BRDA:18,2,0,0
BRDA:18,2,1,0
BRDA:20,3,0,0
BRDA:20,3,1,0
BRDA:20,4,0,0
BRDA:20,4,1,0
BRDA:20,5,0,0
BRDA:20,5,1,0
BRDA:20,6,0,0
BRDA:20,6,1,0
BRDA:20,7,0,0
BRDA:20,7,1,0
BRDA:20,8,0,0
BRDA:20,8,1,0
BRDA:20,9,0,0
BRDA:20,9,1,0
BRDA:20,10,0,0
BRDA:20,10,1,0
BRDA:20,11,0,0
BRDA:20,11,1,0
BRDA:20,12,0,0
BRDA:20,12,1,0
BRDA:35,13,0,0
BRDA:35,13,1,0
BRDA:37,14,0,0
BRDA:37,14,1,0
BRDA:37,15,0,0
BRDA:37,15,1,0
BRDA:37,16,0,0
BRDA:37,16,1,0
BRDA:37,17,0,0
BRDA:37,17,1,0
BRDA:37,18,0,0
BRDA:37,18,1,0
BRDA:37,19,0,0
BRDA:37,19,1,0
BRDA:37,20,0,0
BRDA:37,20,1,0
BRDA:37,21,0,0
BRDA:37,21,1,0
BRDA:37,22,0,0
BRDA:37,22,1,0
BRDA:37,23,0,0
BRDA:37,23,1,0
BRDA:41,24,0,0
BRDA:41,24,1,0
BRF:50
BRH:0
end_of_record
TN:
SF:src\pages\PayPage\index.ts
FNF:0
FNH:0
DA:1,0
DA:2,0
LF:2
LH:0
BRF:0
BRH:0
end_of_record
TN:
SF:src\pages\PayPage\ui\DefaultInstructionItems.tsx
FN:13,(anonymous_1)
FNF:1
FNH:0
FNDA:0,(anonymous_1)
DA:1,0
DA:2,0
DA:13,0
DA:14,0
DA:15,0
DA:18,0
DA:19,0
DA:21,0
LF:8
LH:0
BRDA:14,0,0,0
BRDA:14,1,0,0
BRDA:19,2,0,0
BRDA:19,2,1,0
BRDA:23,3,0,0
BRDA:23,3,1,0
BRDA:26,4,0,0
BRDA:26,4,1,0
BRDA:26,5,0,0
BRDA:26,5,1,0
BRDA:26,6,0,0
BRDA:26,6,1,0
BRDA:26,7,0,0
BRDA:26,7,1,0
BRDA:26,8,0,0
BRDA:26,8,1,0
BRDA:26,9,0,0
BRDA:26,9,1,0
BRDA:31,10,0,0
BRDA:31,10,1,0
BRDA:31,11,0,0
BRDA:31,11,1,0
BRDA:31,12,0,0
BRDA:31,12,1,0
BRDA:31,13,0,0
BRDA:31,13,1,0
BRDA:31,14,0,0
BRDA:31,14,1,0
BRDA:31,15,0,0
BRDA:31,15,1,0
BRF:30
BRH:0
end_of_record
TN:
SF:src\pages\PayPage\ui\PayPage.tsx
FN:26,(anonymous_1)
FN:29,(anonymous_2)
FN:30,(anonymous_3)
FN:67,(anonymous_4)
FN:68,(anonymous_5)
FN:70,(anonymous_6)
FN:73,(anonymous_7)
FN:76,(anonymous_8)
FN:120,(anonymous_9)
FN:132,(anonymous_10)
FN:162,(anonymous_11)
FN:199,(anonymous_12)
FN:242,(anonymous_13)
FN:311,(anonymous_14)
FN:315,(anonymous_15)
FN:318,(anonymous_16)
FNF:16
FNH:0
FNDA:0,(anonymous_1)
FNDA:0,(anonymous_2)
FNDA:0,(anonymous_3)
FNDA:0,(anonymous_4)
FNDA:0,(anonymous_5)
FNDA:0,(anonymous_6)
FNDA:0,(anonymous_7)
FNDA:0,(anonymous_8)
FNDA:0,(anonymous_9)
FNDA:0,(anonymous_10)
FNDA:0,(anonymous_11)
FNDA:0,(anonymous_12)
FNDA:0,(anonymous_13)
FNDA:0,(anonymous_14)
FNDA:0,(anonymous_15)
FNDA:0,(anonymous_16)
DA:1,0
DA:2,0
DA:4,0
DA:5,0
DA:6,0
DA:7,0
DA:8,0
DA:9,0
DA:11,0
DA:12,0
DA:13,0
DA:14,0
DA:15,0
DA:16,0
DA:17,0
DA:18,0
DA:19,0
DA:21,0
DA:22,0
DA:23,0
DA:24,0
DA:26,0
DA:27,0
DA:28,0
DA:29,0
DA:30,0
DA:31,0
DA:33,0
DA:35,0
DA:37,0
DA:38,0
DA:39,0
DA:41,0
DA:42,0
DA:43,0
DA:44,0
DA:48,0
DA:52,0
DA:54,0
DA:56,0
DA:57,0
DA:59,0
DA:61,0
DA:63,0
DA:68,0
DA:69,0
DA:70,0
DA:71,0
DA:72,0
DA:73,0
DA:74,0
DA:76,0
DA:78,0
DA:79,0
DA:80,0
DA:81,0
DA:84,0
DA:85,0
DA:104,0
DA:105,0
DA:108,0
DA:110,0
DA:115,0
DA:120,0
DA:121,0
DA:122,0
DA:124,0
DA:125,0
DA:126,0
DA:128,0
DA:132,0
DA:133,0
DA:134,0
DA:136,0
DA:137,0
DA:140,0
DA:144,0
DA:146,0
DA:147,0
DA:149,0
DA:150,0
DA:152,0
DA:155,0
DA:163,0
DA:164,0
DA:169,0
DA:170,0
DA:172,0
DA:173,0
DA:176,0
DA:177,0
DA:178,0
DA:181,0
DA:183,0
DA:184,0
DA:185,0
DA:188,0
DA:193,0
DA:195,0
DA:200,0
DA:202,0
DA:204,0
DA:205,0
DA:206,0
DA:207,0
DA:215,0
DA:218,0
DA:219,0
DA:220,0
DA:221,0
DA:229,0
DA:232,0
DA:240,0
DA:243,0
DA:247,0
DA:312,0
DA:316,0
DA:318,0
DA:331,0
LF:119
LH:0
BRDA:37,0,0,0
BRDA:37,0,1,0
BRDA:37,1,0,0
BRDA:37,1,1,0
BRDA:38,2,0,0
BRDA:38,2,1,0
BRDA:41,3,0,0
BRDA:41,3,1,0
BRDA:41,4,0,0
BRDA:41,4,1,0
BRDA:41,5,0,0
BRDA:41,5,1,0
BRDA:41,6,0,0
BRDA:41,6,1,0
BRDA:42,7,0,0
BRDA:42,7,1,0
BRDA:42,8,0,0
BRDA:42,8,1,0
BRDA:42,9,0,0
BRDA:42,9,1,0
BRDA:42,10,0,0
BRDA:42,10,1,0
BRDA:43,11,0,0
BRDA:43,11,1,0
BRDA:43,12,0,0
BRDA:43,12,1,0
BRDA:43,13,0,0
BRDA:43,13,1,0
BRDA:43,14,0,0
BRDA:43,14,1,0
BRDA:44,15,0,0
BRDA:44,15,1,0
BRDA:44,16,0,0
BRDA:44,16,1,0
BRDA:44,17,0,0
BRDA:44,17,1,0
BRDA:44,18,0,0
BRDA:44,18,1,0
BRDA:48,19,0,0
BRDA:48,19,1,0
BRDA:48,20,0,0
BRDA:48,20,1,0
BRDA:48,21,0,0
BRDA:48,21,1,0
BRDA:48,22,0,0
BRDA:48,22,1,0
BRDA:48,23,0,0
BRDA:48,23,1,0
BRDA:48,24,0,0
BRDA:48,24,1,0
BRDA:48,25,0,0
BRDA:48,25,1,0
BRDA:48,26,0,0
BRDA:48,26,1,0
BRDA:48,27,0,0
BRDA:48,27,1,0
BRDA:48,28,0,0
BRDA:48,28,1,0
BRDA:49,29,0,0
BRDA:49,29,1,0
BRDA:49,30,0,0
BRDA:49,30,1,0
BRDA:49,31,0,0
BRDA:49,31,1,0
BRDA:49,32,0,0
BRDA:49,32,1,0
BRDA:49,33,0,0
BRDA:49,33,1,0
BRDA:49,34,0,0
BRDA:49,34,1,0
BRDA:49,35,0,0
BRDA:49,35,1,0
BRDA:49,36,0,0
BRDA:49,36,1,0
BRDA:54,37,0,0
BRDA:54,37,1,0
BRDA:54,38,0,0
BRDA:54,38,1,0
BRDA:54,39,0,0
BRDA:54,39,1,0
BRDA:54,40,0,0
BRDA:54,40,1,0
BRDA:69,41,0,0
BRDA:69,41,1,0
BRDA:79,42,0,0
BRDA:79,42,1,0
BRDA:80,43,0,0
BRDA:80,43,1,0
BRDA:80,44,0,0
BRDA:80,44,1,0
BRDA:86,45,0,0
BRDA:86,45,1,0
BRDA:86,46,0,0
BRDA:86,46,1,0
BRDA:86,47,0,0
BRDA:86,47,1,0
BRDA:86,48,0,0
BRDA:86,48,1,0
BRDA:89,49,0,0
BRDA:89,49,1,0
BRDA:94,50,0,0
BRDA:94,50,1,0
BRDA:94,51,0,0
BRDA:94,51,1,0
BRDA:104,52,0,0
BRDA:104,52,1,0
BRDA:124,53,0,0
BRDA:124,53,1,0
BRDA:133,54,0,0
BRDA:133,54,1,0
BRDA:133,55,0,0
BRDA:133,55,1,0
BRDA:133,56,0,0
BRDA:133,56,1,0
BRDA:136,57,0,0
BRDA:136,57,1,0
BRDA:136,58,0,0
BRDA:136,58,1,0
BRDA:136,59,0,0
BRDA:136,59,1,0
BRDA:140,60,0,0
BRDA:140,60,1,0
BRDA:141,61,0,0
BRDA:141,61,1,0
BRDA:141,62,0,0
BRDA:141,62,1,0
BRDA:141,63,0,0
BRDA:141,63,1,0
BRDA:142,64,0,0
BRDA:142,64,1,0
BRDA:142,65,0,0
BRDA:142,65,1,0
BRDA:142,66,0,0
BRDA:142,66,1,0
BRDA:142,67,0,0
BRDA:142,67,1,0
BRDA:142,68,0,0
BRDA:142,68,1,0
BRDA:142,69,0,0
BRDA:142,69,1,0
BRDA:142,70,0,0
BRDA:142,70,1,0
BRDA:142,71,0,0
BRDA:142,71,1,0
BRDA:142,72,0,0
BRDA:142,72,1,0
BRDA:142,73,0,0
BRDA:142,73,1,0
BRDA:142,74,0,0
BRDA:142,74,1,0
BRDA:142,75,0,0
BRDA:142,75,1,0
BRDA:142,76,0,0
BRDA:142,76,1,0
BRDA:146,77,0,0
BRDA:146,77,1,0
BRDA:146,78,0,0
BRDA:146,78,1,0
BRDA:146,79,0,0
BRDA:146,79,1,0
BRDA:149,80,0,0
BRDA:149,80,1,0
BRDA:149,81,0,0
BRDA:149,81,1,0
BRDA:149,82,0,0
BRDA:149,82,1,0
BRDA:165,83,0,0
BRDA:165,83,1,0
BRDA:165,84,0,0
BRDA:165,84,1,0
BRDA:165,85,0,0
BRDA:165,85,1,0
BRDA:165,86,0,0
BRDA:165,86,1,0
BRDA:169,87,0,0
BRDA:169,87,1,0
BRDA:170,88,0,0
BRDA:170,88,1,0
BRDA:170,89,0,0
BRDA:170,89,1,0
BRDA:170,90,0,0
BRDA:170,90,1,0
BRDA:176,91,0,0
BRDA:176,91,1,0
BRDA:176,92,0,0
BRDA:176,92,1,0
BRDA:178,93,0,0
BRDA:178,93,1,0
BRDA:184,94,0,0
BRDA:184,94,1,0
BRDA:185,95,0,0
BRDA:185,95,1,0
BRDA:204,96,0,0
BRDA:204,96,1,0
BRDA:210,97,0,0
BRDA:210,97,1,0
BRDA:210,98,0,0
BRDA:210,98,1,0
BRDA:211,99,0,0
BRDA:211,99,1,0
BRDA:211,100,0,0
BRDA:211,100,1,0
BRDA:212,101,0,0
BRDA:212,101,1,0
BRDA:212,102,0,0
BRDA:212,102,1,0
BRDA:218,103,0,0
BRDA:218,103,1,0
BRDA:218,104,0,0
BRDA:218,104,1,0
BRDA:224,105,0,0
BRDA:224,105,1,0
BRDA:224,106,0,0
BRDA:224,106,1,0
BRDA:225,107,0,0
BRDA:225,107,1,0
BRDA:225,108,0,0
BRDA:225,108,1,0
BRDA:226,109,0,0
BRDA:226,109,1,0
BRDA:226,110,0,0
BRDA:226,110,1,0
BRDA:234,111,0,0
BRDA:234,111,1,0
BRDA:234,112,0,0
BRDA:234,112,1,0
BRDA:235,113,0,0
BRDA:235,113,1,0
BRDA:235,114,0,0
BRDA:235,114,1,0
BRDA:236,115,0,0
BRDA:236,115,1,0
BRDA:236,116,0,0
BRDA:236,116,1,0
BRDA:250,117,0,0
BRDA:250,117,1,0
BRDA:250,118,0,0
BRDA:250,118,1,0
BRDA:260,119,0,0
BRDA:260,119,1,0
BRDA:260,120,0,0
BRDA:260,120,1,0
BRDA:260,121,0,0
BRDA:260,121,1,0
BRDA:260,122,0,0
BRDA:260,122,1,0
BRDA:260,123,0,0
BRDA:260,123,1,0
BRDA:260,124,0,0
BRDA:260,124,1,0
BRDA:261,125,0,0
BRDA:261,125,1,0
BRDA:261,126,0,0
BRDA:261,126,1,0
BRDA:261,127,0,0
BRDA:261,127,1,0
BRDA:261,128,0,0
BRDA:261,128,1,0
BRDA:261,129,0,0
BRDA:261,129,1,0
BRDA:261,130,0,0
BRDA:261,130,1,0
BRDA:263,131,0,0
BRDA:263,131,1,0
BRDA:265,132,0,0
BRDA:265,132,1,0
BRDA:265,133,0,0
BRDA:265,133,1,0
BRDA:265,134,0,0
BRDA:265,134,1,0
BRDA:265,135,0,0
BRDA:265,135,1,0
BRDA:265,136,0,0
BRDA:265,136,1,0
BRDA:265,137,0,0
BRDA:265,137,1,0
BRDA:282,138,0,0
BRDA:282,138,1,0
BRDA:282,139,0,0
BRDA:282,139,1,0
BRDA:285,140,0,0
BRDA:285,140,1,0
BRDA:285,141,0,0
BRDA:285,141,1,0
BRDA:285,142,0,0
BRDA:285,142,1,0
BRDA:285,143,0,0
BRDA:285,143,1,0
BRDA:285,144,0,0
BRDA:285,144,1,0
BRDA:287,145,0,0
BRDA:287,145,1,0
BRDA:291,146,0,0
BRDA:291,146,1,0
BRDA:303,147,0,0
BRDA:303,147,1,0
BRDA:305,148,0,0
BRDA:305,148,1,0
BRDA:310,149,0,0
BRDA:310,149,1,0
BRDA:314,150,0,0
BRDA:314,150,1,0
BRF:302
BRH:0
end_of_record
TN:
SF:src\pages\PayPage\ui\PaymentInstructions.tsx
FN:28,(anonymous_1)
FN:40,(anonymous_2)
FNF:2
FNH:0
FNDA:0,(anonymous_1)
FNDA:0,(anonymous_2)
DA:1,0
DA:2,0
DA:3,0
DA:4,0
DA:5,0
DA:7,0
DA:8,0
DA:23,0
DA:24,0
DA:25,0
DA:26,0
DA:28,0
DA:40,0
DA:41,0
DA:43,0
DA:44,0
DA:48,0
DA:49,0
DA:66,0
DA:67,0
DA:69,0
DA:70,0
DA:72,0
DA:93,0
DA:94,0
DA:106,0
DA:107,0
DA:122,0
DA:123,0
DA:131,0
LF:30
LH:0
BRDA:41,0,0,0
BRDA:41,0,1,0
BRDA:41,1,0,0
BRDA:41,1,1,0
BRDA:41,2,0,0
BRDA:41,2,1,0
BRDA:41,3,0,0
BRDA:41,3,1,0
BRDA:41,4,0,0
BRDA:41,4,1,0
BRDA:41,5,0,0
BRDA:41,5,1,0
BRDA:41,6,0,0
BRDA:41,6,1,0
BRDA:41,7,0,0
BRDA:41,7,1,0
BRDA:43,8,0,0
BRDA:43,8,1,0
BRDA:43,9,0,0
BRDA:43,9,1,0
BRDA:43,10,0,0
BRDA:43,10,1,0
BRDA:43,11,0,0
BRDA:43,11,1,0
BRDA:43,12,0,0
BRDA:43,12,1,0
BRDA:43,13,0,0
BRDA:43,13,1,0
BRDA:43,14,0,0
BRDA:43,14,1,0
BRDA:43,15,0,0
BRDA:43,15,1,0
BRDA:43,16,0,0
BRDA:43,16,1,0
BRDA:43,17,0,0
BRDA:43,17,1,0
BRDA:43,18,0,0
BRDA:43,18,1,0
BRDA:43,19,0,0
BRDA:43,19,1,0
BRDA:43,20,0,0
BRDA:43,20,1,0
BRDA:43,21,0,0
BRDA:43,21,1,0
BRDA:43,22,0,0
BRDA:43,22,1,0
BRDA:43,23,0,0
BRDA:43,23,1,0
BRDA:44,24,0,0
BRDA:44,24,1,0
BRDA:44,25,0,0
BRDA:44,25,1,0
BRDA:44,26,0,0
BRDA:44,26,1,0
BRDA:44,27,0,0
BRDA:44,27,1,0
BRDA:44,28,0,0
BRDA:44,28,1,0
BRDA:44,29,0,0
BRDA:44,29,1,0
BRDA:44,30,0,0
BRDA:44,30,1,0
BRDA:44,31,0,0
BRDA:44,31,1,0
BRDA:48,32,0,0
BRDA:48,32,1,0
BRDA:48,33,0,0
BRDA:48,33,1,0
BRDA:48,34,0,0
BRDA:48,34,1,0
BRDA:48,35,0,0
BRDA:48,35,1,0
BRDA:48,36,0,0
BRDA:48,36,1,0
BRDA:48,37,0,0
BRDA:48,37,1,0
BRDA:48,38,0,0
BRDA:48,38,1,0
BRDA:48,39,0,0
BRDA:48,39,1,0
BRDA:57,40,0,0
BRDA:57,40,1,0
BRDA:67,41,0,0
BRDA:67,41,1,0
BRDA:67,42,0,0
BRDA:67,42,1,0
BRDA:67,43,0,0
BRDA:67,43,1,0
BRDA:67,44,0,0
BRDA:67,44,1,0
BRDA:67,45,0,0
BRDA:67,45,1,0
BRDA:67,46,0,0
BRDA:67,46,1,0
BRDA:69,47,0,0
BRDA:69,47,1,0
BRDA:80,48,0,0
BRDA:80,48,1,0
BRDA:80,49,0,0
BRDA:80,49,1,0
BRDA:80,50,0,0
BRDA:80,50,1,0
BRDA:82,51,0,0
BRDA:82,51,1,0
BRDA:82,52,0,0
BRDA:82,52,1,0
BRDA:82,53,0,0
BRDA:82,53,1,0
BRDA:82,54,0,0
BRDA:82,54,1,0
BRDA:82,55,0,0
BRDA:82,55,1,0
BRDA:82,56,0,0
BRDA:82,56,1,0
BRDA:82,57,0,0
BRDA:82,57,1,0
BRDA:82,58,0,0
BRDA:82,58,1,0
BRDA:82,59,0,0
BRDA:82,59,1,0
BRDA:82,60,0,0
BRDA:82,60,1,0
BRDA:93,61,0,0
BRDA:93,61,1,0
BRDA:93,62,0,0
BRDA:93,62,1,0
BRDA:93,63,0,0
BRDA:93,63,1,0
BRDA:93,64,0,0
BRDA:93,64,1,0
BRDA:93,65,0,0
BRDA:93,65,1,0
BRDA:93,66,0,0
BRDA:93,66,1,0
BRDA:93,67,0,0
BRDA:93,67,1,0
BRDA:93,68,0,0
BRDA:93,68,1,0
BRDA:106,69,0,0
BRDA:106,69,1,0
BRDA:106,70,0,0
BRDA:106,70,1,0
BRDA:112,71,0,0
BRDA:112,71,1,0
BRDA:112,72,0,0
BRDA:112,72,1,0
BRDA:112,73,0,0
BRDA:112,73,1,0
BRDA:112,74,0,0
BRDA:112,74,1,0
BRDA:112,75,0,0
BRDA:112,75,1,0
BRDA:112,76,0,0
BRDA:112,76,1,0
BRDA:112,77,0,0
BRDA:112,77,1,0
BRDA:112,78,0,0
BRDA:112,78,1,0
BRDA:112,79,0,0
BRDA:112,79,1,0
BRDA:112,80,0,0
BRDA:112,80,1,0
BRDA:122,81,0,0
BRDA:122,81,1,0
BRDA:136,82,0,0
BRDA:136,82,1,0
BRDA:136,83,0,0
BRDA:136,83,1,0
BRDA:136,84,0,0
BRDA:136,84,1,0
BRDA:136,85,0,0
BRDA:136,85,1,0
BRDA:136,86,0,0
BRDA:136,86,1,0
BRDA:136,87,0,0
BRDA:136,87,1,0
BRDA:137,88,0,0
BRDA:137,88,1,0
BRDA:137,89,0,0
BRDA:137,89,1,0
BRDA:137,90,0,0
BRDA:137,90,1,0
BRDA:137,91,0,0
BRDA:137,91,1,0
BRDA:137,92,0,0
BRDA:137,92,1,0
BRDA:137,93,0,0
BRDA:137,93,1,0
BRF:188
BRH:0
end_of_record
TN:
SF:src\pages\PayPage\ui\Instruction\Instruction.tsx
FN:18,(anonymous_1)
FN:19,(anonymous_2)
FN:23,(anonymous_3)
FNF:3
FNH:0
FNDA:0,(anonymous_1)
FNDA:0,(anonymous_2)
FNDA:0,(anonymous_3)
DA:1,0
DA:2,0
DA:3,0
DA:4,0
DA:5,0
DA:6,0
DA:18,0
DA:19,0
DA:21,0
DA:23,0
DA:24,0
DA:25,0
DA:26,0
DA:29,0
LF:14
LH:0
BRDA:19,0,0,0
BRDA:19,1,0,0
BRDA:19,2,0,0
BRDA:24,3,0,0
BRDA:24,3,1,0
BRDA:40,4,0,0
BRDA:40,4,1,0
BRDA:40,5,0,0
BRDA:40,5,1,0
BRDA:40,6,0,0
BRDA:40,6,1,0
BRF:11
BRH:0
end_of_record
TN:
SF:src\pages\PayPage\ui\Instruction\InstructionItems.tsx
FN:8,(anonymous_1)
FN:12,(anonymous_2)
FNF:2
FNH:0
FNDA:0,(anonymous_1)
FNDA:0,(anonymous_2)
DA:1,0
DA:8,0
DA:9,0
DA:10,0
DA:13,0
LF:5
LH:0
BRDA:9,0,0,0
BRDA:9,1,0,0
BRF:2
BRH:0
end_of_record
TN:
SF:src\pages\PayerDataPage\index.ts
FNF:0
FNH:0
DA:1,0
DA:2,0
LF:2
LH:0
BRF:0
BRH:0
end_of_record
TN:
SF:src\pages\PayerDataPage\model\services\getPayment.ts
FN:4,(anonymous_0)
FNF:1
FNH:0
FNDA:0,(anonymous_0)
DA:1,0
DA:4,0
DA:12,0
DA:14,0
DA:15,0
DA:20,0
DA:21,0
DA:22,0
DA:24,0
DA:27,0
DA:29,0
DA:30,0
DA:31,0
DA:33,0
DA:34,0
DA:37,0
DA:38,0
LF:17
LH:0
BRDA:20,0,0,0
BRDA:20,0,1,0
BRDA:21,1,0,0
BRDA:21,1,1,0
BRDA:22,2,0,0
BRDA:22,2,1,0
BRDA:29,3,0,0
BRDA:29,3,1,0
BRDA:29,4,0,0
BRDA:29,4,1,0
BRDA:29,5,0,0
BRDA:29,5,1,0
BRDA:33,6,0,0
BRDA:33,6,1,0
BRF:14
BRH:0
end_of_record
TN:
SF:src\pages\PayerDataPage\model\slice\PayerDataPageSlice.ts
FN:7,(anonymous_0)
FN:9,(anonymous_1)
FN:10,(anonymous_2)
FNF:3
FNH:0
FNDA:0,(anonymous_0)
FNDA:0,(anonymous_1)
FNDA:0,(anonymous_2)
DA:1,0
DA:2,0
DA:4,0
DA:7,0
DA:9,0
DA:11,0
DA:13,0
DA:15,0
DA:24,0
DA:26,0
LF:10
LH:0
BRF:0
BRH:0
end_of_record
TN:
SF:src\pages\PayerDataPage\ui\PayerDataPage.tsx
FN:15,(anonymous_1)
FN:19,(anonymous_2)
FN:23,(anonymous_3)
FN:58,(anonymous_4)
FN:64,(anonymous_5)
FN:80,(anonymous_6)
FN:85,(anonymous_7)
FN:90,(anonymous_8)
FN:104,(anonymous_9)
FNF:9
FNH:0
FNDA:0,(anonymous_1)
FNDA:0,(anonymous_2)
FNDA:0,(anonymous_3)
FNDA:0,(anonymous_4)
FNDA:0,(anonymous_5)
FNDA:0,(anonymous_6)
FNDA:0,(anonymous_7)
FNDA:0,(anonymous_8)
FNDA:0,(anonymous_9)
DA:1,0
DA:2,0
DA:3,0
DA:4,0
DA:5,0
DA:6,0
DA:7,0
DA:8,0
DA:9,0
DA:10,0
DA:11,0
DA:12,0
DA:13,0
DA:15,0
DA:16,0
DA:17,0
DA:19,0
DA:20,0
DA:21,0
DA:23,0
DA:24,0
DA:25,0
DA:27,0
DA:28,0
DA:29,0
DA:32,0
DA:34,0
DA:35,0
DA:37,0
DA:39,0
DA:40,0
DA:42,0
DA:43,0
DA:44,0
DA:46,0
DA:47,0
DA:49,0
DA:50,0
DA:52,0
DA:58,0
DA:59,0
DA:60,0
DA:64,0
DA:65,0
DA:80,0
DA:81,0
DA:82,0
DA:85,0
DA:86,0
DA:87,0
DA:90,0
DA:91,0
DA:93,0
DA:94,0
DA:104,0
DA:105,0
DA:106,0
DA:110,0
DA:153,0
LF:59
LH:0
BRDA:34,0,0,0
BRDA:34,0,1,0
BRDA:34,1,0,0
BRDA:34,1,1,0
BRDA:35,2,0,0
BRDA:35,2,1,0
BRDA:39,3,0,0
BRDA:39,3,1,0
BRDA:39,3,2,0
BRDA:42,4,0,0
BRDA:42,4,1,0
BRDA:42,5,0,0
BRDA:42,5,1,0
BRDA:42,6,0,0
BRDA:42,6,1,0
BRDA:42,7,0,0
BRDA:42,7,1,0
BRDA:43,8,0,0
BRDA:43,8,1,0
BRDA:43,9,0,0
BRDA:43,9,1,0
BRDA:44,10,0,0
BRDA:44,10,1,0
BRDA:44,11,0,0
BRDA:44,11,1,0
BRDA:47,12,0,0
BRDA:47,12,1,0
BRDA:47,13,0,0
BRDA:47,13,1,0
BRDA:47,14,0,0
BRDA:47,14,1,0
BRDA:47,15,0,0
BRDA:47,15,1,0
BRDA:47,16,0,0
BRDA:47,16,1,0
BRDA:47,17,0,0
BRDA:47,17,1,0
BRDA:47,18,0,0
BRDA:47,18,1,0
BRDA:47,19,0,0
BRDA:47,19,1,0
BRDA:47,20,0,0
BRDA:47,20,1,0
BRDA:47,21,0,0
BRDA:47,21,1,0
BRDA:49,22,0,0
BRDA:49,22,1,0
BRDA:49,23,0,0
BRDA:49,23,1,0
BRDA:52,24,0,0
BRDA:52,24,1,0
BRDA:53,25,0,0
BRDA:53,25,1,0
BRDA:55,26,0,0
BRDA:55,26,1,0
BRDA:55,27,0,0
BRDA:55,27,1,0
BRDA:55,28,0,0
BRDA:55,28,1,0
BRDA:55,29,0,0
BRDA:55,29,1,0
BRDA:73,30,0,0
BRDA:73,30,1,0
BRDA:73,31,0,0
BRDA:73,31,1,0
BRDA:73,32,0,0
BRDA:73,32,1,0
BRDA:73,33,0,0
BRDA:73,33,1,0
BRDA:73,34,0,0
BRDA:73,34,1,0
BRDA:73,35,0,0
BRDA:73,35,1,0
BRDA:73,36,0,0
BRDA:73,36,1,0
BRDA:73,37,0,0
BRDA:73,37,1,0
BRDA:91,38,0,0
BRDA:91,38,1,0
BRDA:91,39,0,0
BRDA:91,39,1,0
BRDA:91,40,0,0
BRDA:91,40,1,0
BRDA:91,41,0,0
BRDA:91,41,1,0
BRDA:93,42,0,0
BRDA:93,42,1,0
BRDA:93,43,0,0
BRDA:93,43,1,0
BRDA:93,43,2,0
BRDA:102,44,0,0
BRDA:102,44,1,0
BRDA:102,45,0,0
BRDA:102,45,1,0
BRDA:102,46,0,0
BRDA:102,46,1,0
BRDA:102,47,0,0
BRDA:102,47,1,0
BRDA:105,48,0,0
BRDA:105,48,1,0
BRDA:114,49,0,0
BRDA:114,49,1,0
BRDA:115,50,0,0
BRDA:115,50,1,0
BRDA:115,51,0,0
BRDA:115,51,1,0
BRDA:118,52,0,0
BRDA:118,52,1,0
BRDA:123,53,0,0
BRDA:123,53,1,0
BRDA:123,53,2,0
BRDA:133,54,0,0
BRDA:133,54,1,0
BRDA:139,55,0,0
BRDA:139,55,1,0
BRDA:141,56,0,0
BRDA:141,56,1,0
BRDA:142,57,0,0
BRDA:142,57,1,0
BRDA:142,58,0,0
BRDA:142,58,1,0
BRDA:142,59,0,0
BRDA:142,59,1,0
BRF:123
BRH:0
end_of_record
TN:
SF:src\pages\PaymentInstrument\index.ts
FN:1,(anonymous_1)
FNF:1
FNH:0
FNDA:0,(anonymous_1)
DA:1,0
LF:1
LH:0
BRF:0
BRH:0
end_of_record
TN:
SF:src\pages\PaymentInstrument\ui\PaymentInstrumentPage.tsx
FN:12,(anonymous_1)
FN:14,(anonymous_2)
FN:34,(anonymous_3)
FN:58,(anonymous_4)
FN:79,(anonymous_5)
FN:88,(anonymous_6)
FNF:6
FNH:0
FNDA:0,(anonymous_1)
FNDA:0,(anonymous_2)
FNDA:0,(anonymous_3)
FNDA:0,(anonymous_4)
FNDA:0,(anonymous_5)
FNDA:0,(anonymous_6)
DA:1,0
DA:2,0
DA:3,0
DA:4,0
DA:5,0
DA:6,0
DA:7,0
DA:8,0
DA:9,0
DA:10,0
DA:12,0
DA:13,0
DA:14,0
DA:17,0
DA:20,0
DA:21,0
DA:23,0
DA:25,0
DA:26,0
DA:27,0
DA:29,0
DA:35,0
DA:36,0
DA:41,0
DA:46,0
DA:47,0
DA:48,0
DA:49,0
DA:53,0
DA:59,0
DA:60,0
DA:61,0
DA:66,0
DA:67,0
DA:69,0
DA:80,0
DA:82,0
DA:83,0
DA:88,0
DA:89,0
DA:90,0
DA:93,0
DA:115,0
LF:43
LH:0
BRDA:25,0,0,0
BRDA:25,0,1,0
BRDA:25,1,0,0
BRDA:25,1,1,0
BRDA:26,2,0,0
BRDA:26,2,1,0
BRDA:37,3,0,0
BRDA:37,3,1,0
BRDA:37,4,0,0
BRDA:37,4,1,0
BRDA:37,5,0,0
BRDA:37,5,1,0
BRDA:37,6,0,0
BRDA:37,6,1,0
BRDA:42,7,0,0
BRDA:42,7,1,0
BRDA:42,8,0,0
BRDA:42,8,1,0
BRDA:42,9,0,0
BRDA:42,9,1,0
BRDA:42,10,0,0
BRDA:42,10,1,0
BRDA:48,11,0,0
BRDA:48,11,1,0
BRDA:48,12,0,0
BRDA:48,12,1,0
BRDA:48,13,0,0
BRDA:48,13,1,0
BRDA:48,14,0,0
BRDA:48,14,1,0
BRDA:57,15,0,0
BRDA:57,15,1,0
BRDA:60,16,0,0
BRDA:60,16,1,0
BRDA:60,17,0,0
BRDA:60,17,1,0
BRDA:60,18,0,0
BRDA:60,18,1,0
BRDA:60,19,0,0
BRDA:60,19,1,0
BRDA:60,20,0,0
BRDA:60,20,1,0
BRDA:62,21,0,0
BRDA:62,21,1,0
BRDA:62,22,0,0
BRDA:62,22,1,0
BRDA:62,23,0,0
BRDA:62,23,1,0
BRDA:62,24,0,0
BRDA:62,24,1,0
BRDA:63,25,0,0
BRDA:63,25,1,0
BRDA:63,26,0,0
BRDA:63,26,1,0
BRDA:63,27,0,0
BRDA:63,27,1,0
BRDA:63,28,0,0
BRDA:63,28,1,0
BRDA:71,29,0,0
BRDA:71,29,1,0
BRDA:71,30,0,0
BRDA:71,30,1,0
BRDA:71,31,0,0
BRDA:71,31,1,0
BRDA:71,32,0,0
BRDA:71,32,1,0
BRDA:73,33,0,0
BRDA:73,33,1,0
BRDA:73,34,0,0
BRDA:73,34,1,0
BRDA:73,35,0,0
BRDA:73,35,1,0
BRDA:73,36,0,0
BRDA:73,36,1,0
BRDA:89,37,0,0
BRDA:89,37,1,0
BRDA:89,38,0,0
BRDA:89,38,1,0
BRDA:99,39,0,0
BRDA:99,39,1,0
BRDA:99,40,0,0
BRDA:99,40,1,0
BRDA:99,41,0,0
BRDA:99,41,1,0
BRDA:99,42,0,0
BRDA:99,42,1,0
BRDA:100,43,0,0
BRDA:100,43,1,0
BRDA:100,44,0,0
BRDA:100,44,1,0
BRDA:100,45,0,0
BRDA:100,45,1,0
BRDA:100,46,0,0
BRDA:100,46,1,0
BRDA:100,47,0,0
BRDA:100,47,1,0
BRDA:100,48,0,0
BRDA:100,48,1,0
BRDA:102,49,0,0
BRDA:102,49,1,0
BRDA:102,50,0,0
BRDA:102,50,1,0
BRDA:108,51,0,0
BRDA:108,51,1,0
BRDA:108,52,0,0
BRDA:108,52,1,0
BRDA:108,53,0,0
BRDA:108,53,1,0
BRDA:108,54,0,0
BRDA:108,54,1,0
BRDA:109,55,0,0
BRDA:109,55,1,0
BRDA:109,56,0,0
BRDA:109,56,1,0
BRDA:109,57,0,0
BRDA:109,57,1,0
BRDA:109,58,0,0
BRDA:109,58,1,0
BRF:118
BRH:0
end_of_record
TN:
SF:src\pages\ThreeDSPage\index.ts
FN:1,(anonymous_0)
FNF:1
FNH:0
FNDA:0,(anonymous_0)
DA:1,0
LF:1
LH:0
BRF:0
BRH:0
end_of_record
TN:
SF:src\pages\ThreeDSPage\ui\ThreeDSPage.tsx
FN:4,(anonymous_1)
FNF:1
FNH:0
FNDA:0,(anonymous_1)
DA:1,0
DA:2,0
DA:4,0
DA:5,0
LF:4
LH:0
BRF:0
BRH:0
end_of_record
TN:
SF:src\shared\config\i18n\Localization.tsx
FN:31,(anonymous_1)
FN:39,(anonymous_2)
FN:68,(anonymous_3)
FNF:3
FNH:0
FNDA:0,(anonymous_1)
FNDA:0,(anonymous_2)
FNDA:0,(anonymous_3)
DA:1,0
DA:2,0
DA:3,0
DA:19,0
DA:31,0
DA:32,0
DA:33,0
DA:34,0
DA:35,0
DA:36,0
DA:39,0
DA:40,0
DA:42,0
DA:43,0
DA:46,0
DA:47,0
DA:48,0
DA:49,0
DA:51,0
DA:54,0
DA:57,0
DA:59,0
DA:69,0
DA:70,0
DA:72,0
DA:116,0
LF:26
LH:0
BRDA:34,0,0,0
BRDA:34,0,1,0
BRDA:39,1,0,0
BRDA:39,2,0,0
BRDA:42,3,0,0
BRDA:42,3,1,0
BRDA:42,4,0,0
BRDA:42,4,1,0
BRDA:42,5,0,0
BRDA:42,5,1,0
BRDA:43,6,0,0
BRDA:43,6,1,0
BRDA:44,7,0,0
BRDA:44,7,1,0
BRDA:44,8,0,0
BRDA:44,8,1,0
BRDA:45,9,0,0
BRDA:45,9,1,0
BRDA:45,10,0,0
BRDA:45,10,1,0
BRDA:45,11,0,0
BRDA:45,11,1,0
BRDA:45,12,0,0
BRDA:45,12,1,0
BRDA:47,13,0,0
BRDA:47,13,1,0
BRDA:49,14,0,0
BRDA:49,14,1,0
BRDA:49,15,0,0
BRDA:49,15,1,0
BRDA:49,16,0,0
BRDA:49,16,1,0
BRF:32
BRH:0
end_of_record
TN:
SF:src\shared\const\router.ts
FN:1,(anonymous_0)
FN:25,(anonymous_1)
FN:26,(anonymous_2)
FN:27,(anonymous_3)
FN:28,(anonymous_4)
FN:29,(anonymous_5)
FN:30,(anonymous_6)
FN:31,(anonymous_7)
FN:32,(anonymous_8)
FN:33,(anonymous_9)
FN:34,(anonymous_10)
FN:35,(anonymous_11)
FN:36,(anonymous_12)
FN:37,(anonymous_13)
FN:38,(anonymous_14)
FN:39,(anonymous_15)
FN:41,(anonymous_16)
FNF:17
FNH:0
FNDA:0,(anonymous_0)
FNDA:0,(anonymous_1)
FNDA:0,(anonymous_2)
FNDA:0,(anonymous_3)
FNDA:0,(anonymous_4)
FNDA:0,(anonymous_5)
FNDA:0,(anonymous_6)
FNDA:0,(anonymous_7)
FNDA:0,(anonymous_8)
FNDA:0,(anonymous_9)
FNDA:0,(anonymous_10)
FNDA:0,(anonymous_11)
FNDA:0,(anonymous_12)
FNDA:0,(anonymous_13)
FNDA:0,(anonymous_14)
FNDA:0,(anonymous_15)
FNDA:0,(anonymous_16)
DA:1,0
DA:2,0
DA:3,0
DA:4,0
DA:5,0
DA:6,0
DA:7,0
DA:8,0
DA:9,0
DA:10,0
DA:11,0
DA:12,0
DA:13,0
DA:14,0
DA:15,0
DA:16,0
DA:17,0
DA:18,0
DA:19,0
DA:20,0
DA:22,0
DA:25,0
DA:26,0
DA:27,0
DA:28,0
DA:29,0
DA:30,0
DA:31,0
DA:32,0
DA:33,0
DA:34,0
DA:35,0
DA:36,0
DA:37,0
DA:38,0
DA:39,0
DA:41,0
LF:37
LH:0
BRDA:1,0,0,0
BRDA:1,0,1,0
BRF:2
BRH:0
end_of_record
TN:
SF:src\shared\lib\classNames.ts
FN:3,classNames
FN:8,(anonymous_1)
FN:9,(anonymous_2)
FNF:3
FNH:0
FNDA:0,classNames
FNDA:0,(anonymous_1)
FNDA:0,(anonymous_2)
DA:3,0
DA:4,0
DA:8,0
DA:9,0
LF:4
LH:0
BRDA:3,0,0,0
BRDA:3,1,0,0
BRF:2
BRH:0
end_of_record
TN:
SF:src\shared\lib\formattedRequisite.tsx
FN:1,(anonymous_0)
FNF:1
FNH:0
FNDA:0,(anonymous_0)
DA:1,0
DA:2,0
DA:3,0
DA:4,0
DA:5,0
DA:6,0
DA:8,0
DA:11,0
LF:8
LH:0
BRDA:2,0,0,0
BRDA:2,0,1,0
BRDA:4,1,0,0
BRDA:4,1,1,0
BRDA:5,2,0,0
BRDA:5,2,1,0
BRDA:5,3,0,0
BRDA:5,3,1,0
BRF:8
BRH:0
end_of_record
TN:
SF:src\shared\store\bfDataStore.ts
FN:21,(anonymous_1)
FN:28,(anonymous_2)
FN:61,(anonymous_3)
FN:62,(anonymous_4)
FNF:4
FNH:0
FNDA:0,(anonymous_1)
FNDA:0,(anonymous_2)
FNDA:0,(anonymous_3)
FNDA:0,(anonymous_4)
DA:1,0
DA:2,0
DA:3,0
DA:21,0
DA:29,0
DA:30,0
DA:31,0
DA:32,0
DA:34,0
DA:35,0
DA:37,0
DA:38,0
DA:41,0
DA:44,0
DA:46,0
DA:48,0
DA:49,0
DA:52,0
DA:53,0
DA:57,0
DA:61,0
DA:62,0
LF:22
LH:0
BRDA:30,0,0,0
BRDA:30,0,1,0
BRDA:37,1,0,0
BRDA:37,1,1,0
BRDA:37,2,0,0
BRDA:37,2,1,0
BRDA:37,3,0,0
BRDA:37,3,1,0
BRDA:39,4,0,0
BRDA:39,4,1,0
BRDA:44,5,0,0
BRDA:44,5,1,0
BRDA:44,6,0,0
BRDA:44,6,1,0
BRDA:44,7,0,0
BRDA:44,7,1,0
BRDA:44,8,0,0
BRDA:44,8,1,0
BRDA:46,9,0,0
BRDA:46,9,1,0
BRDA:46,10,0,0
BRDA:46,10,1,0
BRDA:46,11,0,0
BRDA:46,11,1,0
BRDA:46,12,0,0
BRDA:46,12,1,0
BRDA:48,13,0,0
BRDA:48,13,1,0
BRDA:48,14,0,0
BRDA:48,14,1,0
BRDA:48,15,0,0
BRDA:48,15,1,0
BRDA:48,16,0,0
BRDA:48,16,1,0
BRDA:48,17,0,0
BRDA:48,17,1,0
BRDA:48,18,0,0
BRDA:48,18,1,0
BRDA:48,19,0,0
BRDA:48,19,1,0
BRDA:49,20,0,0
BRDA:49,20,1,0
BRDA:49,21,0,0
BRDA:49,21,1,0
BRDA:54,22,0,0
BRDA:54,22,1,0
BRF:46
BRH:0
end_of_record
TN:
SF:src\shared\ui\Avatar.tsx
FN:8,(anonymous_0)
FNF:1
FNH:0
FNDA:0,(anonymous_0)
DA:8,0
DA:9,0
DA:11,0
DA:12,0
DA:13,0
DA:16,0
DA:23,0
LF:7
LH:0
BRDA:9,0,0,0
BRDA:9,1,0,0
BRDA:9,2,0,0
BRDA:11,3,0,0
BRDA:11,3,1,0
BRDA:12,4,0,0
BRDA:12,4,1,0
BRDA:18,5,0,0
BRDA:18,5,1,0
BRF:9
BRH:0
end_of_record
TN:
SF:src\shared\ui\Loader.tsx
FN:3,(anonymous_1)
FNF:1
FNH:0
FNDA:0,(anonymous_1)
DA:1,0
DA:3,0
DA:4,0
DA:11,0
LF:4
LH:0
BRF:0
BRH:0
end_of_record
TN:
SF:src\shared\ui\PayeeHint.tsx
FN:3,(anonymous_0)
FNF:1
FNH:0
FNDA:0,(anonymous_0)
DA:1,0
DA:3,0
DA:4,0
DA:6,0
DA:8,0
DA:21,0
LF:6
LH:0
BRDA:9,0,0,0
BRDA:9,0,1,0
BRF:2
BRH:0
end_of_record
TN:
SF:src\shared\ui\SearchPayMethod.tsx
FN:11,(anonymous_1)
FN:16,(anonymous_2)
FN:18,(anonymous_3)
FNF:3
FNH:0
FNDA:0,(anonymous_1)
FNDA:0,(anonymous_2)
FNDA:0,(anonymous_3)
DA:1,0
DA:2,0
DA:3,0
DA:4,0
DA:11,0
DA:12,0
DA:13,0
DA:14,0
DA:16,0
DA:17,0
DA:18,0
DA:19,0
DA:24,0
DA:33,0
LF:14
LH:0
BRDA:17,0,0,0
BRDA:17,0,1,0
BRDA:19,1,0,0
BRDA:19,1,1,0
BRDA:19,2,0,0
BRDA:19,2,1,0
BRDA:19,3,0,0
BRDA:19,3,1,0
BRF:8
BRH:0
end_of_record
TN:
SF:src\shared\ui\Timer.tsx
FN:11,(anonymous_0)
FNF:1
FNH:0
FNDA:0,(anonymous_0)
DA:2,0
DA:11,0
DA:12,0
DA:13,0
DA:15,0
DA:16,0
DA:18,0
DA:19,0
DA:22,0
DA:29,0
LF:10
LH:0
BRDA:15,0,0,0
BRDA:15,0,1,0
BRDA:18,1,0,0
BRDA:18,1,1,0
BRDA:23,2,0,0
BRDA:23,2,1,0
BRDA:24,3,0,0
BRDA:24,3,1,0
BRDA:24,4,0,0
BRDA:24,4,1,0
BRF:10
BRH:0
end_of_record
TN:
SF:src\shared\ui\Button\Button.stories.ts
FNF:0
FNH:0
DA:3,0
DA:4,0
DA:6,0
DA:31,0
DA:35,0
DA:42,0
DA:49,0
DA:56,0
DA:63,0
DA:70,0
DA:78,0
DA:85,0
DA:92,0
DA:100,0
DA:109,0
LF:15
LH:0
BRF:0
BRH:0
end_of_record
TN:
SF:src\shared\ui\Button\Button.tsx
FN:36,(anonymous_2)
FNF:1
FNH:0
FNDA:0,(anonymous_2)
DA:1,0
DA:2,0
DA:4,0
DA:36,0
DA:43,0
DA:44,0
DA:45,0
LF:7
LH:0
BRDA:39,0,0,0
BRDA:40,1,0,0
BRDA:41,2,0,0
BRDA:42,3,0,0
BRDA:48,4,0,0
BRDA:48,4,1,0
BRDA:52,5,0,0
BRDA:52,5,1,0
BRF:8
BRH:0
end_of_record
TN:
SF:src\shared\ui\CustomToastContainer\index.ts
FN:1,(anonymous_0)
FNF:1
FNH:0
FNDA:0,(anonymous_0)
DA:1,0
LF:1
LH:0
BRF:0
BRH:0
end_of_record
TN:
SF:src\shared\ui\CustomToastContainer\ui\CustomToastContainer.tsx
FN:6,(anonymous_1)
FN:8,CustomToastContainer
FNF:2
FNH:0
FNDA:0,(anonymous_1)
FNDA:0,CustomToastContainer
DA:2,0
DA:3,0
DA:4,0
DA:6,0
DA:8,0
DA:9,0
LF:6
LH:0
BRF:0
BRH:0
end_of_record
TN:
SF:src\shared\ui\FilePicker\filePicker.tsx
FN:18,(anonymous_1)
FN:26,(anonymous_2)
FN:49,(anonymous_3)
FNF:3
FNH:0
FNDA:0,(anonymous_1)
FNDA:0,(anonymous_2)
FNDA:0,(anonymous_3)
DA:1,0
DA:3,0
DA:4,0
DA:5,0
DA:6,0
DA:7,0
DA:18,0
DA:26,0
DA:27,0
DA:29,0
DA:30,0
DA:32,0
DA:33,0
DA:34,0
DA:37,0
DA:49,0
LF:16
LH:0
BRDA:21,0,0,0
BRDA:22,1,0,0
BRDA:27,2,0,0
BRDA:27,2,1,0
BRDA:32,3,0,0
BRDA:32,3,1,0
BRDA:33,4,0,0
BRDA:33,4,1,0
BRDA:39,5,0,0
BRDA:39,5,1,0
BRDA:41,6,0,0
BRDA:41,6,1,0
BRF:12
BRH:0
end_of_record
TN:
SF:src\shared\ui\input\input.tsx
FN:20,(anonymous_2)
FNF:1
FNH:0
FNDA:0,(anonymous_2)
DA:1,0
DA:2,0
DA:3,0
DA:4,0
DA:6,0
DA:20,0
DA:21,0
DA:23,0
LF:8
LH:0
BRDA:21,0,0,0
BRDA:21,1,0,0
BRDA:21,2,0,0
BRF:3
BRH:0
end_of_record
TN:
SF:src\widgets\BankCardInfo.tsx
FN:7,(anonymous_0)
FNF:1
FNH:0
FNDA:0,(anonymous_0)
DA:7,0
DA:8,0
DA:10,0
DA:18,0
LF:4
LH:0
BRF:0
BRH:0
end_of_record
TN:
SF:src\widgets\Header.tsx
FN:5,(anonymous_1)
FNF:1
FNH:0
FNDA:0,(anonymous_1)
DA:1,0
DA:3,0
DA:5,0
DA:6,0
DA:8,0
DA:17,0
LF:6
LH:0
BRF:0
BRH:0
end_of_record
TN:
SF:src\widgets\LanguageSelector.tsx
FN:19,(anonymous_0)
FN:24,(anonymous_1)
FN:27,(anonymous_2)
FN:37,(anonymous_3)
FN:52,(anonymous_4)
FNF:5
FNH:0
FNDA:0,(anonymous_0)
FNDA:0,(anonymous_1)
FNDA:0,(anonymous_2)
FNDA:0,(anonymous_3)
FNDA:0,(anonymous_4)
DA:1,0
DA:7,0
DA:19,0
DA:20,0
DA:22,0
DA:24,0
DA:25,0
DA:27,0
DA:28,0
DA:29,0
DA:31,0
DA:32,0
DA:38,0
DA:46,0
DA:49,0
DA:53,0
DA:63,0
LF:17
LH:0
BRDA:20,0,0,0
BRDA:27,1,0,0
BRDA:27,1,1,0
BRDA:27,2,0,0
BRDA:27,2,1,0
BRDA:31,3,0,0
BRDA:31,3,1,0
BRDA:51,4,0,0
BRDA:51,4,1,0
BRDA:58,5,0,0
BRDA:58,5,1,0
BRF:11
BRH:0
end_of_record
TN:
SF:src\widgets\MethodButton.tsx
FN:8,(anonymous_0)
FN:14,(anonymous_1)
FNF:2
FNH:0
FNDA:0,(anonymous_0)
FNDA:0,(anonymous_1)
DA:8,0
DA:9,0
DA:11,0
DA:15,0
DA:28,0
LF:5
LH:0
BRDA:13,0,0,0
BRDA:13,0,1,0
BRF:2
BRH:0
end_of_record
TN:
SF:src\widgets\PayHeader.tsx
FN:14,(anonymous_1)
FNF:1
FNH:0
FNDA:0,(anonymous_1)
DA:1,0
DA:2,0
DA:3,0
DA:14,0
DA:15,0
DA:17,0
DA:18,0
DA:20,0
DA:21,0
DA:23,0
DA:47,0
LF:11
LH:0
BRDA:15,0,0,0
BRDA:15,1,0,0
BRDA:30,2,0,0
BRDA:30,2,1,0
BRDA:30,2,2,0
BRDA:31,3,0,0
BRDA:31,3,1,0
BRDA:41,4,0,0
BRDA:41,4,1,0
BRF:9
BRH:0
end_of_record
TN:
SF:src\widgets\PayeeData.tsx
FN:12,(anonymous_1)
FN:26,(anonymous_2)
FN:42,(anonymous_3)
FNF:3
FNH:0
FNDA:0,(anonymous_1)
FNDA:0,(anonymous_2)
FNDA:0,(anonymous_3)
DA:2,0
DA:3,0
DA:4,0
DA:5,0
DA:6,0
DA:7,0
DA:8,0
DA:9,0
DA:10,0
DA:12,0
DA:13,0
DA:26,0
DA:27,0
DA:29,0
DA:30,0
DA:31,0
DA:32,0
DA:34,0
DA:35,0
DA:37,0
DA:43,0
DA:44,0
DA:85,0
LF:23
LH:0
BRDA:13,0,0,0
BRDA:13,0,1,0
BRDA:34,1,0,0
BRDA:34,1,1,0
BRDA:34,2,0,0
BRDA:34,2,1,0
BRDA:35,3,0,0
BRDA:35,3,1,0
BRDA:39,4,0,0
BRDA:39,4,1,0
BRDA:41,5,0,0
BRDA:41,5,1,0
BRDA:41,6,0,0
BRDA:41,6,1,0
BRDA:41,7,0,0
BRDA:41,7,1,0
BRDA:41,8,0,0
BRDA:41,8,1,0
BRDA:52,9,0,0
BRDA:52,9,1,0
BRDA:58,10,0,0
BRDA:58,10,1,0
BRDA:58,11,0,0
BRDA:58,11,1,0
BRDA:59,12,0,0
BRDA:59,12,1,0
BRDA:61,13,0,0
BRDA:61,13,1,0
BRDA:74,14,0,0
BRDA:74,14,1,0
BRDA:74,15,0,0
BRDA:74,15,1,0
BRDA:74,16,0,0
BRDA:74,16,1,0
BRDA:74,17,0,0
BRDA:74,17,1,0
BRDA:74,18,0,0
BRDA:74,18,1,0
BRDA:74,19,0,0
BRDA:74,19,1,0
BRDA:74,20,0,0
BRDA:74,20,1,0
BRDA:74,21,0,0
BRDA:74,21,1,0
BRDA:74,22,0,0
BRDA:74,22,1,0
BRDA:74,23,0,0
BRDA:74,23,1,0
BRDA:75,24,0,0
BRDA:75,24,1,0
BRDA:75,25,0,0
BRDA:75,25,1,0
BRDA:75,26,0,0
BRDA:75,26,1,0
BRDA:75,27,0,0
BRDA:75,27,1,0
BRDA:78,28,0,0
BRDA:78,28,1,0
BRDA:78,29,0,0
BRDA:78,29,1,0
BRDA:78,30,0,0
BRDA:78,30,1,0
BRDA:79,31,0,0
BRDA:79,31,1,0
BRDA:79,32,0,0
BRDA:79,32,1,0
BRF:66
BRH:0
end_of_record
TN:
SF:src\widgets\ProgressSteper.tsx
FN:10,(anonymous_0)
FN:16,(anonymous_1)
FNF:2
FNH:0
FNDA:0,(anonymous_0)
FNDA:0,(anonymous_1)
DA:1,0
DA:2,0
DA:4,0
DA:10,0
DA:11,0
DA:13,0
DA:14,0
DA:16,0
DA:17,0
DA:19,0
DA:20,0
DA:23,0
DA:24,0
DA:27,0
DA:28,0
DA:31,0
DA:35,0
DA:55,0
LF:18
LH:0
BRDA:17,0,0,0
BRDA:17,0,1,0
BRDA:17,0,2,0
BRDA:17,0,3,0
BRDA:38,1,0,0
BRDA:38,1,1,0
BRDA:39,2,0,0
BRDA:39,2,1,0
BRDA:40,3,0,0
BRDA:40,3,1,0
BRF:10
BRH:0
end_of_record
TN:
SF:src\widgets\BankItem\index.ts
FN:1,(anonymous_0)
FNF:1
FNH:0
FNDA:0,(anonymous_0)
DA:1,0
LF:1
LH:0
BRF:0
BRH:0
end_of_record
TN:
SF:src\widgets\BankItem\ui\BankItem.tsx
FN:13,(anonymous_1)
FN:25,(anonymous_2)
FNF:2
FNH:0
FNDA:0,(anonymous_1)
FNDA:0,(anonymous_2)
DA:1,0
DA:2,0
DA:3,0
DA:4,0
DA:13,0
DA:14,0
DA:15,0
DA:17,0
DA:26,0
DA:27,0
LF:10
LH:0
BRDA:19,0,0,0
BRDA:19,0,1,0
BRF:2
BRH:0
end_of_record
TN:
SF:src\widgets\CardNumberForm\index.ts
FN:1,(anonymous_0)
FNF:1
FNH:0
FNDA:0,(anonymous_0)
DA:1,0
LF:1
LH:0
BRF:0
BRH:0
end_of_record
TN:
SF:src\widgets\CardNumberForm\model\services\SubmitPayerData.tsx
FN:20,(anonymous_0)
FNF:1
FNH:0
FNDA:0,(anonymous_0)
DA:1,0
DA:20,0
DA:29,0
DA:31,0
DA:33,0
DA:35,0
DA:50,0
DA:52,0
DA:63,0
DA:65,0
DA:76,0
DA:78,0
DA:81,0
DA:83,0
DA:84,0
DA:87,0
DA:88,0
DA:97,0
DA:99,0
DA:100,0
DA:103,0
LF:21
LH:0
BRDA:33,0,0,0
BRDA:33,0,1,0
BRDA:33,0,2,0
BRDA:33,0,3,0
BRDA:44,1,0,0
BRDA:44,1,1,0
BRDA:83,2,0,0
BRDA:83,2,1,0
BRDA:99,3,0,0
BRDA:99,3,1,0
BRDA:103,4,0,0
BRDA:103,4,1,0
BRF:12
BRH:0
end_of_record
TN:
SF:src\widgets\CardNumberForm\model\slice\CardNumberFormSlice.tsx
FN:34,(anonymous_0)
FN:40,(anonymous_1)
FN:41,(anonymous_2)
FN:42,(anonymous_3)
FN:43,(anonymous_4)
FN:45,(anonymous_5)
FNF:6
FNH:0
FNDA:0,(anonymous_0)
FNDA:0,(anonymous_1)
FNDA:0,(anonymous_2)
FNDA:0,(anonymous_3)
FNDA:0,(anonymous_4)
FNDA:0,(anonymous_5)
DA:1,0
DA:3,0
DA:4,0
DA:6,0
DA:34,0
DA:40,0
DA:41,0
DA:42,0
DA:43,0
DA:46,0
DA:47,0
DA:49,0
DA:51,0
LF:13
LH:0
BRDA:47,0,0,0
BRDA:47,0,1,0
BRDA:47,1,0,0
BRDA:47,1,1,0
BRDA:47,2,0,0
BRDA:47,2,1,0
BRDA:47,3,0,0
BRDA:47,3,1,0
BRDA:49,4,0,0
BRDA:49,4,1,0
BRF:10
BRH:0
end_of_record
TN:
SF:src\widgets\CardNumberForm\ui\CardNumberForm.tsx
FN:16,(anonymous_1)
FNF:1
FNH:0
FNDA:0,(anonymous_1)
DA:3,0
DA:5,0
DA:6,0
DA:7,0
DA:8,0
DA:9,0
DA:16,0
DA:17,0
DA:19,0
DA:20,0
DA:30,0
DA:32,0
DA:34,0
LF:13
LH:0
BRDA:53,0,0,0
BRDA:53,0,1,0
BRDA:70,1,0,0
BRDA:70,1,1,0
BRDA:87,2,0,0
BRDA:87,2,1,0
BRDA:90,3,0,0
BRDA:90,3,1,0
BRDA:103,4,0,0
BRDA:103,4,1,0
BRF:10
BRH:0
end_of_record
TN:
SF:src\widgets\CardNumberLast4\index.ts
FN:1,(anonymous_0)
FNF:1
FNH:0
FNDA:0,(anonymous_0)
DA:1,0
LF:1
LH:0
BRF:0
BRH:0
end_of_record
TN:
SF:src\widgets\CardNumberLast4\ui\CardNumberLast4.tsx
FN:9,(anonymous_1)
FN:14,(anonymous_2)
FN:20,(anonymous_3)
FNF:3
FNH:0
FNDA:0,(anonymous_1)
FNDA:0,(anonymous_2)
FNDA:0,(anonymous_3)
DA:1,0
DA:2,0
DA:3,0
DA:9,0
DA:10,0
DA:12,0
DA:14,0
DA:15,0
DA:17,0
DA:19,0
DA:20,0
DA:21,0
DA:22,0
DA:23,0
DA:24,0
DA:25,0
DA:27,0
DA:30,0
DA:36,0
DA:39,0
DA:52,0
LF:21
LH:0
BRDA:15,0,0,0
BRDA:15,0,1,0
BRDA:21,1,0,0
BRDA:21,1,1,0
BRDA:22,2,0,0
BRDA:22,2,1,0
BRDA:27,3,0,0
BRDA:27,3,1,0
BRDA:27,4,0,0
BRDA:27,4,1,0
BRDA:41,5,0,0
BRDA:41,5,1,0
BRF:12
BRH:0
end_of_record
TN:
SF:src\widgets\ExternalPayInfo\index.ts
FN:1,(anonymous_0)
FNF:1
FNH:0
FNDA:0,(anonymous_0)
DA:1,0
LF:1
LH:0
BRF:0
BRH:0
end_of_record
TN:
SF:src\widgets\ExternalPayInfo\ui\ExternalPayInfo.tsx
FN:9,(anonymous_1)
FNF:1
FNH:0
FNDA:0,(anonymous_1)
DA:1,0
DA:2,0
DA:3,0
DA:4,0
DA:9,0
DA:10,0
DA:11,0
DA:13,0
DA:15,0
LF:9
LH:0
BRF:0
BRH:0
end_of_record
TN:
SF:src\widgets\Footer\index.ts
FN:1,(anonymous_0)
FNF:1
FNH:0
FNDA:0,(anonymous_0)
DA:1,0
LF:1
LH:0
BRF:0
BRH:0
end_of_record
TN:
SF:src\widgets\Footer\ui\Footer.tsx
FN:19,(anonymous_1)
FN:38,(anonymous_2)
FN:49,(anonymous_3)
FN:55,(anonymous_4)
FN:73,(anonymous_5)
FN:87,(anonymous_6)
FN:93,(anonymous_7)
FN:120,(anonymous_8)
FN:151,(anonymous_9)
FN:156,(anonymous_10)
FN:160,(anonymous_11)
FN:165,(anonymous_12)
FN:190,(anonymous_13)
FN:223,(anonymous_14)
FN:241,(anonymous_15)
FNF:15
FNH:0
FNDA:0,(anonymous_1)
FNDA:0,(anonymous_2)
FNDA:0,(anonymous_3)
FNDA:0,(anonymous_4)
FNDA:0,(anonymous_5)
FNDA:0,(anonymous_6)
FNDA:0,(anonymous_7)
FNDA:0,(anonymous_8)
FNDA:0,(anonymous_9)
FNDA:0,(anonymous_10)
FNDA:0,(anonymous_11)
FNDA:0,(anonymous_12)
FNDA:0,(anonymous_13)
FNDA:0,(anonymous_14)
FNDA:0,(anonymous_15)
DA:2,0
DA:3,0
DA:4,0
DA:5,0
DA:6,0
DA:7,0
DA:9,0
DA:10,0
DA:11,0
DA:12,0
DA:13,0
DA:14,0
DA:15,0
DA:16,0
DA:17,0
DA:19,0
DA:20,0
DA:38,0
DA:52,0
DA:54,0
DA:55,0
DA:57,0
DA:58,0
DA:59,0
DA:60,0
DA:61,0
DA:63,0
DA:65,0
DA:67,0
DA:68,0
DA:69,0
DA:71,0
DA:73,0
DA:74,0
DA:75,0
DA:83,0
DA:85,0
DA:87,0
DA:88,0
DA:89,0
DA:93,0
DA:94,0
DA:95,0
DA:97,0
DA:98,0
DA:100,0
DA:101,0
DA:103,0
DA:104,0
DA:106,0
DA:107,0
DA:109,0
DA:112,0
DA:113,0
DA:114,0
DA:116,0
DA:121,0
DA:122,0
DA:124,0
DA:131,0
DA:132,0
DA:133,0
DA:135,0
DA:137,0
DA:139,0
DA:141,0
DA:142,0
DA:147,0
DA:152,0
DA:153,0
DA:157,0
DA:161,0
DA:165,0
DA:166,0
DA:170,0
DA:173,0
DA:181,0
DA:191,0
DA:192,0
DA:224,0
DA:225,0
DA:227,0
DA:228,0
DA:242,0
LF:84
LH:0
BRDA:20,0,0,0
BRDA:20,0,1,0
BRDA:40,1,0,0
BRDA:42,2,0,0
BRDA:43,3,0,0
BRDA:44,4,0,0
BRDA:45,5,0,0
BRDA:46,6,0,0
BRDA:47,7,0,0
BRDA:48,8,0,0
BRDA:49,9,0,0
BRDA:50,10,0,0
BRDA:51,11,0,0
BRDA:59,12,0,0
BRDA:59,12,1,0
BRDA:59,13,0,0
BRDA:59,13,1,0
BRDA:60,14,0,0
BRDA:60,14,1,0
BRDA:61,15,0,0
BRDA:61,15,1,0
BRDA:61,16,0,0
BRDA:61,16,1,0
BRDA:61,17,0,0
BRDA:61,17,1,0
BRDA:61,18,0,0
BRDA:61,18,1,0
BRDA:61,19,0,0
BRDA:61,19,1,0
BRDA:61,20,0,0
BRDA:61,20,1,0
BRDA:61,21,0,0
BRDA:61,21,1,0
BRDA:61,22,0,0
BRDA:61,22,1,0
BRDA:65,23,0,0
BRDA:65,23,1,0
BRDA:65,24,0,0
BRDA:65,24,1,0
BRDA:65,25,0,0
BRDA:65,25,1,0
BRDA:65,26,0,0
BRDA:65,26,1,0
BRDA:65,27,0,0
BRDA:65,27,1,0
BRDA:65,28,0,0
BRDA:65,28,1,0
BRDA:65,29,0,0
BRDA:65,29,1,0
BRDA:65,30,0,0
BRDA:65,30,1,0
BRDA:74,31,0,0
BRDA:74,31,1,0
BRDA:74,32,0,0
BRDA:74,32,1,0
BRDA:76,33,0,0
BRDA:76,33,1,0
BRDA:76,34,0,0
BRDA:76,34,1,0
BRDA:76,35,0,0
BRDA:76,35,1,0
BRDA:76,36,0,0
BRDA:76,36,1,0
BRDA:77,37,0,0
BRDA:77,37,1,0
BRDA:77,38,0,0
BRDA:77,38,1,0
BRDA:77,39,0,0
BRDA:77,39,1,0
BRDA:77,40,0,0
BRDA:77,40,1,0
BRDA:88,41,0,0
BRDA:88,41,1,0
BRDA:89,42,0,0
BRDA:89,42,1,0
BRDA:89,43,0,0
BRDA:89,43,1,0
BRDA:94,44,0,0
BRDA:94,44,1,0
BRDA:94,45,0,0
BRDA:94,45,1,0
BRDA:94,46,0,0
BRDA:94,46,1,0
BRDA:97,47,0,0
BRDA:97,47,1,0
BRDA:97,48,0,0
BRDA:97,48,1,0
BRDA:97,49,0,0
BRDA:97,49,1,0
BRDA:100,50,0,0
BRDA:100,50,1,0
BRDA:100,51,0,0
BRDA:100,51,1,0
BRDA:100,52,0,0
BRDA:100,52,1,0
BRDA:103,53,0,0
BRDA:103,53,1,0
BRDA:103,54,0,0
BRDA:103,54,1,0
BRDA:103,55,0,0
BRDA:103,55,1,0
BRDA:106,56,0,0
BRDA:106,56,1,0
BRDA:106,57,0,0
BRDA:106,57,1,0
BRDA:106,58,0,0
BRDA:106,58,1,0
BRDA:113,59,0,0
BRDA:113,59,1,0
BRDA:114,60,0,0
BRDA:114,60,1,0
BRDA:118,61,0,0
BRDA:118,61,1,0
BRDA:125,62,0,0
BRDA:125,62,1,0
BRDA:125,63,0,0
BRDA:125,63,1,0
BRDA:125,64,0,0
BRDA:125,64,1,0
BRDA:125,65,0,0
BRDA:125,65,1,0
BRDA:133,66,0,0
BRDA:133,66,1,0
BRDA:133,67,0,0
BRDA:133,67,1,0
BRDA:133,68,0,0
BRDA:133,68,1,0
BRDA:135,69,0,0
BRDA:135,69,1,0
BRDA:135,70,0,0
BRDA:135,70,1,0
BRDA:135,71,0,0
BRDA:135,71,1,0
BRDA:135,72,0,0
BRDA:135,72,1,0
BRDA:167,73,0,0
BRDA:167,73,1,0
BRDA:167,74,0,0
BRDA:167,74,1,0
BRDA:167,75,0,0
BRDA:167,75,1,0
BRDA:167,76,0,0
BRDA:167,76,1,0
BRDA:168,77,0,0
BRDA:168,77,1,0
BRDA:168,78,0,0
BRDA:168,78,1,0
BRDA:168,79,0,0
BRDA:168,79,1,0
BRDA:168,80,0,0
BRDA:168,80,1,0
BRDA:184,81,0,0
BRDA:184,81,1,0
BRDA:184,82,0,0
BRDA:184,82,1,0
BRDA:184,82,2,0
BRDA:185,83,0,0
BRDA:185,83,1,0
BRDA:187,84,0,0
BRDA:187,84,1,0
BRDA:189,85,0,0
BRDA:189,85,1,0
BRDA:189,86,0,0
BRDA:189,86,1,0
BRDA:189,87,0,0
BRDA:189,87,1,0
BRDA:189,88,0,0
BRDA:189,88,1,0
BRDA:195,89,0,0
BRDA:195,89,1,0
BRDA:195,90,0,0
BRDA:195,90,1,0
BRDA:197,91,0,0
BRDA:197,91,1,0
BRDA:197,92,0,0
BRDA:197,92,1,0
BRDA:197,93,0,0
BRDA:197,93,1,0
BRDA:197,94,0,0
BRDA:197,94,1,0
BRDA:197,95,0,0
BRDA:197,95,1,0
BRDA:203,96,0,0
BRDA:203,96,1,0
BRDA:203,97,0,0
BRDA:203,97,1,0
BRDA:203,98,0,0
BRDA:203,98,1,0
BRDA:203,99,0,0
BRDA:203,99,1,0
BRDA:203,100,0,0
BRDA:203,100,1,0
BRDA:218,101,0,0
BRDA:218,101,1,0
BRDA:222,102,0,0
BRDA:222,102,1,0
BRDA:224,103,0,0
BRDA:224,103,1,0
BRDA:233,104,0,0
BRDA:233,104,1,0
BRDA:237,105,0,0
BRDA:237,105,1,0
BRDA:244,106,0,0
BRDA:244,106,1,0
BRDA:244,107,0,0
BRDA:244,107,1,0
BRF:206
BRH:0
end_of_record
TN:
SF:src\widgets\PayInstruments\index.ts
FN:1,(anonymous_0)
FNF:1
FNH:0
FNDA:0,(anonymous_0)
DA:1,0
LF:1
LH:0
BRF:0
BRH:0
end_of_record
TN:
SF:src\widgets\PayInstruments\ui\PayInstruments.tsx
FN:10,(anonymous_1)
FN:19,(anonymous_2)
FN:27,(anonymous_3)
FN:34,(anonymous_4)
FN:39,(anonymous_5)
FN:44,(anonymous_6)
FN:54,(anonymous_7)
FNF:7
FNH:0
FNDA:0,(anonymous_1)
FNDA:0,(anonymous_2)
FNDA:0,(anonymous_3)
FNDA:0,(anonymous_4)
FNDA:0,(anonymous_5)
FNDA:0,(anonymous_6)
FNDA:0,(anonymous_7)
DA:1,0
DA:2,0
DA:3,0
DA:4,0
DA:5,0
DA:6,0
DA:7,0
DA:8,0
DA:10,0
DA:11,0
DA:19,0
DA:20,0
DA:21,0
DA:22,0
DA:25,0
DA:27,0
DA:28,0
DA:29,0
DA:32,0
DA:34,0
DA:35,0
DA:37,0
DA:38,0
DA:39,0
DA:40,0
DA:44,0
DA:45,0
DA:54,0
DA:62,0
DA:65,0
DA:67,0
LF:31
LH:0
BRDA:11,0,0,0
BRDA:11,0,1,0
BRDA:28,1,0,0
BRDA:28,1,1,0
BRDA:28,2,0,0
BRDA:28,2,1,0
BRDA:28,3,0,0
BRDA:28,3,1,0
BRDA:29,4,0,0
BRDA:29,4,1,0
BRDA:29,5,0,0
BRDA:29,5,1,0
BRDA:29,6,0,0
BRDA:29,6,1,0
BRDA:29,7,0,0
BRDA:29,7,1,0
BRDA:38,8,0,0
BRDA:38,8,1,0
BRDA:40,9,0,0
BRDA:40,9,1,0
BRDA:40,10,0,0
BRDA:40,10,1,0
BRDA:44,11,0,0
BRDA:44,11,1,0
BRDA:44,12,0,0
BRDA:44,12,1,0
BRDA:49,13,0,0
BRDA:49,13,1,0
BRDA:49,14,0,0
BRDA:49,14,1,0
BRDA:49,15,0,0
BRDA:49,15,1,0
BRDA:49,16,0,0
BRDA:49,16,1,0
BRDA:49,17,0,0
BRDA:49,17,1,0
BRDA:49,18,0,0
BRDA:49,18,1,0
BRDA:50,19,0,0
BRDA:50,19,1,0
BRDA:50,20,0,0
BRDA:50,20,1,0
BRDA:50,21,0,0
BRDA:50,21,1,0
BRDA:50,22,0,0
BRDA:50,22,1,0
BRDA:57,23,0,0
BRDA:57,23,1,0
BRDA:74,24,0,0
BRDA:74,24,1,0
BRDA:74,25,0,0
BRDA:74,25,1,0
BRDA:74,26,0,0
BRDA:74,26,1,0
BRDA:78,27,0,0
BRDA:78,27,1,0
BRF:56
BRH:0
end_of_record
TN:
SF:src\widgets\PayeeDataItem\index.ts
FN:1,(anonymous_0)
FNF:1
FNH:0
FNDA:0,(anonymous_0)
DA:1,0
LF:1
LH:0
BRF:0
BRH:0
end_of_record
TN:
SF:src\widgets\PayeeDataItem\ui\PayeeDataItem.tsx
FN:22,(anonymous_1)
FN:25,(anonymous_2)
FN:41,(anonymous_3)
FN:48,(anonymous_4)
FN:65,(anonymous_5)
FNF:5
FNH:0
FNDA:0,(anonymous_1)
FNDA:0,(anonymous_2)
FNDA:0,(anonymous_3)
FNDA:0,(anonymous_4)
FNDA:0,(anonymous_5)
DA:1,0
DA:2,0
DA:3,0
DA:4,0
DA:5,0
DA:6,0
DA:7,0
DA:22,0
DA:34,0
DA:36,0
DA:37,0
DA:39,0
DA:41,0
DA:42,0
DA:44,0
DA:45,0
DA:46,0
DA:48,0
DA:49,0
DA:53,0
DA:65,0
LF:21
LH:0
BRDA:24,0,0,0
BRDA:25,1,0,0
BRDA:26,2,0,0
BRDA:27,3,0,0
BRDA:28,4,0,0
BRDA:29,5,0,0
BRDA:30,6,0,0
BRDA:31,7,0,0
BRDA:32,8,0,0
BRDA:33,9,0,0
BRDA:44,10,0,0
BRDA:44,10,1,0
BRDA:56,11,0,0
BRDA:56,11,1,0
BRDA:61,12,0,0
BRDA:61,12,1,0
BRDA:63,13,0,0
BRDA:63,13,1,0
BRF:18
BRH:0
end_of_record
TN:
SF:src\widgets\PayeeInfo\index.ts
FN:1,(anonymous_0)
FNF:1
FNH:0
FNDA:0,(anonymous_0)
DA:1,0
LF:1
LH:0
BRF:0
BRH:0
end_of_record
TN:
SF:src\widgets\PayeeInfo\ui\PayeeInfo.tsx
FN:9,(anonymous_1)
FNF:1
FNH:0
FNDA:0,(anonymous_1)
DA:1,0
DA:9,0
DA:10,0
DA:37,0
LF:4
LH:0
BRDA:10,0,0,0
BRF:1
BRH:0
end_of_record
TN:
SF:src\widgets\SubmitModal\index.ts
FN:1,(anonymous_0)
FNF:1
FNH:0
FNDA:0,(anonymous_0)
DA:1,0
LF:1
LH:0
BRF:0
BRH:0
end_of_record
TN:
SF:src\widgets\SubmitModal\ui\SubmitModal.tsx
FN:25,(anonymous_1)
FN:32,(anonymous_2)
FN:34,(anonymous_3)
FNF:3
FNH:0
FNDA:0,(anonymous_1)
FNDA:0,(anonymous_2)
FNDA:0,(anonymous_3)
DA:2,0
DA:3,0
DA:4,0
DA:5,0
DA:6,0
DA:7,0
DA:25,0
DA:26,0
DA:27,0
DA:29,0
DA:35,0
LF:11
LH:0
BRDA:32,0,0,0
BRDA:32,0,1,0
BRDA:48,1,0,0
BRDA:48,1,1,0
BRDA:48,2,0,0
BRDA:48,2,1,0
BRDA:48,3,0,0
BRDA:48,3,1,0
BRDA:51,4,0,0
BRDA:51,4,1,0
BRDA:54,5,0,0
BRDA:54,5,1,0
BRDA:58,6,0,0
BRDA:58,6,1,0
BRDA:58,7,0,0
BRDA:58,7,1,0
BRDA:58,8,0,0
BRDA:58,8,1,0
BRF:18
BRH:0
end_of_record
TN:
SF:src\widgets\ThreeDsForm\index.ts
FN:1,(anonymous_0)
FNF:1
FNH:0
FNDA:0,(anonymous_0)
DA:1,0
LF:1
LH:0
BRF:0
BRH:0
end_of_record
TN:
SF:src\widgets\ThreeDsForm\model\services\submitForm.tsx
FN:4,(anonymous_0)
FNF:1
FNH:0
FNDA:0,(anonymous_0)
DA:1,0
DA:4,0
DA:13,0
DA:15,0
DA:16,0
DA:27,0
DA:28,0
DA:29,0
DA:31,0
DA:34,0
DA:36,0
DA:37,0
DA:38,0
DA:40,0
DA:41,0
DA:44,0
DA:45,0
LF:17
LH:0
BRDA:27,0,0,0
BRDA:27,0,1,0
BRDA:28,1,0,0
BRDA:28,1,1,0
BRDA:29,2,0,0
BRDA:29,2,1,0
BRDA:36,3,0,0
BRDA:36,3,1,0
BRDA:36,4,0,0
BRDA:36,4,1,0
BRDA:36,5,0,0
BRDA:36,5,1,0
BRDA:40,6,0,0
BRDA:40,6,1,0
BRF:14
BRH:0
end_of_record
TN:
SF:src\widgets\ThreeDsForm\model\slice\ThreeDSFormSlice.tsx
FN:7,(anonymous_0)
FN:9,(anonymous_1)
FN:10,(anonymous_2)
FNF:3
FNH:0
FNDA:0,(anonymous_0)
FNDA:0,(anonymous_1)
FNDA:0,(anonymous_2)
DA:1,0
DA:3,0
DA:4,0
DA:7,0
DA:9,0
DA:11,0
DA:13,0
DA:14,0
DA:15,0
DA:17,0
DA:19,0
DA:29,0
DA:31,0
LF:13
LH:0
BRDA:14,0,0,0
BRDA:14,0,1,0
BRDA:14,1,0,0
BRDA:14,1,1,0
BRDA:15,2,0,0
BRDA:15,2,1,0
BRDA:24,3,0,0
BRDA:24,3,1,0
BRDA:24,4,0,0
BRDA:24,4,1,0
BRDA:24,5,0,0
BRDA:24,5,1,0
BRDA:24,6,0,0
BRDA:24,6,1,0
BRDA:24,7,0,0
BRDA:24,7,1,0
BRDA:24,8,0,0
BRDA:24,8,1,0
BRF:18
BRH:0
end_of_record
TN:
SF:src\widgets\ThreeDsForm\ui\ThreeDsForm.tsx
FN:16,(anonymous_1)
FN:27,(anonymous_2)
FN:39,(anonymous_3)
FN:46,(anonymous_4)
FN:72,(anonymous_5)
FN:77,(anonymous_6)
FNF:6
FNH:0
FNDA:0,(anonymous_1)
FNDA:0,(anonymous_2)
FNDA:0,(anonymous_3)
FNDA:0,(anonymous_4)
FNDA:0,(anonymous_5)
FNDA:0,(anonymous_6)
DA:1,0
DA:2,0
DA:3,0
DA:4,0
DA:5,0
DA:6,0
DA:7,0
DA:8,0
DA:9,0
DA:10,0
DA:12,0
DA:13,0
DA:14,0
DA:16,0
DA:17,0
DA:18,0
DA:19,0
DA:20,0
DA:22,0
DA:27,0
DA:32,0
DA:39,0
DA:40,0
DA:41,0
DA:43,0
DA:46,0
DA:47,0
DA:50,0
DA:73,0
DA:78,0
DA:79,0
DA:83,0
DA:85,0
LF:33
LH:0
BRDA:78,0,0,0
BRDA:78,0,1,0
BRDA:78,1,0,0
BRDA:78,1,1,0
BRDA:94,2,0,0
BRDA:94,2,1,0
BRDA:104,3,0,0
BRDA:104,3,1,0
BRF:8
BRH:0
end_of_record
